[ 2017-12-30T20:32:28+08:00 ] ::1 /1/index.php/Home/Load/load
INFO: [ app_init ] --START--
INFO: Run Behavior\BuildLiteBehavior [ RunTime:0.000000s ]
INFO: [ app_init ] --END-- [ RunTime:0.011001s ]
INFO: [ app_begin ] --START--
INFO: Run Behavior\ReadHtmlCacheBehavior [ RunTime:0.001001s ]
INFO: [ app_begin ] --END-- [ RunTime:0.001001s ]
INFO: [ view_parse ] --START--
INFO: [ template_filter ] --START--
INFO: Run Behavior\ContentReplaceBehavior [ RunTime:0.000000s ]
INFO: [ template_filter ] --END-- [ RunTime:0.000000s ]
INFO: Run Behavior\ParseTemplateBehavior [ RunTime:0.045003s ]
INFO: [ view_parse ] --END-- [ RunTime:0.045003s ]
INFO: [ view_filter ] --START--
INFO: Run Behavior\WriteHtmlCacheBehavior [ RunTime:0.012000s ]
INFO: [ view_filter ] --END-- [ RunTime:0.012000s ]
INFO: [ app_end ] --START--
INFO: Run Behavior\ShowPageTraceBehavior [ RunTime:0.001000s ]
INFO: [ app_end ] --END-- [ RunTime:0.001000s ]

[ 2017-12-30T20:32:35+08:00 ] ::1 /1/index.php/Home/Load/load.html
INFO: [ app_init ] --START--
INFO: Run Behavior\BuildLiteBehavior [ RunTime:0.000000s ]
INFO: [ app_init ] --END-- [ RunTime:0.000000s ]
INFO: [ app_begin ] --START--
INFO: Run Behavior\ReadHtmlCacheBehavior [ RunTime:0.000000s ]
INFO: [ app_begin ] --END-- [ RunTime:0.000000s ]
SQL: SHOW COLUMNS FROM `user` [ RunTime:0.0250s ]
SQL: SELECT * FROM `user` WHERE `account` = 'zhouyi' AND `password` = '4297f44b13955235245b2497399d7a93' LIMIT 1   [ RunTime:0.0130s ]
INFO: [ view_parse ] --START--
INFO: [ template_filter ] --START--
INFO: Run Behavior\ContentReplaceBehavior [ RunTime:0.000000s ]
INFO: [ template_filter ] --END-- [ RunTime:0.000000s ]
INFO: Run Behavior\ParseTemplateBehavior [ RunTime:0.029001s ]
INFO: [ view_parse ] --END-- [ RunTime:0.029001s ]
INFO: [ view_filter ] --START--
INFO: Run Behavior\WriteHtmlCacheBehavior [ RunTime:0.000000s ]
INFO: [ view_filter ] --END-- [ RunTime:0.000000s ]
INFO: [ app_end ] --START--
INFO: Run Behavior\ShowPageTraceBehavior [ RunTime:0.001000s ]
INFO: [ app_end ] --END-- [ RunTime:0.001000s ]

[ 2017-12-30T20:32:36+08:00 ] ::1 /1/index.php/Home/User/tongzhi.html
INFO: [ app_init ] --START--
INFO: Run Behavior\BuildLiteBehavior [ RunTime:0.000000s ]
INFO: [ app_init ] --END-- [ RunTime:0.001000s ]
INFO: [ app_begin ] --START--
INFO: Run Behavior\ReadHtmlCacheBehavior [ RunTime:0.001000s ]
INFO: [ app_begin ] --END-- [ RunTime:0.001000s ]
SQL: SHOW COLUMNS FROM `zhuyi` [ RunTime:0.0350s ]
SQL: SELECT MAX(id) AS tp_max FROM `zhuyi` LIMIT 1   [ RunTime:0.0000s ]
SQL: SELECT * FROM `zhuyi` WHERE `id` = 25  [ RunTime:0.0100s ]
SQL: SELECT * FROM `zhuyi` WHERE `id` = 24  [ RunTime:0.0010s ]
SQL: SELECT * FROM `zhuyi` WHERE `id` = 23  [ RunTime:0.0000s ]
SQL: SELECT * FROM `zhuyi` WHERE `id` = 22  [ RunTime:0.0000s ]
SQL: SELECT * FROM `zhuyi` WHERE `id` = 21  [ RunTime:0.0000s ]
SQL: SELECT * FROM `zhuyi` WHERE `id` = 20  [ RunTime:0.0010s ]
INFO: [ view_parse ] --START--
INFO: [ template_filter ] --START--
INFO: Run Behavior\ContentReplaceBehavior [ RunTime:0.000000s ]
INFO: [ template_filter ] --END-- [ RunTime:0.000000s ]
NOTIC: [8] Undefined variable: examtell H:\phpStudy\WWW\1\Runtime\Cache\Home\df7321714e8b029bc710c39f76763d26.php 第 306 行.
NOTIC: [8] Undefined variable: examtell H:\phpStudy\WWW\1\Runtime\Cache\Home\df7321714e8b029bc710c39f76763d26.php 第 307 行.
NOTIC: [8] Undefined variable: userinfo H:\phpStudy\WWW\1\Runtime\Cache\Home\df7321714e8b029bc710c39f76763d26.php 第 394 行.
NOTIC: [8] Undefined variable: userinfo H:\phpStudy\WWW\1\Runtime\Cache\Home\df7321714e8b029bc710c39f76763d26.php 第 401 行.
NOTIC: [8] Undefined variable: userinfo H:\phpStudy\WWW\1\Runtime\Cache\Home\df7321714e8b029bc710c39f76763d26.php 第 408 行.
NOTIC: [8] Undefined variable: userinfo H:\phpStudy\WWW\1\Runtime\Cache\Home\df7321714e8b029bc710c39f76763d26.php 第 415 行.
NOTIC: [8] Undefined variable: userinfo H:\phpStudy\WWW\1\Runtime\Cache\Home\df7321714e8b029bc710c39f76763d26.php 第 422 行.
NOTIC: [8] Undefined variable: userinfo H:\phpStudy\WWW\1\Runtime\Cache\Home\df7321714e8b029bc710c39f76763d26.php 第 453 行.
NOTIC: [8] Undefined variable: userinfo H:\phpStudy\WWW\1\Runtime\Cache\Home\df7321714e8b029bc710c39f76763d26.php 第 490 行.
NOTIC: [8] Undefined variable: userinfo H:\phpStudy\WWW\1\Runtime\Cache\Home\df7321714e8b029bc710c39f76763d26.php 第 497 行.
NOTIC: [8] Undefined variable: userinfo H:\phpStudy\WWW\1\Runtime\Cache\Home\df7321714e8b029bc710c39f76763d26.php 第 504 行.
NOTIC: [8] Undefined variable: userinfo H:\phpStudy\WWW\1\Runtime\Cache\Home\df7321714e8b029bc710c39f76763d26.php 第 511 行.
NOTIC: [8] Undefined variable: userinfo H:\phpStudy\WWW\1\Runtime\Cache\Home\df7321714e8b029bc710c39f76763d26.php 第 518 行.
INFO: Run Behavior\ParseTemplateBehavior [ RunTime:0.051003s ]
INFO: [ view_parse ] --END-- [ RunTime:0.051003s ]
INFO: [ view_filter ] --START--
INFO: Run Behavior\WriteHtmlCacheBehavior [ RunTime:0.000000s ]
INFO: [ view_filter ] --END-- [ RunTime:0.000000s ]
INFO: [ app_end ] --START--
INFO: Run Behavior\ShowPageTraceBehavior [ RunTime:0.000000s ]
INFO: [ app_end ] --END-- [ RunTime:0.000000s ]

[ 2017-12-30T20:32:37+08:00 ] ::1 /1/index.php/Home/User/baoming.html
INFO: [ app_init ] --START--
INFO: Run Behavior\BuildLiteBehavior [ RunTime:0.000000s ]
INFO: [ app_init ] --END-- [ RunTime:0.001000s ]
INFO: [ app_begin ] --START--
INFO: Run Behavior\ReadHtmlCacheBehavior [ RunTime:0.000000s ]
INFO: [ app_begin ] --END-- [ RunTime:0.000000s ]
SQL: SHOW COLUMNS FROM `notice` [ RunTime:0.0400s ]
SQL: SELECT max(id) FROM `notice`  [ RunTime:0.0000s ]
SQL: SELECT * FROM `notice` WHERE `id` = 13  [ RunTime:0.0000s ]
SQL: SHOW COLUMNS FROM `user` [ RunTime:0.0090s ]
SQL: SELECT MAX(id) AS tp_max FROM `user` WHERE `account` = 'zhouyi' LIMIT 1   [ RunTime:0.0090s ]
SQL: SELECT * FROM `user` WHERE `id` = 811 AND `account` = 'zhouyi'  [ RunTime:0.0000s ]
NOTIC: [8] Use of undefined constant date - assumed 'date' H:\phpStudy\WWW\1\Application\Home\Controller\UserController.class.php 第 50 行.
NOTIC: [8] Use of undefined constant date - assumed 'date' H:\phpStudy\WWW\1\Application\Home\Controller\UserController.class.php 第 59 行.
NOTIC: [8] Use of undefined constant date - assumed 'date' H:\phpStudy\WWW\1\Application\Home\Controller\UserController.class.php 第 59 行.
NOTIC: [8] Use of undefined constant date - assumed 'date' H:\phpStudy\WWW\1\Application\Home\Controller\UserController.class.php 第 62 行.
NOTIC: [8] Use of undefined constant subject - assumed 'subject' H:\phpStudy\WWW\1\Application\Home\Controller\UserController.class.php 第 63 行.
NOTIC: [8] Use of undefined constant subject - assumed 'subject' H:\phpStudy\WWW\1\Application\Home\Controller\UserController.class.php 第 84 行.
NOTIC: [8] Use of undefined constant flag - assumed 'flag' H:\phpStudy\WWW\1\Application\Home\Controller\UserController.class.php 第 86 行.
NOTIC: [8] Use of undefined constant date - assumed 'date' H:\phpStudy\WWW\1\Application\Home\Controller\UserController.class.php 第 88 行.
NOTIC: [8] Use of undefined constant date - assumed 'date' H:\phpStudy\WWW\1\Application\Home\Controller\UserController.class.php 第 89 行.
INFO: [ view_parse ] --START--
INFO: [ template_filter ] --START--
INFO: Run Behavior\ContentReplaceBehavior [ RunTime:0.000000s ]
INFO: [ template_filter ] --END-- [ RunTime:0.000000s ]
NOTIC: [8] Undefined variable: examtell H:\phpStudy\WWW\1\Runtime\Cache\Home\85c15a4bfa0cca2d317beed460ec1545.php 第 306 行.
NOTIC: [8] Undefined variable: examtell H:\phpStudy\WWW\1\Runtime\Cache\Home\85c15a4bfa0cca2d317beed460ec1545.php 第 307 行.
NOTIC: [8] Undefined variable: userinfo H:\phpStudy\WWW\1\Runtime\Cache\Home\85c15a4bfa0cca2d317beed460ec1545.php 第 394 行.
NOTIC: [8] Undefined variable: userinfo H:\phpStudy\WWW\1\Runtime\Cache\Home\85c15a4bfa0cca2d317beed460ec1545.php 第 401 行.
NOTIC: [8] Undefined variable: userinfo H:\phpStudy\WWW\1\Runtime\Cache\Home\85c15a4bfa0cca2d317beed460ec1545.php 第 408 行.
NOTIC: [8] Undefined variable: userinfo H:\phpStudy\WWW\1\Runtime\Cache\Home\85c15a4bfa0cca2d317beed460ec1545.php 第 415 行.
NOTIC: [8] Undefined variable: userinfo H:\phpStudy\WWW\1\Runtime\Cache\Home\85c15a4bfa0cca2d317beed460ec1545.php 第 422 行.
NOTIC: [8] Undefined variable: userinfo H:\phpStudy\WWW\1\Runtime\Cache\Home\85c15a4bfa0cca2d317beed460ec1545.php 第 453 行.
NOTIC: [8] Undefined variable: userinfo H:\phpStudy\WWW\1\Runtime\Cache\Home\85c15a4bfa0cca2d317beed460ec1545.php 第 490 行.
NOTIC: [8] Undefined variable: userinfo H:\phpStudy\WWW\1\Runtime\Cache\Home\85c15a4bfa0cca2d317beed460ec1545.php 第 497 行.
NOTIC: [8] Undefined variable: userinfo H:\phpStudy\WWW\1\Runtime\Cache\Home\85c15a4bfa0cca2d317beed460ec1545.php 第 504 行.
NOTIC: [8] Undefined variable: userinfo H:\phpStudy\WWW\1\Runtime\Cache\Home\85c15a4bfa0cca2d317beed460ec1545.php 第 511 行.
NOTIC: [8] Undefined variable: userinfo H:\phpStudy\WWW\1\Runtime\Cache\Home\85c15a4bfa0cca2d317beed460ec1545.php 第 518 行.
INFO: Run Behavior\ParseTemplateBehavior [ RunTime:0.035002s ]
INFO: [ view_parse ] --END-- [ RunTime:0.035002s ]
INFO: [ view_filter ] --START--
INFO: Run Behavior\WriteHtmlCacheBehavior [ RunTime:0.000000s ]
INFO: [ view_filter ] --END-- [ RunTime:0.000000s ]
INFO: [ app_end ] --START--
INFO: Run Behavior\ShowPageTraceBehavior [ RunTime:0.000000s ]
INFO: [ app_end ] --END-- [ RunTime:0.000000s ]

[ 2017-12-30T20:32:40+08:00 ] ::1 /1/index.php/Home/User/hegezheng.html
INFO: [ app_init ] --START--
INFO: Run Behavior\BuildLiteBehavior [ RunTime:0.000000s ]
INFO: [ app_init ] --END-- [ RunTime:0.000000s ]
INFO: [ app_begin ] --START--
INFO: Run Behavior\ReadHtmlCacheBehavior [ RunTime:0.000000s ]
INFO: [ app_begin ] --END-- [ RunTime:0.000000s ]
INFO: [ view_parse ] --START--
INFO: [ template_filter ] --START--
INFO: Run Behavior\ContentReplaceBehavior [ RunTime:0.000000s ]
INFO: [ template_filter ] --END-- [ RunTime:0.001001s ]
NOTIC: [8] Undefined variable: examtell H:\phpStudy\WWW\1\Runtime\Cache\Home\114bc4a0da12ca107f75dc038974b2f8.php 第 306 行.
NOTIC: [8] Undefined variable: examtell H:\phpStudy\WWW\1\Runtime\Cache\Home\114bc4a0da12ca107f75dc038974b2f8.php 第 307 行.
NOTIC: [8] Undefined variable: userinfo H:\phpStudy\WWW\1\Runtime\Cache\Home\114bc4a0da12ca107f75dc038974b2f8.php 第 394 行.
NOTIC: [8] Undefined variable: userinfo H:\phpStudy\WWW\1\Runtime\Cache\Home\114bc4a0da12ca107f75dc038974b2f8.php 第 401 行.
NOTIC: [8] Undefined variable: userinfo H:\phpStudy\WWW\1\Runtime\Cache\Home\114bc4a0da12ca107f75dc038974b2f8.php 第 408 行.
NOTIC: [8] Undefined variable: userinfo H:\phpStudy\WWW\1\Runtime\Cache\Home\114bc4a0da12ca107f75dc038974b2f8.php 第 415 行.
NOTIC: [8] Undefined variable: userinfo H:\phpStudy\WWW\1\Runtime\Cache\Home\114bc4a0da12ca107f75dc038974b2f8.php 第 422 行.
NOTIC: [8] Undefined variable: userinfo H:\phpStudy\WWW\1\Runtime\Cache\Home\114bc4a0da12ca107f75dc038974b2f8.php 第 453 行.
NOTIC: [8] Undefined variable: userinfo H:\phpStudy\WWW\1\Runtime\Cache\Home\114bc4a0da12ca107f75dc038974b2f8.php 第 490 行.
NOTIC: [8] Undefined variable: userinfo H:\phpStudy\WWW\1\Runtime\Cache\Home\114bc4a0da12ca107f75dc038974b2f8.php 第 497 行.
NOTIC: [8] Undefined variable: userinfo H:\phpStudy\WWW\1\Runtime\Cache\Home\114bc4a0da12ca107f75dc038974b2f8.php 第 504 行.
NOTIC: [8] Undefined variable: userinfo H:\phpStudy\WWW\1\Runtime\Cache\Home\114bc4a0da12ca107f75dc038974b2f8.php 第 511 行.
NOTIC: [8] Undefined variable: userinfo H:\phpStudy\WWW\1\Runtime\Cache\Home\114bc4a0da12ca107f75dc038974b2f8.php 第 518 行.
INFO: Run Behavior\ParseTemplateBehavior [ RunTime:0.061003s ]
INFO: [ view_parse ] --END-- [ RunTime:0.061003s ]
INFO: [ view_filter ] --START--
INFO: Run Behavior\WriteHtmlCacheBehavior [ RunTime:0.000000s ]
INFO: [ view_filter ] --END-- [ RunTime:0.000000s ]
INFO: [ app_end ] --START--
INFO: Run Behavior\ShowPageTraceBehavior [ RunTime:0.000000s ]
INFO: [ app_end ] --END-- [ RunTime:0.000000s ]

[ 2017-12-30T20:32:41+08:00 ] ::1 /1/index.php/Home/User/printzs.html
INFO: [ app_init ] --START--
INFO: Run Behavior\BuildLiteBehavior [ RunTime:0.000000s ]
INFO: [ app_init ] --END-- [ RunTime:0.000000s ]
INFO: [ app_begin ] --START--
INFO: Run Behavior\ReadHtmlCacheBehavior [ RunTime:0.000000s ]
INFO: [ app_begin ] --END-- [ RunTime:0.000000s ]
SQL: SHOW COLUMNS FROM `user` [ RunTime:0.0030s ]
SQL: SHOW COLUMNS FROM `exam` [ RunTime:0.0300s ]
SQL: SHOW COLUMNS FROM `notice` [ RunTime:0.0030s ]
SQL: SELECT max(id) FROM `user` WHERE `account` = 'zhouyi'  [ RunTime:0.0010s ]
SQL: SELECT * FROM `user` WHERE `id` = 811  [ RunTime:0.0010s ]
NOTIC: [8] Use of undefined constant score - assumed 'score' H:\phpStudy\WWW\1\Application\Home\Controller\UserController.class.php 第 456 行.
SQL: SELECT * FROM `user` WHERE `id` = 811  [ RunTime:0.0000s ]
NOTIC: [8] Use of undefined constant date - assumed 'date' H:\phpStudy\WWW\1\Application\Home\Controller\UserController.class.php 第 457 行.
SQL: SELECT max(id) FROM `exam`  [ RunTime:0.0010s ]
SQL: SELECT max(id) FROM `notice`  [ RunTime:0.0000s ]
SQL: SELECT * FROM `user` WHERE `id` = 811  [ RunTime:0.0000s ]
SQL: SELECT * FROM `user` WHERE `id` = 811  [ RunTime:0.0010s ]
NOTIC: [8] Use of undefined constant date - assumed 'date' H:\phpStudy\WWW\1\Application\Home\Controller\UserController.class.php 第 461 行.
SQL: SELECT `subject` FROM `notice` WHERE `id` = 13  [ RunTime:0.0000s ]
SQL: SELECT * FROM `exam` WHERE `id` = 11  [ RunTime:0.0070s ]
NOTIC: [8] Use of undefined constant time - assumed 'time' H:\phpStudy\WWW\1\Application\Home\Controller\UserController.class.php 第 464 行.
SQL: SELECT `time` FROM `exam` WHERE `id` = 11  [ RunTime:0.0010s ]
NOTIC: [8] Use of undefined constant time - assumed 'time' H:\phpStudy\WWW\1\Application\Home\Controller\UserController.class.php 第 469 行.
SQL: SELECT MAX(id) AS tp_max FROM `user` WHERE `account` = 'zhouyi' LIMIT 1   [ RunTime:0.0010s ]
SQL: SELECT * FROM `user` WHERE `id` = 811  [ RunTime:0.0000s ]
SQL: SELECT * FROM `exam`  [ RunTime:0.0000s ]
NOTIC: [8] Undefined variable: other_exam H:\phpStudy\WWW\1\Application\Home\Controller\UserController.class.php 第 506 行.
INFO: [ view_parse ] --START--
INFO: [ template_filter ] --START--
INFO: Run Behavior\ContentReplaceBehavior [ RunTime:0.000000s ]
INFO: [ template_filter ] --END-- [ RunTime:0.000000s ]
INFO: Run Behavior\ParseTemplateBehavior [ RunTime:0.012001s ]
INFO: [ view_parse ] --END-- [ RunTime:0.012001s ]
INFO: [ view_filter ] --START--
INFO: Run Behavior\WriteHtmlCacheBehavior [ RunTime:0.000000s ]
INFO: [ view_filter ] --END-- [ RunTime:0.000000s ]
INFO: [ app_end ] --START--
INFO: Run Behavior\ShowPageTraceBehavior [ RunTime:0.000000s ]
INFO: [ app_end ] --END-- [ RunTime:0.000000s ]

[ 2017-12-30T22:12:25+08:00 ] 127.0.0.1 /1/index.php/Home/Load/load
INFO: [ app_init ] --START--
INFO: Run Behavior\BuildLiteBehavior [ RunTime:0.000000s ]
INFO: [ app_init ] --END-- [ RunTime:0.013001s ]
INFO: [ app_begin ] --START--
INFO: Run Behavior\ReadHtmlCacheBehavior [ RunTime:0.002000s ]
INFO: [ app_begin ] --END-- [ RunTime:0.002000s ]
INFO: [ view_parse ] --START--
INFO: [ template_filter ] --START--
INFO: Run Behavior\ContentReplaceBehavior [ RunTime:0.000000s ]
INFO: [ template_filter ] --END-- [ RunTime:0.000000s ]
INFO: Run Behavior\ParseTemplateBehavior [ RunTime:0.074004s ]
INFO: [ view_parse ] --END-- [ RunTime:0.074004s ]
INFO: [ view_filter ] --START--
INFO: Run Behavior\WriteHtmlCacheBehavior [ RunTime:0.001000s ]
INFO: [ view_filter ] --END-- [ RunTime:0.001000s ]
INFO: [ app_end ] --START--
INFO: Run Behavior\ShowPageTraceBehavior [ RunTime:0.002000s ]
INFO: [ app_end ] --END-- [ RunTime:0.002000s ]

[ 2017-12-30T22:12:34+08:00 ] ::1 /1/index.php/Home/Load/load.html
INFO: [ app_init ] --START--
INFO: Run Behavior\BuildLiteBehavior [ RunTime:0.000000s ]
INFO: [ app_init ] --END-- [ RunTime:0.000000s ]
INFO: [ app_begin ] --START--
INFO: Run Behavior\ReadHtmlCacheBehavior [ RunTime:0.001000s ]
INFO: [ app_begin ] --END-- [ RunTime:0.001000s ]
SQL: SHOW COLUMNS FROM `user` [ RunTime:0.0190s ]
SQL: SELECT * FROM `user` WHERE `account` = 'zhouyi' AND `password` = '4297f44b13955235245b2497399d7a93' LIMIT 1   [ RunTime:0.0130s ]
INFO: [ view_parse ] --START--
INFO: [ template_filter ] --START--
INFO: Run Behavior\ContentReplaceBehavior [ RunTime:0.000000s ]
INFO: [ template_filter ] --END-- [ RunTime:0.000000s ]
INFO: Run Behavior\ParseTemplateBehavior [ RunTime:0.024002s ]
INFO: [ view_parse ] --END-- [ RunTime:0.024002s ]
INFO: [ view_filter ] --START--
INFO: Run Behavior\WriteHtmlCacheBehavior [ RunTime:0.000000s ]
INFO: [ view_filter ] --END-- [ RunTime:0.000000s ]
INFO: [ app_end ] --START--
INFO: Run Behavior\ShowPageTraceBehavior [ RunTime:0.001000s ]
INFO: [ app_end ] --END-- [ RunTime:0.001000s ]

[ 2017-12-30T22:12:35+08:00 ] ::1 /1/index.php/Home/User/tongzhi.html
INFO: [ app_init ] --START--
INFO: Run Behavior\BuildLiteBehavior [ RunTime:0.000000s ]
INFO: [ app_init ] --END-- [ RunTime:0.000000s ]
INFO: [ app_begin ] --START--
INFO: Run Behavior\ReadHtmlCacheBehavior [ RunTime:0.001000s ]
INFO: [ app_begin ] --END-- [ RunTime:0.001000s ]
SQL: SHOW COLUMNS FROM `zhuyi` [ RunTime:0.0220s ]
SQL: SELECT MAX(id) AS tp_max FROM `zhuyi` LIMIT 1   [ RunTime:0.0000s ]
SQL: SELECT * FROM `zhuyi` WHERE `id` = 25  [ RunTime:0.0090s ]
SQL: SELECT * FROM `zhuyi` WHERE `id` = 24  [ RunTime:0.0000s ]
SQL: SELECT * FROM `zhuyi` WHERE `id` = 23  [ RunTime:0.0000s ]
SQL: SELECT * FROM `zhuyi` WHERE `id` = 22  [ RunTime:0.0010s ]
SQL: SELECT * FROM `zhuyi` WHERE `id` = 21  [ RunTime:0.0000s ]
SQL: SELECT * FROM `zhuyi` WHERE `id` = 20  [ RunTime:0.0010s ]
INFO: [ view_parse ] --START--
INFO: [ template_filter ] --START--
INFO: Run Behavior\ContentReplaceBehavior [ RunTime:0.000000s ]
INFO: [ template_filter ] --END-- [ RunTime:0.000000s ]
NOTIC: [8] Undefined variable: examtell H:\phpStudy\WWW\1\Runtime\Cache\Home\df7321714e8b029bc710c39f76763d26.php 第 306 行.
NOTIC: [8] Undefined variable: examtell H:\phpStudy\WWW\1\Runtime\Cache\Home\df7321714e8b029bc710c39f76763d26.php 第 307 行.
NOTIC: [8] Undefined variable: userinfo H:\phpStudy\WWW\1\Runtime\Cache\Home\df7321714e8b029bc710c39f76763d26.php 第 394 行.
NOTIC: [8] Undefined variable: userinfo H:\phpStudy\WWW\1\Runtime\Cache\Home\df7321714e8b029bc710c39f76763d26.php 第 401 行.
NOTIC: [8] Undefined variable: userinfo H:\phpStudy\WWW\1\Runtime\Cache\Home\df7321714e8b029bc710c39f76763d26.php 第 408 行.
NOTIC: [8] Undefined variable: userinfo H:\phpStudy\WWW\1\Runtime\Cache\Home\df7321714e8b029bc710c39f76763d26.php 第 415 行.
NOTIC: [8] Undefined variable: userinfo H:\phpStudy\WWW\1\Runtime\Cache\Home\df7321714e8b029bc710c39f76763d26.php 第 422 行.
NOTIC: [8] Undefined variable: userinfo H:\phpStudy\WWW\1\Runtime\Cache\Home\df7321714e8b029bc710c39f76763d26.php 第 453 行.
NOTIC: [8] Undefined variable: userinfo H:\phpStudy\WWW\1\Runtime\Cache\Home\df7321714e8b029bc710c39f76763d26.php 第 490 行.
NOTIC: [8] Undefined variable: userinfo H:\phpStudy\WWW\1\Runtime\Cache\Home\df7321714e8b029bc710c39f76763d26.php 第 497 行.
NOTIC: [8] Undefined variable: userinfo H:\phpStudy\WWW\1\Runtime\Cache\Home\df7321714e8b029bc710c39f76763d26.php 第 504 行.
NOTIC: [8] Undefined variable: userinfo H:\phpStudy\WWW\1\Runtime\Cache\Home\df7321714e8b029bc710c39f76763d26.php 第 511 行.
NOTIC: [8] Undefined variable: userinfo H:\phpStudy\WWW\1\Runtime\Cache\Home\df7321714e8b029bc710c39f76763d26.php 第 518 行.
INFO: Run Behavior\ParseTemplateBehavior [ RunTime:0.057003s ]
INFO: [ view_parse ] --END-- [ RunTime:0.057003s ]
INFO: [ view_filter ] --START--
INFO: Run Behavior\WriteHtmlCacheBehavior [ RunTime:0.000000s ]
INFO: [ view_filter ] --END-- [ RunTime:0.000000s ]
INFO: [ app_end ] --START--
INFO: Run Behavior\ShowPageTraceBehavior [ RunTime:0.000000s ]
INFO: [ app_end ] --END-- [ RunTime:0.000000s ]

[ 2017-12-30T22:12:38+08:00 ] ::1 /1/index.php/Home/User/hegezheng.html
INFO: [ app_init ] --START--
INFO: Run Behavior\BuildLiteBehavior [ RunTime:0.000000s ]
INFO: [ app_init ] --END-- [ RunTime:0.000000s ]
INFO: [ app_begin ] --START--
INFO: Run Behavior\ReadHtmlCacheBehavior [ RunTime:0.001000s ]
INFO: [ app_begin ] --END-- [ RunTime:0.001000s ]
INFO: [ view_parse ] --START--
INFO: [ template_filter ] --START--
INFO: Run Behavior\ContentReplaceBehavior [ RunTime:0.001000s ]
INFO: [ template_filter ] --END-- [ RunTime:0.001000s ]
NOTIC: [8] Undefined variable: examtell H:\phpStudy\WWW\1\Runtime\Cache\Home\114bc4a0da12ca107f75dc038974b2f8.php 第 306 行.
NOTIC: [8] Undefined variable: examtell H:\phpStudy\WWW\1\Runtime\Cache\Home\114bc4a0da12ca107f75dc038974b2f8.php 第 307 行.
NOTIC: [8] Undefined variable: userinfo H:\phpStudy\WWW\1\Runtime\Cache\Home\114bc4a0da12ca107f75dc038974b2f8.php 第 394 行.
NOTIC: [8] Undefined variable: userinfo H:\phpStudy\WWW\1\Runtime\Cache\Home\114bc4a0da12ca107f75dc038974b2f8.php 第 401 行.
NOTIC: [8] Undefined variable: userinfo H:\phpStudy\WWW\1\Runtime\Cache\Home\114bc4a0da12ca107f75dc038974b2f8.php 第 408 行.
NOTIC: [8] Undefined variable: userinfo H:\phpStudy\WWW\1\Runtime\Cache\Home\114bc4a0da12ca107f75dc038974b2f8.php 第 415 行.
NOTIC: [8] Undefined variable: userinfo H:\phpStudy\WWW\1\Runtime\Cache\Home\114bc4a0da12ca107f75dc038974b2f8.php 第 422 行.
NOTIC: [8] Undefined variable: userinfo H:\phpStudy\WWW\1\Runtime\Cache\Home\114bc4a0da12ca107f75dc038974b2f8.php 第 453 行.
NOTIC: [8] Undefined variable: userinfo H:\phpStudy\WWW\1\Runtime\Cache\Home\114bc4a0da12ca107f75dc038974b2f8.php 第 490 行.
NOTIC: [8] Undefined variable: userinfo H:\phpStudy\WWW\1\Runtime\Cache\Home\114bc4a0da12ca107f75dc038974b2f8.php 第 497 行.
NOTIC: [8] Undefined variable: userinfo H:\phpStudy\WWW\1\Runtime\Cache\Home\114bc4a0da12ca107f75dc038974b2f8.php 第 504 行.
NOTIC: [8] Undefined variable: userinfo H:\phpStudy\WWW\1\Runtime\Cache\Home\114bc4a0da12ca107f75dc038974b2f8.php 第 511 行.
NOTIC: [8] Undefined variable: userinfo H:\phpStudy\WWW\1\Runtime\Cache\Home\114bc4a0da12ca107f75dc038974b2f8.php 第 518 行.
INFO: Run Behavior\ParseTemplateBehavior [ RunTime:0.096006s ]
INFO: [ view_parse ] --END-- [ RunTime:0.096006s ]
INFO: [ view_filter ] --START--
INFO: Run Behavior\WriteHtmlCacheBehavior [ RunTime:0.000000s ]
INFO: [ view_filter ] --END-- [ RunTime:0.001000s ]
INFO: [ app_end ] --START--
INFO: Run Behavior\ShowPageTraceBehavior [ RunTime:0.002000s ]
INFO: [ app_end ] --END-- [ RunTime:0.002000s ]

[ 2017-12-30T22:12:39+08:00 ] ::1 /1/index.php/Home/User/printzs.html
INFO: [ app_init ] --START--
INFO: Run Behavior\BuildLiteBehavior [ RunTime:0.000000s ]
INFO: [ app_init ] --END-- [ RunTime:0.000000s ]
INFO: [ app_begin ] --START--
INFO: Run Behavior\ReadHtmlCacheBehavior [ RunTime:0.000000s ]
INFO: [ app_begin ] --END-- [ RunTime:0.000000s ]
SQL: SHOW COLUMNS FROM `user` [ RunTime:0.0030s ]
SQL: SHOW COLUMNS FROM `exam` [ RunTime:0.0750s ]
SQL: SHOW COLUMNS FROM `notice` [ RunTime:0.0190s ]
SQL: SELECT max(id) FROM `user` WHERE `account` = 'zhouyi'  [ RunTime:0.0100s ]
SQL: SELECT * FROM `user` WHERE `id` = 811  [ RunTime:0.0010s ]
NOTIC: [8] Use of undefined constant score - assumed 'score' H:\phpStudy\WWW\1\Application\Home\Controller\UserController.class.php 第 456 行.
SQL: SELECT * FROM `user` WHERE `id` = 811  [ RunTime:0.0010s ]
NOTIC: [8] Use of undefined constant date - assumed 'date' H:\phpStudy\WWW\1\Application\Home\Controller\UserController.class.php 第 457 行.
SQL: SELECT max(id) FROM `exam`  [ RunTime:0.0000s ]
SQL: SELECT max(id) FROM `notice`  [ RunTime:0.0000s ]
SQL: SELECT * FROM `user` WHERE `id` = 811  [ RunTime:0.0010s ]
SQL: SELECT * FROM `user` WHERE `id` = 811  [ RunTime:0.0010s ]
NOTIC: [8] Use of undefined constant date - assumed 'date' H:\phpStudy\WWW\1\Application\Home\Controller\UserController.class.php 第 461 行.
SQL: SELECT `subject` FROM `notice` WHERE `id` = 13  [ RunTime:0.0010s ]
SQL: SELECT * FROM `exam` WHERE `id` = 11  [ RunTime:0.0090s ]
NOTIC: [8] Use of undefined constant time - assumed 'time' H:\phpStudy\WWW\1\Application\Home\Controller\UserController.class.php 第 464 行.
SQL: SELECT `time` FROM `exam` WHERE `id` = 11  [ RunTime:0.0010s ]
NOTIC: [8] Use of undefined constant time - assumed 'time' H:\phpStudy\WWW\1\Application\Home\Controller\UserController.class.php 第 469 行.
SQL: SELECT MAX(id) AS tp_max FROM `user` WHERE `account` = 'zhouyi' LIMIT 1   [ RunTime:0.0030s ]
SQL: SELECT * FROM `user` WHERE `id` = 811  [ RunTime:0.0010s ]
SQL: SELECT * FROM `exam`  [ RunTime:0.0010s ]
NOTIC: [8] Undefined variable: other_exam H:\phpStudy\WWW\1\Application\Home\Controller\UserController.class.php 第 506 行.
INFO: [ view_parse ] --START--
INFO: [ template_filter ] --START--
INFO: Run Behavior\ContentReplaceBehavior [ RunTime:0.000000s ]
INFO: [ template_filter ] --END-- [ RunTime:0.001000s ]
INFO: Run Behavior\ParseTemplateBehavior [ RunTime:0.026002s ]
INFO: [ view_parse ] --END-- [ RunTime:0.026002s ]
INFO: [ view_filter ] --START--
INFO: Run Behavior\WriteHtmlCacheBehavior [ RunTime:0.000000s ]
INFO: [ view_filter ] --END-- [ RunTime:0.000000s ]
INFO: [ app_end ] --START--
INFO: Run Behavior\ShowPageTraceBehavior [ RunTime:0.001000s ]
INFO: [ app_end ] --END-- [ RunTime:0.001000s ]

[ 2017-12-30T22:30:10+08:00 ] ::1 /1/index.php/Home/Load/load
INFO: [ app_init ] --START--
INFO: Run Behavior\BuildLiteBehavior [ RunTime:0.000000s ]
INFO: [ app_init ] --END-- [ RunTime:0.000000s ]
INFO: [ app_begin ] --START--
INFO: Run Behavior\ReadHtmlCacheBehavior [ RunTime:0.001000s ]
INFO: [ app_begin ] --END-- [ RunTime:0.001000s ]
INFO: [ view_parse ] --START--
INFO: [ template_filter ] --START--
INFO: Run Behavior\ContentReplaceBehavior [ RunTime:0.000000s ]
INFO: [ template_filter ] --END-- [ RunTime:0.000000s ]
INFO: Run Behavior\ParseTemplateBehavior [ RunTime:0.004000s ]
INFO: [ view_parse ] --END-- [ RunTime:0.004000s ]
INFO: [ view_filter ] --START--
INFO: Run Behavior\WriteHtmlCacheBehavior [ RunTime:0.000000s ]
INFO: [ view_filter ] --END-- [ RunTime:0.000000s ]
INFO: [ app_end ] --START--
INFO: Run Behavior\ShowPageTraceBehavior [ RunTime:0.001000s ]
INFO: [ app_end ] --END-- [ RunTime:0.001000s ]

[ 2017-12-30T22:30:17+08:00 ] ::1 /1/index.php/Home/Load/load.html
INFO: [ app_init ] --START--
INFO: Run Behavior\BuildLiteBehavior [ RunTime:0.000000s ]
INFO: [ app_init ] --END-- [ RunTime:0.000000s ]
INFO: [ app_begin ] --START--
INFO: Run Behavior\ReadHtmlCacheBehavior [ RunTime:0.000000s ]
INFO: [ app_begin ] --END-- [ RunTime:0.000000s ]
SQL: SHOW COLUMNS FROM `user` [ RunTime:0.0040s ]
SQL: SELECT * FROM `user` WHERE `account` = 'zhouyi' AND `password` = '4297f44b13955235245b2497399d7a93' LIMIT 1   [ RunTime:0.0010s ]
INFO: [ view_parse ] --START--
INFO: [ template_filter ] --START--
INFO: Run Behavior\ContentReplaceBehavior [ RunTime:0.000000s ]
INFO: [ template_filter ] --END-- [ RunTime:0.000000s ]
INFO: Run Behavior\ParseTemplateBehavior [ RunTime:0.006000s ]
INFO: [ view_parse ] --END-- [ RunTime:0.006000s ]
INFO: [ view_filter ] --START--
INFO: Run Behavior\WriteHtmlCacheBehavior [ RunTime:0.000000s ]
INFO: [ view_filter ] --END-- [ RunTime:0.000000s ]
INFO: [ app_end ] --START--
INFO: Run Behavior\ShowPageTraceBehavior [ RunTime:0.001000s ]
INFO: [ app_end ] --END-- [ RunTime:0.001000s ]

[ 2017-12-30T22:30:19+08:00 ] ::1 /1/index.php/Home/User/tongzhi.html
INFO: [ app_init ] --START--
INFO: Run Behavior\BuildLiteBehavior [ RunTime:0.000000s ]
INFO: [ app_init ] --END-- [ RunTime:0.001000s ]
INFO: [ app_begin ] --START--
INFO: Run Behavior\ReadHtmlCacheBehavior [ RunTime:0.000000s ]
INFO: [ app_begin ] --END-- [ RunTime:0.000000s ]
SQL: SHOW COLUMNS FROM `zhuyi` [ RunTime:0.0040s ]
SQL: SELECT MAX(id) AS tp_max FROM `zhuyi` LIMIT 1   [ RunTime:0.0000s ]
SQL: SELECT * FROM `zhuyi` WHERE `id` = 25  [ RunTime:0.0000s ]
SQL: SELECT * FROM `zhuyi` WHERE `id` = 24  [ RunTime:0.0000s ]
SQL: SELECT * FROM `zhuyi` WHERE `id` = 23  [ RunTime:0.0000s ]
SQL: SELECT * FROM `zhuyi` WHERE `id` = 22  [ RunTime:0.0000s ]
SQL: SELECT * FROM `zhuyi` WHERE `id` = 21  [ RunTime:0.0000s ]
SQL: SELECT * FROM `zhuyi` WHERE `id` = 20  [ RunTime:0.0010s ]
INFO: [ view_parse ] --START--
INFO: [ template_filter ] --START--
INFO: Run Behavior\ContentReplaceBehavior [ RunTime:0.000000s ]
INFO: [ template_filter ] --END-- [ RunTime:0.001000s ]
NOTIC: [8] Undefined variable: examtell H:\phpStudy\WWW\1\Runtime\Cache\Home\df7321714e8b029bc710c39f76763d26.php 第 306 行.
NOTIC: [8] Undefined variable: examtell H:\phpStudy\WWW\1\Runtime\Cache\Home\df7321714e8b029bc710c39f76763d26.php 第 307 行.
NOTIC: [8] Undefined variable: userinfo H:\phpStudy\WWW\1\Runtime\Cache\Home\df7321714e8b029bc710c39f76763d26.php 第 394 行.
NOTIC: [8] Undefined variable: userinfo H:\phpStudy\WWW\1\Runtime\Cache\Home\df7321714e8b029bc710c39f76763d26.php 第 401 行.
NOTIC: [8] Undefined variable: userinfo H:\phpStudy\WWW\1\Runtime\Cache\Home\df7321714e8b029bc710c39f76763d26.php 第 408 行.
NOTIC: [8] Undefined variable: userinfo H:\phpStudy\WWW\1\Runtime\Cache\Home\df7321714e8b029bc710c39f76763d26.php 第 415 行.
NOTIC: [8] Undefined variable: userinfo H:\phpStudy\WWW\1\Runtime\Cache\Home\df7321714e8b029bc710c39f76763d26.php 第 422 行.
NOTIC: [8] Undefined variable: userinfo H:\phpStudy\WWW\1\Runtime\Cache\Home\df7321714e8b029bc710c39f76763d26.php 第 453 行.
NOTIC: [8] Undefined variable: userinfo H:\phpStudy\WWW\1\Runtime\Cache\Home\df7321714e8b029bc710c39f76763d26.php 第 490 行.
NOTIC: [8] Undefined variable: userinfo H:\phpStudy\WWW\1\Runtime\Cache\Home\df7321714e8b029bc710c39f76763d26.php 第 497 行.
NOTIC: [8] Undefined variable: userinfo H:\phpStudy\WWW\1\Runtime\Cache\Home\df7321714e8b029bc710c39f76763d26.php 第 504 行.
NOTIC: [8] Undefined variable: userinfo H:\phpStudy\WWW\1\Runtime\Cache\Home\df7321714e8b029bc710c39f76763d26.php 第 511 行.
NOTIC: [8] Undefined variable: userinfo H:\phpStudy\WWW\1\Runtime\Cache\Home\df7321714e8b029bc710c39f76763d26.php 第 518 行.
INFO: Run Behavior\ParseTemplateBehavior [ RunTime:0.027001s ]
INFO: [ view_parse ] --END-- [ RunTime:0.027001s ]
INFO: [ view_filter ] --START--
INFO: Run Behavior\WriteHtmlCacheBehavior [ RunTime:0.000000s ]
INFO: [ view_filter ] --END-- [ RunTime:0.000000s ]
INFO: [ app_end ] --START--
INFO: Run Behavior\ShowPageTraceBehavior [ RunTime:0.001000s ]
INFO: [ app_end ] --END-- [ RunTime:0.001000s ]

[ 2017-12-30T22:30:20+08:00 ] ::1 /1/index.php/Home/User/hegezheng.html
INFO: [ app_init ] --START--
INFO: Run Behavior\BuildLiteBehavior [ RunTime:0.000000s ]
INFO: [ app_init ] --END-- [ RunTime:0.001000s ]
INFO: [ app_begin ] --START--
INFO: Run Behavior\ReadHtmlCacheBehavior [ RunTime:0.001000s ]
INFO: [ app_begin ] --END-- [ RunTime:0.001000s ]
INFO: [ view_parse ] --START--
INFO: [ template_filter ] --START--
INFO: Run Behavior\ContentReplaceBehavior [ RunTime:0.000000s ]
INFO: [ template_filter ] --END-- [ RunTime:0.000000s ]
NOTIC: [8] Undefined variable: examtell H:\phpStudy\WWW\1\Runtime\Cache\Home\114bc4a0da12ca107f75dc038974b2f8.php 第 306 行.
NOTIC: [8] Undefined variable: examtell H:\phpStudy\WWW\1\Runtime\Cache\Home\114bc4a0da12ca107f75dc038974b2f8.php 第 307 行.
NOTIC: [8] Undefined variable: userinfo H:\phpStudy\WWW\1\Runtime\Cache\Home\114bc4a0da12ca107f75dc038974b2f8.php 第 394 行.
NOTIC: [8] Undefined variable: userinfo H:\phpStudy\WWW\1\Runtime\Cache\Home\114bc4a0da12ca107f75dc038974b2f8.php 第 401 行.
NOTIC: [8] Undefined variable: userinfo H:\phpStudy\WWW\1\Runtime\Cache\Home\114bc4a0da12ca107f75dc038974b2f8.php 第 408 行.
NOTIC: [8] Undefined variable: userinfo H:\phpStudy\WWW\1\Runtime\Cache\Home\114bc4a0da12ca107f75dc038974b2f8.php 第 415 行.
NOTIC: [8] Undefined variable: userinfo H:\phpStudy\WWW\1\Runtime\Cache\Home\114bc4a0da12ca107f75dc038974b2f8.php 第 422 行.
NOTIC: [8] Undefined variable: userinfo H:\phpStudy\WWW\1\Runtime\Cache\Home\114bc4a0da12ca107f75dc038974b2f8.php 第 453 行.
NOTIC: [8] Undefined variable: userinfo H:\phpStudy\WWW\1\Runtime\Cache\Home\114bc4a0da12ca107f75dc038974b2f8.php 第 490 行.
NOTIC: [8] Undefined variable: userinfo H:\phpStudy\WWW\1\Runtime\Cache\Home\114bc4a0da12ca107f75dc038974b2f8.php 第 497 行.
NOTIC: [8] Undefined variable: userinfo H:\phpStudy\WWW\1\Runtime\Cache\Home\114bc4a0da12ca107f75dc038974b2f8.php 第 504 行.
NOTIC: [8] Undefined variable: userinfo H:\phpStudy\WWW\1\Runtime\Cache\Home\114bc4a0da12ca107f75dc038974b2f8.php 第 511 行.
NOTIC: [8] Undefined variable: userinfo H:\phpStudy\WWW\1\Runtime\Cache\Home\114bc4a0da12ca107f75dc038974b2f8.php 第 518 行.
INFO: Run Behavior\ParseTemplateBehavior [ RunTime:0.021002s ]
INFO: [ view_parse ] --END-- [ RunTime:0.021002s ]
INFO: [ view_filter ] --START--
INFO: Run Behavior\WriteHtmlCacheBehavior [ RunTime:0.001000s ]
INFO: [ view_filter ] --END-- [ RunTime:0.001000s ]
INFO: [ app_end ] --START--
INFO: Run Behavior\ShowPageTraceBehavior [ RunTime:0.000000s ]
INFO: [ app_end ] --END-- [ RunTime:0.000000s ]

[ 2017-12-30T22:30:21+08:00 ] ::1 /1/index.php/Home/User/printzs.html
INFO: [ app_init ] --START--
INFO: Run Behavior\BuildLiteBehavior [ RunTime:0.000000s ]
INFO: [ app_init ] --END-- [ RunTime:0.000000s ]
INFO: [ app_begin ] --START--
INFO: Run Behavior\ReadHtmlCacheBehavior [ RunTime:0.001000s ]
INFO: [ app_begin ] --END-- [ RunTime:0.001000s ]
SQL: SHOW COLUMNS FROM `user` [ RunTime:0.0030s ]
SQL: SHOW COLUMNS FROM `exam` [ RunTime:0.0030s ]
SQL: SHOW COLUMNS FROM `notice` [ RunTime:0.0030s ]
SQL: SELECT max(id) FROM `user` WHERE `account` = 'zhouyi'  [ RunTime:0.0020s ]
SQL: SELECT * FROM `user` WHERE `id` = 811  [ RunTime:0.0000s ]
NOTIC: [8] Use of undefined constant score - assumed 'score' H:\phpStudy\WWW\1\Application\Home\Controller\UserController.class.php 第 456 行.
SQL: SELECT * FROM `user` WHERE `id` = 811  [ RunTime:0.0010s ]
NOTIC: [8] Use of undefined constant date - assumed 'date' H:\phpStudy\WWW\1\Application\Home\Controller\UserController.class.php 第 457 行.
SQL: SELECT max(id) FROM `exam`  [ RunTime:0.0000s ]
SQL: SELECT max(id) FROM `notice`  [ RunTime:0.0000s ]
SQL: SELECT * FROM `user` WHERE `id` = 811  [ RunTime:0.0010s ]
SQL: SELECT * FROM `user` WHERE `id` = 811  [ RunTime:0.0000s ]
NOTIC: [8] Use of undefined constant date - assumed 'date' H:\phpStudy\WWW\1\Application\Home\Controller\UserController.class.php 第 461 行.
SQL: SELECT `subject` FROM `notice` WHERE `id` = 13  [ RunTime:0.0000s ]
SQL: SELECT * FROM `exam` WHERE `id` = 11  [ RunTime:0.0010s ]
NOTIC: [8] Use of undefined constant time - assumed 'time' H:\phpStudy\WWW\1\Application\Home\Controller\UserController.class.php 第 464 行.
SQL: SELECT `time` FROM `exam` WHERE `id` = 11  [ RunTime:0.0000s ]
NOTIC: [8] Use of undefined constant time - assumed 'time' H:\phpStudy\WWW\1\Application\Home\Controller\UserController.class.php 第 469 行.
SQL: SELECT MAX(id) AS tp_max FROM `user` WHERE `account` = 'zhouyi' LIMIT 1   [ RunTime:0.0010s ]
SQL: SELECT * FROM `user` WHERE `id` = 811  [ RunTime:0.0000s ]
SQL: SELECT * FROM `exam`  [ RunTime:0.0000s ]
NOTIC: [8] Undefined variable: other_exam H:\phpStudy\WWW\1\Application\Home\Controller\UserController.class.php 第 506 行.
INFO: [ view_parse ] --START--
INFO: [ template_filter ] --START--
INFO: Run Behavior\ContentReplaceBehavior [ RunTime:0.000000s ]
INFO: [ template_filter ] --END-- [ RunTime:0.000000s ]
INFO: Run Behavior\ParseTemplateBehavior [ RunTime:0.004000s ]
INFO: [ view_parse ] --END-- [ RunTime:0.004000s ]
INFO: [ view_filter ] --START--
INFO: Run Behavior\WriteHtmlCacheBehavior [ RunTime:0.000000s ]
INFO: [ view_filter ] --END-- [ RunTime:0.000000s ]
INFO: [ app_end ] --START--
INFO: Run Behavior\ShowPageTraceBehavior [ RunTime:0.001000s ]
INFO: [ app_end ] --END-- [ RunTime:0.001000s ]

[ 2017-12-30T22:33:12+08:00 ] 127.0.0.1 /1/index.php/Home/User/printzs.html
INFO: [ app_init ] --START--
INFO: Run Behavior\BuildLiteBehavior [ RunTime:0.000000s ]
INFO: [ app_init ] --END-- [ RunTime:0.001000s ]
INFO: [ app_begin ] --START--
INFO: Run Behavior\ReadHtmlCacheBehavior [ RunTime:0.001000s ]
INFO: [ app_begin ] --END-- [ RunTime:0.001000s ]
INFO: [ view_parse ] --START--
INFO: [ template_filter ] --START--
INFO: Run Behavior\ContentReplaceBehavior [ RunTime:0.000000s ]
INFO: [ template_filter ] --END-- [ RunTime:0.000000s ]
INFO: Run Behavior\ParseTemplateBehavior [ RunTime:0.004000s ]
INFO: [ view_parse ] --END-- [ RunTime:0.004000s ]
INFO: [ view_filter ] --START--
INFO: Run Behavior\WriteHtmlCacheBehavior [ RunTime:0.000000s ]
INFO: [ view_filter ] --END-- [ RunTime:0.000000s ]

[ 2017-12-30T22:33:16+08:00 ] 127.0.0.1 /1/index.php/Home/User/printzs.html
INFO: [ app_init ] --START--
INFO: Run Behavior\BuildLiteBehavior [ RunTime:0.000000s ]
INFO: [ app_init ] --END-- [ RunTime:0.000000s ]
INFO: [ app_begin ] --START--
INFO: Run Behavior\ReadHtmlCacheBehavior [ RunTime:0.000000s ]
INFO: [ app_begin ] --END-- [ RunTime:0.000000s ]
INFO: [ view_parse ] --START--
INFO: [ template_filter ] --START--
INFO: Run Behavior\ContentReplaceBehavior [ RunTime:0.000000s ]
INFO: [ template_filter ] --END-- [ RunTime:0.001000s ]
INFO: Run Behavior\ParseTemplateBehavior [ RunTime:0.004000s ]
INFO: [ view_parse ] --END-- [ RunTime:0.004000s ]
INFO: [ view_filter ] --START--
INFO: Run Behavior\WriteHtmlCacheBehavior [ RunTime:0.001000s ]
INFO: [ view_filter ] --END-- [ RunTime:0.001000s ]

[ 2017-12-30T22:33:20+08:00 ] 127.0.0.1 /1/index.php/Home/User/printzs.html
INFO: [ app_init ] --START--
INFO: Run Behavior\BuildLiteBehavior [ RunTime:0.000000s ]
INFO: [ app_init ] --END-- [ RunTime:0.000000s ]
INFO: [ app_begin ] --START--
INFO: Run Behavior\ReadHtmlCacheBehavior [ RunTime:0.000000s ]
INFO: [ app_begin ] --END-- [ RunTime:0.001000s ]
INFO: [ view_parse ] --START--
INFO: [ template_filter ] --START--
INFO: Run Behavior\ContentReplaceBehavior [ RunTime:0.000000s ]
INFO: [ template_filter ] --END-- [ RunTime:0.000000s ]
INFO: Run Behavior\ParseTemplateBehavior [ RunTime:0.005000s ]
INFO: [ view_parse ] --END-- [ RunTime:0.005000s ]
INFO: [ view_filter ] --START--
INFO: Run Behavior\WriteHtmlCacheBehavior [ RunTime:0.000000s ]
INFO: [ view_filter ] --END-- [ RunTime:0.000000s ]

[ 2017-12-30T22:33:22+08:00 ] 127.0.0.1 /1/index.php/Home/Load/load.html
INFO: [ app_init ] --START--
INFO: Run Behavior\BuildLiteBehavior [ RunTime:0.000000s ]
INFO: [ app_init ] --END-- [ RunTime:0.001000s ]
INFO: [ app_begin ] --START--
INFO: Run Behavior\ReadHtmlCacheBehavior [ RunTime:0.001000s ]
INFO: [ app_begin ] --END-- [ RunTime:0.001000s ]
INFO: [ view_parse ] --START--
INFO: [ template_filter ] --START--
INFO: Run Behavior\ContentReplaceBehavior [ RunTime:0.000000s ]
INFO: [ template_filter ] --END-- [ RunTime:0.000000s ]
INFO: Run Behavior\ParseTemplateBehavior [ RunTime:0.007001s ]
INFO: [ view_parse ] --END-- [ RunTime:0.007001s ]
INFO: [ view_filter ] --START--
INFO: Run Behavior\WriteHtmlCacheBehavior [ RunTime:0.001000s ]
INFO: [ view_filter ] --END-- [ RunTime:0.001000s ]
INFO: [ app_end ] --START--
INFO: Run Behavior\ShowPageTraceBehavior [ RunTime:0.000000s ]
INFO: [ app_end ] --END-- [ RunTime:0.001000s ]

[ 2017-12-30T22:33:31+08:00 ] 127.0.0.1 /1/index.php/Home/Load/load.html
INFO: [ app_init ] --START--
INFO: Run Behavior\BuildLiteBehavior [ RunTime:0.000000s ]
INFO: [ app_init ] --END-- [ RunTime:0.000000s ]
INFO: [ app_begin ] --START--
INFO: Run Behavior\ReadHtmlCacheBehavior [ RunTime:0.000000s ]
INFO: [ app_begin ] --END-- [ RunTime:0.000000s ]
SQL: SHOW COLUMNS FROM `user` [ RunTime:0.0030s ]
SQL: SELECT * FROM `user` WHERE `account` = 'zhouyi' AND `password` = '4297f44b13955235245b2497399d7a93' LIMIT 1   [ RunTime:0.0010s ]
INFO: [ view_parse ] --START--
INFO: [ template_filter ] --START--
INFO: Run Behavior\ContentReplaceBehavior [ RunTime:0.000000s ]
INFO: [ template_filter ] --END-- [ RunTime:0.000000s ]
INFO: Run Behavior\ParseTemplateBehavior [ RunTime:0.004000s ]
INFO: [ view_parse ] --END-- [ RunTime:0.004000s ]
INFO: [ view_filter ] --START--
INFO: Run Behavior\WriteHtmlCacheBehavior [ RunTime:0.000000s ]
INFO: [ view_filter ] --END-- [ RunTime:0.000000s ]
INFO: [ app_end ] --START--
INFO: Run Behavior\ShowPageTraceBehavior [ RunTime:0.001000s ]
INFO: [ app_end ] --END-- [ RunTime:0.001000s ]

[ 2017-12-30T22:33:32+08:00 ] 127.0.0.1 /1/index.php/Home/User/tongzhi.html
INFO: [ app_init ] --START--
INFO: Run Behavior\BuildLiteBehavior [ RunTime:0.000000s ]
INFO: [ app_init ] --END-- [ RunTime:0.001000s ]
INFO: [ app_begin ] --START--
INFO: Run Behavior\ReadHtmlCacheBehavior [ RunTime:0.001000s ]
INFO: [ app_begin ] --END-- [ RunTime:0.001000s ]
SQL: SHOW COLUMNS FROM `zhuyi` [ RunTime:0.0030s ]
SQL: SELECT MAX(id) AS tp_max FROM `zhuyi` LIMIT 1   [ RunTime:0.0000s ]
SQL: SELECT * FROM `zhuyi` WHERE `id` = 25  [ RunTime:0.0010s ]
SQL: SELECT * FROM `zhuyi` WHERE `id` = 24  [ RunTime:0.0000s ]
SQL: SELECT * FROM `zhuyi` WHERE `id` = 23  [ RunTime:0.0000s ]
SQL: SELECT * FROM `zhuyi` WHERE `id` = 22  [ RunTime:0.0000s ]
SQL: SELECT * FROM `zhuyi` WHERE `id` = 21  [ RunTime:0.0000s ]
SQL: SELECT * FROM `zhuyi` WHERE `id` = 20  [ RunTime:0.0000s ]
INFO: [ view_parse ] --START--
INFO: [ template_filter ] --START--
INFO: Run Behavior\ContentReplaceBehavior [ RunTime:0.000000s ]
INFO: [ template_filter ] --END-- [ RunTime:0.000000s ]
NOTIC: [8] Undefined variable: examtell H:\phpStudy\WWW\1\Runtime\Cache\Home\df7321714e8b029bc710c39f76763d26.php 第 306 行.
NOTIC: [8] Undefined variable: examtell H:\phpStudy\WWW\1\Runtime\Cache\Home\df7321714e8b029bc710c39f76763d26.php 第 307 行.
NOTIC: [8] Undefined variable: userinfo H:\phpStudy\WWW\1\Runtime\Cache\Home\df7321714e8b029bc710c39f76763d26.php 第 394 行.
NOTIC: [8] Undefined variable: userinfo H:\phpStudy\WWW\1\Runtime\Cache\Home\df7321714e8b029bc710c39f76763d26.php 第 401 行.
NOTIC: [8] Undefined variable: userinfo H:\phpStudy\WWW\1\Runtime\Cache\Home\df7321714e8b029bc710c39f76763d26.php 第 408 行.
NOTIC: [8] Undefined variable: userinfo H:\phpStudy\WWW\1\Runtime\Cache\Home\df7321714e8b029bc710c39f76763d26.php 第 415 行.
NOTIC: [8] Undefined variable: userinfo H:\phpStudy\WWW\1\Runtime\Cache\Home\df7321714e8b029bc710c39f76763d26.php 第 422 行.
NOTIC: [8] Undefined variable: userinfo H:\phpStudy\WWW\1\Runtime\Cache\Home\df7321714e8b029bc710c39f76763d26.php 第 453 行.
NOTIC: [8] Undefined variable: userinfo H:\phpStudy\WWW\1\Runtime\Cache\Home\df7321714e8b029bc710c39f76763d26.php 第 490 行.
NOTIC: [8] Undefined variable: userinfo H:\phpStudy\WWW\1\Runtime\Cache\Home\df7321714e8b029bc710c39f76763d26.php 第 497 行.
NOTIC: [8] Undefined variable: userinfo H:\phpStudy\WWW\1\Runtime\Cache\Home\df7321714e8b029bc710c39f76763d26.php 第 504 行.
NOTIC: [8] Undefined variable: userinfo H:\phpStudy\WWW\1\Runtime\Cache\Home\df7321714e8b029bc710c39f76763d26.php 第 511 行.
NOTIC: [8] Undefined variable: userinfo H:\phpStudy\WWW\1\Runtime\Cache\Home\df7321714e8b029bc710c39f76763d26.php 第 518 行.
INFO: Run Behavior\ParseTemplateBehavior [ RunTime:0.017001s ]
INFO: [ view_parse ] --END-- [ RunTime:0.017001s ]
INFO: [ view_filter ] --START--
INFO: Run Behavior\WriteHtmlCacheBehavior [ RunTime:0.001000s ]
INFO: [ view_filter ] --END-- [ RunTime:0.001000s ]
INFO: [ app_end ] --START--
INFO: Run Behavior\ShowPageTraceBehavior [ RunTime:0.001000s ]
INFO: [ app_end ] --END-- [ RunTime:0.001000s ]

[ 2017-12-30T22:33:33+08:00 ] 127.0.0.1 /1/index.php/Home/User/shenhe.html
INFO: [ app_init ] --START--
INFO: Run Behavior\BuildLiteBehavior [ RunTime:0.000000s ]
INFO: [ app_init ] --END-- [ RunTime:0.000000s ]
INFO: [ app_begin ] --START--
INFO: Run Behavior\ReadHtmlCacheBehavior [ RunTime:0.001000s ]
INFO: [ app_begin ] --END-- [ RunTime:0.001000s ]
SQL: SHOW COLUMNS FROM `user` [ RunTime:0.0030s ]
SQL: SHOW COLUMNS FROM `notice` [ RunTime:0.0030s ]
SQL: SELECT MAX(id) AS tp_max FROM `user` WHERE `account` = 'zhouyi' LIMIT 1   [ RunTime:0.0010s ]
SQL: SELECT MAX(id) AS tp_max FROM `notice` LIMIT 1   [ RunTime:0.0000s ]
SQL: SELECT `date` FROM `notice` WHERE `id` = 13  [ RunTime:0.0000s ]
NOTIC: [8] Use of undefined constant date - assumed 'date' H:\phpStudy\WWW\1\Application\Home\Controller\UserController.class.php 第 198 行.
SQL: SELECT `subject` FROM `notice` WHERE `id` = 13  [ RunTime:0.0000s ]
NOTIC: [8] Use of undefined constant subject - assumed 'subject' H:\phpStudy\WWW\1\Application\Home\Controller\UserController.class.php 第 199 行.
SQL: SELECT `pass` FROM `user` WHERE `id` = 811  [ RunTime:0.0000s ]
NOTIC: [8] Use of undefined constant pass - assumed 'pass' H:\phpStudy\WWW\1\Application\Home\Controller\UserController.class.php 第 200 行.
SQL: SELECT `reason` FROM `user` WHERE `id` = 811  [ RunTime:0.0000s ]
NOTIC: [8] Use of undefined constant reason - assumed 'reason' H:\phpStudy\WWW\1\Application\Home\Controller\UserController.class.php 第 201 行.
NOTIC: [8] Undefined index: upload1 H:\phpStudy\WWW\1\Application\Home\Controller\UserController.class.php 第 221 行.
NOTIC: [8] Undefined index: upload2 H:\phpStudy\WWW\1\Application\Home\Controller\UserController.class.php 第 225 行.
NOTIC: [8] Undefined index: upload3 H:\phpStudy\WWW\1\Application\Home\Controller\UserController.class.php 第 229 行.
NOTIC: [8] Undefined index: upload4 H:\phpStudy\WWW\1\Application\Home\Controller\UserController.class.php 第 233 行.
NOTIC: [8] Undefined index: upload5 H:\phpStudy\WWW\1\Application\Home\Controller\UserController.class.php 第 237 行.
NOTIC: [8] Undefined index: upload6 H:\phpStudy\WWW\1\Application\Home\Controller\UserController.class.php 第 241 行.
NOTIC: [8] Undefined variable: info H:\phpStudy\WWW\1\Application\Home\Controller\UserController.class.php 第 245 行.
NOTIC: [2] Invalid argument supplied for foreach() H:\phpStudy\WWW\1\Application\Home\Controller\UserController.class.php 第 245 行.
NOTIC: [8] Undefined variable: bigimg H:\phpStudy\WWW\1\Application\Home\Controller\UserController.class.php 第 250 行.
SQL: UPDATE `user` SET `path`=NULL WHERE `id` = 811 [ RunTime:0.0000s ]
INFO: [ view_parse ] --START--
INFO: [ template_filter ] --START--
INFO: Run Behavior\ContentReplaceBehavior [ RunTime:0.000000s ]
INFO: [ template_filter ] --END-- [ RunTime:0.000000s ]
NOTIC: [8] Undefined variable: examtell H:\phpStudy\WWW\1\Runtime\Cache\Home\3400d5118ed3d47597584e5642bf974e.php 第 306 行.
NOTIC: [8] Undefined variable: examtell H:\phpStudy\WWW\1\Runtime\Cache\Home\3400d5118ed3d47597584e5642bf974e.php 第 307 行.
NOTIC: [8] Undefined variable: userinfo H:\phpStudy\WWW\1\Runtime\Cache\Home\3400d5118ed3d47597584e5642bf974e.php 第 394 行.
NOTIC: [8] Undefined variable: userinfo H:\phpStudy\WWW\1\Runtime\Cache\Home\3400d5118ed3d47597584e5642bf974e.php 第 401 行.
NOTIC: [8] Undefined variable: userinfo H:\phpStudy\WWW\1\Runtime\Cache\Home\3400d5118ed3d47597584e5642bf974e.php 第 408 行.
NOTIC: [8] Undefined variable: userinfo H:\phpStudy\WWW\1\Runtime\Cache\Home\3400d5118ed3d47597584e5642bf974e.php 第 415 行.
NOTIC: [8] Undefined variable: userinfo H:\phpStudy\WWW\1\Runtime\Cache\Home\3400d5118ed3d47597584e5642bf974e.php 第 422 行.
NOTIC: [8] Undefined variable: userinfo H:\phpStudy\WWW\1\Runtime\Cache\Home\3400d5118ed3d47597584e5642bf974e.php 第 453 行.
NOTIC: [8] Undefined variable: userinfo H:\phpStudy\WWW\1\Runtime\Cache\Home\3400d5118ed3d47597584e5642bf974e.php 第 490 行.
NOTIC: [8] Undefined variable: userinfo H:\phpStudy\WWW\1\Runtime\Cache\Home\3400d5118ed3d47597584e5642bf974e.php 第 497 行.
NOTIC: [8] Undefined variable: userinfo H:\phpStudy\WWW\1\Runtime\Cache\Home\3400d5118ed3d47597584e5642bf974e.php 第 504 行.
NOTIC: [8] Undefined variable: userinfo H:\phpStudy\WWW\1\Runtime\Cache\Home\3400d5118ed3d47597584e5642bf974e.php 第 511 行.
NOTIC: [8] Undefined variable: userinfo H:\phpStudy\WWW\1\Runtime\Cache\Home\3400d5118ed3d47597584e5642bf974e.php 第 518 行.
INFO: Run Behavior\ParseTemplateBehavior [ RunTime:0.030002s ]
INFO: [ view_parse ] --END-- [ RunTime:0.030002s ]
INFO: [ view_filter ] --START--
INFO: Run Behavior\WriteHtmlCacheBehavior [ RunTime:0.000000s ]
INFO: [ view_filter ] --END-- [ RunTime:0.000000s ]
INFO: [ app_end ] --START--
INFO: Run Behavior\ShowPageTraceBehavior [ RunTime:0.000000s ]
INFO: [ app_end ] --END-- [ RunTime:0.000000s ]

[ 2017-12-30T22:33:35+08:00 ] 127.0.0.1 /1/index.php/Home/User/hegezheng.html
INFO: [ app_init ] --START--
INFO: Run Behavior\BuildLiteBehavior [ RunTime:0.000000s ]
INFO: [ app_init ] --END-- [ RunTime:0.001000s ]
INFO: [ app_begin ] --START--
INFO: Run Behavior\ReadHtmlCacheBehavior [ RunTime:0.001000s ]
INFO: [ app_begin ] --END-- [ RunTime:0.001000s ]
INFO: [ view_parse ] --START--
INFO: [ template_filter ] --START--
INFO: Run Behavior\ContentReplaceBehavior [ RunTime:0.000000s ]
INFO: [ template_filter ] --END-- [ RunTime:0.000000s ]
NOTIC: [8] Undefined variable: examtell H:\phpStudy\WWW\1\Runtime\Cache\Home\114bc4a0da12ca107f75dc038974b2f8.php 第 306 行.
NOTIC: [8] Undefined variable: examtell H:\phpStudy\WWW\1\Runtime\Cache\Home\114bc4a0da12ca107f75dc038974b2f8.php 第 307 行.
NOTIC: [8] Undefined variable: userinfo H:\phpStudy\WWW\1\Runtime\Cache\Home\114bc4a0da12ca107f75dc038974b2f8.php 第 394 行.
NOTIC: [8] Undefined variable: userinfo H:\phpStudy\WWW\1\Runtime\Cache\Home\114bc4a0da12ca107f75dc038974b2f8.php 第 401 行.
NOTIC: [8] Undefined variable: userinfo H:\phpStudy\WWW\1\Runtime\Cache\Home\114bc4a0da12ca107f75dc038974b2f8.php 第 408 行.
NOTIC: [8] Undefined variable: userinfo H:\phpStudy\WWW\1\Runtime\Cache\Home\114bc4a0da12ca107f75dc038974b2f8.php 第 415 行.
NOTIC: [8] Undefined variable: userinfo H:\phpStudy\WWW\1\Runtime\Cache\Home\114bc4a0da12ca107f75dc038974b2f8.php 第 422 行.
NOTIC: [8] Undefined variable: userinfo H:\phpStudy\WWW\1\Runtime\Cache\Home\114bc4a0da12ca107f75dc038974b2f8.php 第 453 行.
NOTIC: [8] Undefined variable: userinfo H:\phpStudy\WWW\1\Runtime\Cache\Home\114bc4a0da12ca107f75dc038974b2f8.php 第 490 行.
NOTIC: [8] Undefined variable: userinfo H:\phpStudy\WWW\1\Runtime\Cache\Home\114bc4a0da12ca107f75dc038974b2f8.php 第 497 行.
NOTIC: [8] Undefined variable: userinfo H:\phpStudy\WWW\1\Runtime\Cache\Home\114bc4a0da12ca107f75dc038974b2f8.php 第 504 行.
NOTIC: [8] Undefined variable: userinfo H:\phpStudy\WWW\1\Runtime\Cache\Home\114bc4a0da12ca107f75dc038974b2f8.php 第 511 行.
NOTIC: [8] Undefined variable: userinfo H:\phpStudy\WWW\1\Runtime\Cache\Home\114bc4a0da12ca107f75dc038974b2f8.php 第 518 行.
INFO: Run Behavior\ParseTemplateBehavior [ RunTime:0.024002s ]
INFO: [ view_parse ] --END-- [ RunTime:0.024002s ]
INFO: [ view_filter ] --START--
INFO: Run Behavior\WriteHtmlCacheBehavior [ RunTime:0.000000s ]
INFO: [ view_filter ] --END-- [ RunTime:0.000000s ]
INFO: [ app_end ] --START--
INFO: Run Behavior\ShowPageTraceBehavior [ RunTime:0.001000s ]
INFO: [ app_end ] --END-- [ RunTime:0.001000s ]

[ 2017-12-30T22:33:36+08:00 ] 127.0.0.1 /1/index.php/Home/User/printzs.html
INFO: [ app_init ] --START--
INFO: Run Behavior\BuildLiteBehavior [ RunTime:0.000000s ]
INFO: [ app_init ] --END-- [ RunTime:0.001000s ]
INFO: [ app_begin ] --START--
INFO: Run Behavior\ReadHtmlCacheBehavior [ RunTime:0.001000s ]
INFO: [ app_begin ] --END-- [ RunTime:0.001000s ]
SQL: SHOW COLUMNS FROM `user` [ RunTime:0.0030s ]
SQL: SHOW COLUMNS FROM `exam` [ RunTime:0.0030s ]
SQL: SHOW COLUMNS FROM `notice` [ RunTime:0.0020s ]
SQL: SELECT max(id) FROM `user` WHERE `account` = 'zhouyi'  [ RunTime:0.0020s ]
SQL: SELECT * FROM `user` WHERE `id` = 811  [ RunTime:0.0000s ]
NOTIC: [8] Use of undefined constant score - assumed 'score' H:\phpStudy\WWW\1\Application\Home\Controller\UserController.class.php 第 456 行.
SQL: SELECT * FROM `user` WHERE `id` = 811  [ RunTime:0.0000s ]
NOTIC: [8] Use of undefined constant date - assumed 'date' H:\phpStudy\WWW\1\Application\Home\Controller\UserController.class.php 第 457 行.
SQL: SELECT max(id) FROM `exam`  [ RunTime:0.0010s ]
SQL: SELECT max(id) FROM `notice`  [ RunTime:0.0000s ]
SQL: SELECT * FROM `user` WHERE `id` = 811  [ RunTime:0.0000s ]
SQL: SELECT * FROM `user` WHERE `id` = 811  [ RunTime:0.0000s ]
NOTIC: [8] Use of undefined constant date - assumed 'date' H:\phpStudy\WWW\1\Application\Home\Controller\UserController.class.php 第 461 行.
SQL: SELECT `subject` FROM `notice` WHERE `id` = 13  [ RunTime:0.0000s ]
SQL: SELECT * FROM `exam` WHERE `id` = 11  [ RunTime:0.0000s ]
NOTIC: [8] Use of undefined constant time - assumed 'time' H:\phpStudy\WWW\1\Application\Home\Controller\UserController.class.php 第 464 行.
SQL: SELECT `time` FROM `exam` WHERE `id` = 11  [ RunTime:0.0010s ]
NOTIC: [8] Use of undefined constant time - assumed 'time' H:\phpStudy\WWW\1\Application\Home\Controller\UserController.class.php 第 469 行.
SQL: SELECT MAX(id) AS tp_max FROM `user` WHERE `account` = 'zhouyi' LIMIT 1   [ RunTime:0.0010s ]
SQL: SELECT * FROM `user` WHERE `id` = 811  [ RunTime:0.0000s ]
SQL: SELECT * FROM `exam`  [ RunTime:0.0010s ]
NOTIC: [8] Undefined variable: other_exam H:\phpStudy\WWW\1\Application\Home\Controller\UserController.class.php 第 506 行.
INFO: [ view_parse ] --START--
INFO: [ template_filter ] --START--
INFO: Run Behavior\ContentReplaceBehavior [ RunTime:0.000000s ]
INFO: [ template_filter ] --END-- [ RunTime:0.000000s ]
INFO: Run Behavior\ParseTemplateBehavior [ RunTime:0.005000s ]
INFO: [ view_parse ] --END-- [ RunTime:0.005000s ]
INFO: [ view_filter ] --START--
INFO: Run Behavior\WriteHtmlCacheBehavior [ RunTime:0.000000s ]
INFO: [ view_filter ] --END-- [ RunTime:0.000000s ]
INFO: [ app_end ] --START--
INFO: Run Behavior\ShowPageTraceBehavior [ RunTime:0.000000s ]
INFO: [ app_end ] --END-- [ RunTime:0.000000s ]

