[ 2019-03-03T16:29:05+08:00 ] ::1 /1/index.php/home/load.html
INFO: [ app_init ] --START--
INFO: Run Behavior\BuildLiteBehavior [ RunTime:0.000000s ]
INFO: [ app_init ] --END-- [ RunTime:0.012000s ]
INFO: [ app_begin ] --START--
INFO: Run Behavior\ReadHtmlCacheBehavior [ RunTime:0.001000s ]
INFO: [ app_begin ] --END-- [ RunTime:0.002001s ]
ERR: 非法操作:index

[ 2019-03-03T16:29:22+08:00 ] ::1 /1/index.php/home/load/load.html
INFO: [ app_init ] --START--
INFO: Run Behavior\BuildLiteBehavior [ RunTime:0.000000s ]
INFO: [ app_init ] --END-- [ RunTime:0.000000s ]
INFO: [ app_begin ] --START--
INFO: Run Behavior\ReadHtmlCacheBehavior [ RunTime:0.000000s ]
INFO: [ app_begin ] --END-- [ RunTime:0.000000s ]
INFO: [ view_parse ] --START--
INFO: [ template_filter ] --START--
INFO: Run Behavior\ContentReplaceBehavior [ RunTime:0.000000s ]
INFO: [ template_filter ] --END-- [ RunTime:0.001000s ]
INFO: Run Behavior\ParseTemplateBehavior [ RunTime:0.162009s ]
INFO: [ view_parse ] --END-- [ RunTime:0.162009s ]
INFO: [ view_filter ] --START--
INFO: Run Behavior\WriteHtmlCacheBehavior [ RunTime:0.008001s ]
INFO: [ view_filter ] --END-- [ RunTime:0.008001s ]
INFO: [ app_end ] --START--
INFO: Run Behavior\ShowPageTraceBehavior [ RunTime:0.011000s ]
INFO: [ app_end ] --END-- [ RunTime:0.011000s ]

[ 2019-03-03T16:29:54+08:00 ] ::1 /1/index.php/Home/Load/load.html
INFO: [ app_init ] --START--
INFO: Run Behavior\BuildLiteBehavior [ RunTime:0.000000s ]
INFO: [ app_init ] --END-- [ RunTime:0.000000s ]
INFO: [ app_begin ] --START--
INFO: Run Behavior\ReadHtmlCacheBehavior [ RunTime:0.001000s ]
INFO: [ app_begin ] --END-- [ RunTime:0.001000s ]
SQL: SHOW COLUMNS FROM `user` [ RunTime:0.0300s ]
SQL: SELECT * FROM `user` WHERE `account` = 'zhouyi' AND `password` = 'e10adc3949ba59abbe56e057f20f883e' LIMIT 1   [ RunTime:0.0150s ]
INFO: [ view_parse ] --START--
INFO: [ template_filter ] --START--
INFO: Run Behavior\ContentReplaceBehavior [ RunTime:0.000000s ]
INFO: [ template_filter ] --END-- [ RunTime:0.000000s ]
INFO: Run Behavior\ParseTemplateBehavior [ RunTime:0.011001s ]
INFO: [ view_parse ] --END-- [ RunTime:0.011001s ]
INFO: [ view_filter ] --START--
INFO: Run Behavior\WriteHtmlCacheBehavior [ RunTime:0.000000s ]
INFO: [ view_filter ] --END-- [ RunTime:0.000000s ]

[ 2019-03-03T16:29:57+08:00 ] ::1 /1/index.php/home/load/acrigist.html
INFO: [ app_init ] --START--
INFO: Run Behavior\BuildLiteBehavior [ RunTime:0.000000s ]
INFO: [ app_init ] --END-- [ RunTime:0.000000s ]
INFO: [ app_begin ] --START--
INFO: Run Behavior\ReadHtmlCacheBehavior [ RunTime:0.001000s ]
INFO: [ app_begin ] --END-- [ RunTime:0.001000s ]
INFO: [ view_parse ] --START--
INFO: [ template_filter ] --START--
INFO: Run Behavior\ContentReplaceBehavior [ RunTime:0.000000s ]
INFO: [ template_filter ] --END-- [ RunTime:0.000000s ]
INFO: Run Behavior\ParseTemplateBehavior [ RunTime:0.047002s ]
INFO: [ view_parse ] --END-- [ RunTime:0.047002s ]
INFO: [ view_filter ] --START--
INFO: Run Behavior\WriteHtmlCacheBehavior [ RunTime:0.000000s ]
INFO: [ view_filter ] --END-- [ RunTime:0.000000s ]
INFO: [ app_end ] --START--
INFO: Run Behavior\ShowPageTraceBehavior [ RunTime:0.000000s ]
INFO: [ app_end ] --END-- [ RunTime:0.000000s ]

[ 2019-03-03T16:30:01+08:00 ] ::1 /1/index.php/home/load/rigist.html?accept=on
INFO: [ app_init ] --START--
INFO: Run Behavior\BuildLiteBehavior [ RunTime:0.000000s ]
INFO: [ app_init ] --END-- [ RunTime:0.000000s ]
INFO: [ app_begin ] --START--
INFO: Run Behavior\ReadHtmlCacheBehavior [ RunTime:0.001000s ]
INFO: [ app_begin ] --END-- [ RunTime:0.001000s ]
NOTIC: [8] Undefined index: upload1 H:\phpStudy\WWW\1\Application\Home\Controller\LoadController.class.php 第 38 行.
NOTIC: [8] Undefined index: upload2 H:\phpStudy\WWW\1\Application\Home\Controller\LoadController.class.php 第 42 行.
NOTIC: [8] Undefined index: upload3 H:\phpStudy\WWW\1\Application\Home\Controller\LoadController.class.php 第 46 行.
NOTIC: [8] Undefined index: upload4 H:\phpStudy\WWW\1\Application\Home\Controller\LoadController.class.php 第 50 行.
NOTIC: [8] Undefined index: upload5 H:\phpStudy\WWW\1\Application\Home\Controller\LoadController.class.php 第 54 行.
NOTIC: [8] Undefined index: upload6 H:\phpStudy\WWW\1\Application\Home\Controller\LoadController.class.php 第 58 行.
NOTIC: [8] Undefined variable: info H:\phpStudy\WWW\1\Application\Home\Controller\LoadController.class.php 第 63 行.
NOTIC: [2] Invalid argument supplied for foreach() H:\phpStudy\WWW\1\Application\Home\Controller\LoadController.class.php 第 63 行.
SQL: SHOW COLUMNS FROM `user` [ RunTime:0.0090s ]
SQL: SELECT * FROM `user` WHERE `account` = '' LIMIT 1   [ RunTime:0.0030s ]
SQL: SELECT * FROM `user` WHERE `id_card` = '' LIMIT 1   [ RunTime:0.0030s ]
INFO: [ view_parse ] --START--
INFO: [ template_filter ] --START--
INFO: Run Behavior\ContentReplaceBehavior [ RunTime:0.000000s ]
INFO: [ template_filter ] --END-- [ RunTime:0.000000s ]
INFO: Run Behavior\ParseTemplateBehavior [ RunTime:0.040003s ]
INFO: [ view_parse ] --END-- [ RunTime:0.040003s ]
INFO: [ view_filter ] --START--
INFO: Run Behavior\WriteHtmlCacheBehavior [ RunTime:0.001000s ]
INFO: [ view_filter ] --END-- [ RunTime:0.001000s ]
INFO: [ app_end ] --START--
INFO: Run Behavior\ShowPageTraceBehavior [ RunTime:0.002000s ]
INFO: [ app_end ] --END-- [ RunTime:0.002000s ]

[ 2019-03-03T16:32:10+08:00 ] ::1 /1/index.php/Home/Load/rigist.html
INFO: [ app_init ] --START--
INFO: Run Behavior\BuildLiteBehavior [ RunTime:0.000000s ]
INFO: [ app_init ] --END-- [ RunTime:0.001001s ]
INFO: [ app_begin ] --START--
INFO: Run Behavior\ReadHtmlCacheBehavior [ RunTime:0.000000s ]
INFO: [ app_begin ] --END-- [ RunTime:0.000000s ]
NOTIC: [2] Invalid argument supplied for foreach() H:\phpStudy\WWW\1\Application\Home\Controller\LoadController.class.php 第 63 行.
SQL: SHOW COLUMNS FROM `user` [ RunTime:0.0040s ]
SQL: SELECT * FROM `user` WHERE `account` = 'magina99' LIMIT 1   [ RunTime:0.0020s ]
SQL: SELECT * FROM `user` WHERE `id_card` = '510107199511031273' LIMIT 1   [ RunTime:0.0020s ]
NOTIC: [8] Undefined variable: bigimg H:\phpStudy\WWW\1\Application\Home\Controller\LoadController.class.php 第 136 行.
SQL: INSERT INTO `user` (`account`,`password`,`real_account`,`sex`,`birth`,`id_card`,`profession`,`school`,`major`,`education`,`graduate`,`work_address`,`phone`,`addr`,`post_address`,`tel_num`,`mail`,`path`) VALUES ('magina99','fa9711f7d4b4eba919745f6e27127575','周奕','男','2019-03-03','510107199511031273','研究员','cuit','防雷','本科','2019-01','cctv','18702822014','18702822014','610041','18702822014','',NULL) [ RunTime:0.0010s ]
INFO: [ view_parse ] --START--
INFO: [ template_filter ] --START--
INFO: Run Behavior\ContentReplaceBehavior [ RunTime:0.000000s ]
INFO: [ template_filter ] --END-- [ RunTime:0.000000s ]
INFO: Run Behavior\ParseTemplateBehavior [ RunTime:0.006001s ]
INFO: [ view_parse ] --END-- [ RunTime:0.006001s ]
INFO: [ view_filter ] --START--
INFO: Run Behavior\WriteHtmlCacheBehavior [ RunTime:0.000000s ]
INFO: [ view_filter ] --END-- [ RunTime:0.000000s ]
INFO: [ app_end ] --START--
INFO: Run Behavior\ShowPageTraceBehavior [ RunTime:0.001000s ]
INFO: [ app_end ] --END-- [ RunTime:0.001000s ]

[ 2019-03-03T16:32:11+08:00 ] ::1 /1/index.php/Home/Load/load.html
INFO: [ app_init ] --START--
INFO: Run Behavior\BuildLiteBehavior [ RunTime:0.000000s ]
INFO: [ app_init ] --END-- [ RunTime:0.001000s ]
INFO: [ app_begin ] --START--
INFO: Run Behavior\ReadHtmlCacheBehavior [ RunTime:0.001000s ]
INFO: [ app_begin ] --END-- [ RunTime:0.001000s ]
INFO: [ view_parse ] --START--
INFO: [ template_filter ] --START--
INFO: Run Behavior\ContentReplaceBehavior [ RunTime:0.000000s ]
INFO: [ template_filter ] --END-- [ RunTime:0.000000s ]
INFO: Run Behavior\ParseTemplateBehavior [ RunTime:0.007000s ]
INFO: [ view_parse ] --END-- [ RunTime:0.007000s ]
INFO: [ view_filter ] --START--
INFO: Run Behavior\WriteHtmlCacheBehavior [ RunTime:0.001001s ]
INFO: [ view_filter ] --END-- [ RunTime:0.001001s ]
INFO: [ app_end ] --START--
INFO: Run Behavior\ShowPageTraceBehavior [ RunTime:0.001000s ]
INFO: [ app_end ] --END-- [ RunTime:0.001000s ]

[ 2019-03-03T16:32:24+08:00 ] ::1 /1/index.php/Home/Load/load.html
INFO: [ app_init ] --START--
INFO: Run Behavior\BuildLiteBehavior [ RunTime:0.000000s ]
INFO: [ app_init ] --END-- [ RunTime:0.000000s ]
INFO: [ app_begin ] --START--
INFO: Run Behavior\ReadHtmlCacheBehavior [ RunTime:0.001000s ]
INFO: [ app_begin ] --END-- [ RunTime:0.001000s ]
SQL: SHOW COLUMNS FROM `user` [ RunTime:0.0030s ]
SQL: SELECT * FROM `user` WHERE `account` = 'magina99' AND `password` = 'fa9711f7d4b4eba919745f6e27127575' LIMIT 1   [ RunTime:0.0010s ]
INFO: [ view_parse ] --START--
INFO: [ template_filter ] --START--
INFO: Run Behavior\ContentReplaceBehavior [ RunTime:0.000000s ]
INFO: [ template_filter ] --END-- [ RunTime:0.000000s ]
INFO: Run Behavior\ParseTemplateBehavior [ RunTime:0.006000s ]
INFO: [ view_parse ] --END-- [ RunTime:0.006000s ]
INFO: [ view_filter ] --START--
INFO: Run Behavior\WriteHtmlCacheBehavior [ RunTime:0.001000s ]
INFO: [ view_filter ] --END-- [ RunTime:0.001000s ]
INFO: [ app_end ] --START--
INFO: Run Behavior\ShowPageTraceBehavior [ RunTime:0.000000s ]
INFO: [ app_end ] --END-- [ RunTime:0.000000s ]

[ 2019-03-03T16:32:25+08:00 ] ::1 /1/index.php/Home/User/tongzhi.html
INFO: [ app_init ] --START--
INFO: Run Behavior\BuildLiteBehavior [ RunTime:0.000000s ]
INFO: [ app_init ] --END-- [ RunTime:0.000000s ]
INFO: [ app_begin ] --START--
INFO: Run Behavior\ReadHtmlCacheBehavior [ RunTime:0.000000s ]
INFO: [ app_begin ] --END-- [ RunTime:0.000000s ]
SQL: SHOW COLUMNS FROM `zhuyi` [ RunTime:0.0650s ]
SQL: SELECT MAX(id) AS tp_max FROM `zhuyi` LIMIT 1   [ RunTime:0.0010s ]
SQL: SELECT * FROM `zhuyi` WHERE `id` = 25  [ RunTime:0.0160s ]
SQL: SELECT * FROM `zhuyi` WHERE `id` = 24  [ RunTime:0.0010s ]
SQL: SELECT * FROM `zhuyi` WHERE `id` = 23  [ RunTime:0.0010s ]
SQL: SELECT * FROM `zhuyi` WHERE `id` = 22  [ RunTime:0.0000s ]
SQL: SELECT * FROM `zhuyi` WHERE `id` = 21  [ RunTime:0.0000s ]
SQL: SELECT * FROM `zhuyi` WHERE `id` = 20  [ RunTime:0.0010s ]
INFO: [ view_parse ] --START--
INFO: [ template_filter ] --START--
INFO: Run Behavior\ContentReplaceBehavior [ RunTime:0.001000s ]
INFO: [ template_filter ] --END-- [ RunTime:0.001000s ]
NOTIC: [8] Undefined variable: examtell H:\phpStudy\WWW\1\Runtime\Cache\Home\df7321714e8b029bc710c39f76763d26.php 第 306 行.
NOTIC: [8] Undefined variable: examtell H:\phpStudy\WWW\1\Runtime\Cache\Home\df7321714e8b029bc710c39f76763d26.php 第 307 行.
NOTIC: [8] Undefined variable: userinfo H:\phpStudy\WWW\1\Runtime\Cache\Home\df7321714e8b029bc710c39f76763d26.php 第 394 行.
NOTIC: [8] Undefined variable: userinfo H:\phpStudy\WWW\1\Runtime\Cache\Home\df7321714e8b029bc710c39f76763d26.php 第 401 行.
NOTIC: [8] Undefined variable: userinfo H:\phpStudy\WWW\1\Runtime\Cache\Home\df7321714e8b029bc710c39f76763d26.php 第 408 行.
NOTIC: [8] Undefined variable: userinfo H:\phpStudy\WWW\1\Runtime\Cache\Home\df7321714e8b029bc710c39f76763d26.php 第 415 行.
NOTIC: [8] Undefined variable: userinfo H:\phpStudy\WWW\1\Runtime\Cache\Home\df7321714e8b029bc710c39f76763d26.php 第 422 行.
NOTIC: [8] Undefined variable: userinfo H:\phpStudy\WWW\1\Runtime\Cache\Home\df7321714e8b029bc710c39f76763d26.php 第 453 行.
NOTIC: [8] Undefined variable: userinfo H:\phpStudy\WWW\1\Runtime\Cache\Home\df7321714e8b029bc710c39f76763d26.php 第 490 行.
NOTIC: [8] Undefined variable: userinfo H:\phpStudy\WWW\1\Runtime\Cache\Home\df7321714e8b029bc710c39f76763d26.php 第 497 行.
NOTIC: [8] Undefined variable: userinfo H:\phpStudy\WWW\1\Runtime\Cache\Home\df7321714e8b029bc710c39f76763d26.php 第 504 行.
NOTIC: [8] Undefined variable: userinfo H:\phpStudy\WWW\1\Runtime\Cache\Home\df7321714e8b029bc710c39f76763d26.php 第 511 行.
NOTIC: [8] Undefined variable: userinfo H:\phpStudy\WWW\1\Runtime\Cache\Home\df7321714e8b029bc710c39f76763d26.php 第 518 行.
INFO: Run Behavior\ParseTemplateBehavior [ RunTime:0.072004s ]
INFO: [ view_parse ] --END-- [ RunTime:0.072004s ]
INFO: [ view_filter ] --START--
INFO: Run Behavior\WriteHtmlCacheBehavior [ RunTime:0.000000s ]
INFO: [ view_filter ] --END-- [ RunTime:0.000000s ]
INFO: [ app_end ] --START--
INFO: Run Behavior\ShowPageTraceBehavior [ RunTime:0.001000s ]
INFO: [ app_end ] --END-- [ RunTime:0.001000s ]

[ 2019-03-03T16:35:56+08:00 ] ::1 /1/index.php/Home/User/baoming.html
INFO: [ app_init ] --START--
INFO: Run Behavior\BuildLiteBehavior [ RunTime:0.000000s ]
INFO: [ app_init ] --END-- [ RunTime:0.000000s ]
INFO: [ app_begin ] --START--
INFO: Run Behavior\ReadHtmlCacheBehavior [ RunTime:0.000000s ]
INFO: [ app_begin ] --END-- [ RunTime:0.001000s ]
SQL: SHOW COLUMNS FROM `notice` [ RunTime:0.4660s ]
SQL: SELECT max(id) FROM `notice`  [ RunTime:0.0000s ]
SQL: SELECT * FROM `notice` WHERE `id` = 13  [ RunTime:0.0010s ]
SQL: SHOW COLUMNS FROM `user` [ RunTime:0.0130s ]
SQL: SELECT MAX(id) AS tp_max FROM `user` WHERE `account` = 'magina99' LIMIT 1   [ RunTime:0.0040s ]
SQL: SELECT * FROM `user` WHERE `id` = 812 AND `account` = 'magina99'  [ RunTime:0.0010s ]
NOTIC: [8] Use of undefined constant date - assumed 'date' H:\phpStudy\WWW\1\Application\Home\Controller\UserController.class.php 第 50 行.
NOTIC: [8] Use of undefined constant date - assumed 'date' H:\phpStudy\WWW\1\Application\Home\Controller\UserController.class.php 第 53 行.
NOTIC: [8] Use of undefined constant subject - assumed 'subject' H:\phpStudy\WWW\1\Application\Home\Controller\UserController.class.php 第 54 行.
NOTIC: [8] Use of undefined constant flag - assumed 'flag' H:\phpStudy\WWW\1\Application\Home\Controller\UserController.class.php 第 55 行.
NOTIC: [8] Use of undefined constant subject - assumed 'subject' H:\phpStudy\WWW\1\Application\Home\Controller\UserController.class.php 第 84 行.
NOTIC: [8] Use of undefined constant flag - assumed 'flag' H:\phpStudy\WWW\1\Application\Home\Controller\UserController.class.php 第 86 行.
NOTIC: [8] Use of undefined constant date - assumed 'date' H:\phpStudy\WWW\1\Application\Home\Controller\UserController.class.php 第 88 行.
NOTIC: [8] Use of undefined constant date - assumed 'date' H:\phpStudy\WWW\1\Application\Home\Controller\UserController.class.php 第 89 行.
INFO: [ view_parse ] --START--
INFO: [ template_filter ] --START--
INFO: Run Behavior\ContentReplaceBehavior [ RunTime:0.000000s ]
INFO: [ template_filter ] --END-- [ RunTime:0.000000s ]
NOTIC: [8] Undefined variable: examtell H:\phpStudy\WWW\1\Runtime\Cache\Home\85c15a4bfa0cca2d317beed460ec1545.php 第 306 行.
NOTIC: [8] Undefined variable: examtell H:\phpStudy\WWW\1\Runtime\Cache\Home\85c15a4bfa0cca2d317beed460ec1545.php 第 307 行.
NOTIC: [8] Undefined variable: userinfo H:\phpStudy\WWW\1\Runtime\Cache\Home\85c15a4bfa0cca2d317beed460ec1545.php 第 394 行.
NOTIC: [8] Undefined variable: userinfo H:\phpStudy\WWW\1\Runtime\Cache\Home\85c15a4bfa0cca2d317beed460ec1545.php 第 401 行.
NOTIC: [8] Undefined variable: userinfo H:\phpStudy\WWW\1\Runtime\Cache\Home\85c15a4bfa0cca2d317beed460ec1545.php 第 408 行.
NOTIC: [8] Undefined variable: userinfo H:\phpStudy\WWW\1\Runtime\Cache\Home\85c15a4bfa0cca2d317beed460ec1545.php 第 415 行.
NOTIC: [8] Undefined variable: userinfo H:\phpStudy\WWW\1\Runtime\Cache\Home\85c15a4bfa0cca2d317beed460ec1545.php 第 422 行.
NOTIC: [8] Undefined variable: userinfo H:\phpStudy\WWW\1\Runtime\Cache\Home\85c15a4bfa0cca2d317beed460ec1545.php 第 453 行.
NOTIC: [8] Undefined variable: userinfo H:\phpStudy\WWW\1\Runtime\Cache\Home\85c15a4bfa0cca2d317beed460ec1545.php 第 490 行.
NOTIC: [8] Undefined variable: userinfo H:\phpStudy\WWW\1\Runtime\Cache\Home\85c15a4bfa0cca2d317beed460ec1545.php 第 497 行.
NOTIC: [8] Undefined variable: userinfo H:\phpStudy\WWW\1\Runtime\Cache\Home\85c15a4bfa0cca2d317beed460ec1545.php 第 504 行.
NOTIC: [8] Undefined variable: userinfo H:\phpStudy\WWW\1\Runtime\Cache\Home\85c15a4bfa0cca2d317beed460ec1545.php 第 511 行.
NOTIC: [8] Undefined variable: userinfo H:\phpStudy\WWW\1\Runtime\Cache\Home\85c15a4bfa0cca2d317beed460ec1545.php 第 518 行.
INFO: Run Behavior\ParseTemplateBehavior [ RunTime:0.048003s ]
INFO: [ view_parse ] --END-- [ RunTime:0.048003s ]
INFO: [ view_filter ] --START--
INFO: Run Behavior\WriteHtmlCacheBehavior [ RunTime:0.001000s ]
INFO: [ view_filter ] --END-- [ RunTime:0.001000s ]
INFO: [ app_end ] --START--
INFO: Run Behavior\ShowPageTraceBehavior [ RunTime:0.001000s ]
INFO: [ app_end ] --END-- [ RunTime:0.001000s ]

[ 2019-03-03T16:36:02+08:00 ] ::1 /1/index.php/Home/User/ziliao.html
INFO: [ app_init ] --START--
INFO: Run Behavior\BuildLiteBehavior [ RunTime:0.000000s ]
INFO: [ app_init ] --END-- [ RunTime:0.000000s ]
INFO: [ app_begin ] --START--
INFO: Run Behavior\ReadHtmlCacheBehavior [ RunTime:0.000000s ]
INFO: [ app_begin ] --END-- [ RunTime:0.000000s ]
SQL: SHOW COLUMNS FROM `user` [ RunTime:0.0040s ]
SQL: SELECT max(id) FROM `user` WHERE `account` = 'magina99'  [ RunTime:0.0020s ]
SQL: SELECT * FROM `user` WHERE `id` = 812  [ RunTime:0.0000s ]
NOTIC: [8] Use of undefined constant account - assumed 'account' H:\phpStudy\WWW\1\Application\Home\Controller\UserController.class.php 第 257 行.
SQL: SELECT * FROM `user` WHERE `id` = 812  [ RunTime:0.0010s ]
NOTIC: [8] Use of undefined constant real_account - assumed 'real_account' H:\phpStudy\WWW\1\Application\Home\Controller\UserController.class.php 第 258 行.
SQL: SELECT * FROM `user` WHERE `id` = 812  [ RunTime:0.0000s ]
NOTIC: [8] Use of undefined constant sex - assumed 'sex' H:\phpStudy\WWW\1\Application\Home\Controller\UserController.class.php 第 259 行.
SQL: SELECT * FROM `user` WHERE `id` = 812  [ RunTime:0.0000s ]
NOTIC: [8] Use of undefined constant birth - assumed 'birth' H:\phpStudy\WWW\1\Application\Home\Controller\UserController.class.php 第 260 行.
SQL: SELECT * FROM `user` WHERE `id` = 812  [ RunTime:0.0000s ]
NOTIC: [8] Use of undefined constant id_card - assumed 'id_card' H:\phpStudy\WWW\1\Application\Home\Controller\UserController.class.php 第 261 行.
SQL: SELECT * FROM `user` WHERE `id` = 812  [ RunTime:0.0010s ]
NOTIC: [8] Use of undefined constant profession - assumed 'profession' H:\phpStudy\WWW\1\Application\Home\Controller\UserController.class.php 第 262 行.
SQL: SELECT * FROM `user` WHERE `id` = 812  [ RunTime:0.0000s ]
NOTIC: [8] Use of undefined constant school - assumed 'school' H:\phpStudy\WWW\1\Application\Home\Controller\UserController.class.php 第 263 行.
SQL: SELECT * FROM `user` WHERE `id` = 812  [ RunTime:0.0010s ]
NOTIC: [8] Use of undefined constant major - assumed 'major' H:\phpStudy\WWW\1\Application\Home\Controller\UserController.class.php 第 264 行.
SQL: SELECT * FROM `user` WHERE `id` = 812  [ RunTime:0.0000s ]
NOTIC: [8] Use of undefined constant education - assumed 'education' H:\phpStudy\WWW\1\Application\Home\Controller\UserController.class.php 第 265 行.
SQL: SELECT * FROM `user` WHERE `id` = 812  [ RunTime:0.0010s ]
NOTIC: [8] Use of undefined constant graduate - assumed 'graduate' H:\phpStudy\WWW\1\Application\Home\Controller\UserController.class.php 第 266 行.
SQL: SELECT * FROM `user` WHERE `id` = 812  [ RunTime:0.0000s ]
NOTIC: [8] Use of undefined constant work_address - assumed 'work_address' H:\phpStudy\WWW\1\Application\Home\Controller\UserController.class.php 第 267 行.
SQL: SELECT * FROM `user` WHERE `id` = 812  [ RunTime:0.0000s ]
NOTIC: [8] Use of undefined constant phone - assumed 'phone' H:\phpStudy\WWW\1\Application\Home\Controller\UserController.class.php 第 268 行.
SQL: SELECT * FROM `user` WHERE `id` = 812  [ RunTime:0.0000s ]
NOTIC: [8] Use of undefined constant post_address - assumed 'post_address' H:\phpStudy\WWW\1\Application\Home\Controller\UserController.class.php 第 269 行.
SQL: SELECT * FROM `user` WHERE `id` = 812  [ RunTime:0.0000s ]
NOTIC: [8] Use of undefined constant mail - assumed 'mail' H:\phpStudy\WWW\1\Application\Home\Controller\UserController.class.php 第 270 行.
SQL: SELECT * FROM `user` WHERE `id` = 812  [ RunTime:0.0000s ]
NOTIC: [8] Use of undefined constant addr - assumed 'addr' H:\phpStudy\WWW\1\Application\Home\Controller\UserController.class.php 第 271 行.
INFO: [ view_parse ] --START--
INFO: [ template_filter ] --START--
INFO: Run Behavior\ContentReplaceBehavior [ RunTime:0.000000s ]
INFO: [ template_filter ] --END-- [ RunTime:0.000000s ]
NOTIC: [8] Undefined variable: examtell H:\phpStudy\WWW\1\Runtime\Cache\Home\08e8f608b0620d3456aa521f10cf861e.php 第 306 行.
NOTIC: [8] Undefined variable: examtell H:\phpStudy\WWW\1\Runtime\Cache\Home\08e8f608b0620d3456aa521f10cf861e.php 第 307 行.
NOTIC: [8] Undefined variable: userinfo H:\phpStudy\WWW\1\Runtime\Cache\Home\08e8f608b0620d3456aa521f10cf861e.php 第 394 行.
NOTIC: [8] Undefined variable: userinfo H:\phpStudy\WWW\1\Runtime\Cache\Home\08e8f608b0620d3456aa521f10cf861e.php 第 401 行.
NOTIC: [8] Undefined variable: userinfo H:\phpStudy\WWW\1\Runtime\Cache\Home\08e8f608b0620d3456aa521f10cf861e.php 第 408 行.
NOTIC: [8] Undefined variable: userinfo H:\phpStudy\WWW\1\Runtime\Cache\Home\08e8f608b0620d3456aa521f10cf861e.php 第 415 行.
NOTIC: [8] Undefined variable: userinfo H:\phpStudy\WWW\1\Runtime\Cache\Home\08e8f608b0620d3456aa521f10cf861e.php 第 422 行.
NOTIC: [8] Undefined variable: userinfo H:\phpStudy\WWW\1\Runtime\Cache\Home\08e8f608b0620d3456aa521f10cf861e.php 第 453 行.
NOTIC: [8] Undefined variable: userinfo H:\phpStudy\WWW\1\Runtime\Cache\Home\08e8f608b0620d3456aa521f10cf861e.php 第 490 行.
NOTIC: [8] Undefined variable: userinfo H:\phpStudy\WWW\1\Runtime\Cache\Home\08e8f608b0620d3456aa521f10cf861e.php 第 497 行.
NOTIC: [8] Undefined variable: userinfo H:\phpStudy\WWW\1\Runtime\Cache\Home\08e8f608b0620d3456aa521f10cf861e.php 第 504 行.
NOTIC: [8] Undefined variable: userinfo H:\phpStudy\WWW\1\Runtime\Cache\Home\08e8f608b0620d3456aa521f10cf861e.php 第 511 行.
NOTIC: [8] Undefined variable: userinfo H:\phpStudy\WWW\1\Runtime\Cache\Home\08e8f608b0620d3456aa521f10cf861e.php 第 518 行.
INFO: Run Behavior\ParseTemplateBehavior [ RunTime:0.071004s ]
INFO: [ view_parse ] --END-- [ RunTime:0.071004s ]
INFO: [ view_filter ] --START--
INFO: Run Behavior\WriteHtmlCacheBehavior [ RunTime:0.000000s ]
INFO: [ view_filter ] --END-- [ RunTime:0.000000s ]
INFO: [ app_end ] --START--
INFO: Run Behavior\ShowPageTraceBehavior [ RunTime:0.001000s ]
INFO: [ app_end ] --END-- [ RunTime:0.001000s ]

[ 2019-03-03T17:22:23+08:00 ] ::1 /1/index.php/Home/User/tongzhi.html
INFO: [ app_init ] --START--
INFO: Run Behavior\BuildLiteBehavior [ RunTime:0.000000s ]
INFO: [ app_init ] --END-- [ RunTime:0.000000s ]
INFO: [ app_begin ] --START--
INFO: Run Behavior\ReadHtmlCacheBehavior [ RunTime:0.001000s ]
INFO: [ app_begin ] --END-- [ RunTime:0.001000s ]
SQL: SHOW COLUMNS FROM `zhuyi` [ RunTime:0.0050s ]
SQL: SELECT MAX(id) AS tp_max FROM `zhuyi` LIMIT 1   [ RunTime:0.0000s ]
SQL: SELECT * FROM `zhuyi` WHERE `id` = 25  [ RunTime:0.0010s ]
SQL: SELECT * FROM `zhuyi` WHERE `id` = 24  [ RunTime:0.0000s ]
SQL: SELECT * FROM `zhuyi` WHERE `id` = 23  [ RunTime:0.0000s ]
SQL: SELECT * FROM `zhuyi` WHERE `id` = 22  [ RunTime:0.0000s ]
SQL: SELECT * FROM `zhuyi` WHERE `id` = 21  [ RunTime:0.0000s ]
SQL: SELECT * FROM `zhuyi` WHERE `id` = 20  [ RunTime:0.0010s ]
INFO: [ view_parse ] --START--
INFO: [ template_filter ] --START--
INFO: Run Behavior\ContentReplaceBehavior [ RunTime:0.000000s ]
INFO: [ template_filter ] --END-- [ RunTime:0.000000s ]
NOTIC: [8] Undefined variable: examtell H:\phpStudy\WWW\1\Runtime\Cache\Home\df7321714e8b029bc710c39f76763d26.php 第 306 行.
NOTIC: [8] Undefined variable: examtell H:\phpStudy\WWW\1\Runtime\Cache\Home\df7321714e8b029bc710c39f76763d26.php 第 307 行.
NOTIC: [8] Undefined variable: userinfo H:\phpStudy\WWW\1\Runtime\Cache\Home\df7321714e8b029bc710c39f76763d26.php 第 394 行.
NOTIC: [8] Undefined variable: userinfo H:\phpStudy\WWW\1\Runtime\Cache\Home\df7321714e8b029bc710c39f76763d26.php 第 401 行.
NOTIC: [8] Undefined variable: userinfo H:\phpStudy\WWW\1\Runtime\Cache\Home\df7321714e8b029bc710c39f76763d26.php 第 408 行.
NOTIC: [8] Undefined variable: userinfo H:\phpStudy\WWW\1\Runtime\Cache\Home\df7321714e8b029bc710c39f76763d26.php 第 415 行.
NOTIC: [8] Undefined variable: userinfo H:\phpStudy\WWW\1\Runtime\Cache\Home\df7321714e8b029bc710c39f76763d26.php 第 422 行.
NOTIC: [8] Undefined variable: userinfo H:\phpStudy\WWW\1\Runtime\Cache\Home\df7321714e8b029bc710c39f76763d26.php 第 453 行.
NOTIC: [8] Undefined variable: userinfo H:\phpStudy\WWW\1\Runtime\Cache\Home\df7321714e8b029bc710c39f76763d26.php 第 490 行.
NOTIC: [8] Undefined variable: userinfo H:\phpStudy\WWW\1\Runtime\Cache\Home\df7321714e8b029bc710c39f76763d26.php 第 497 行.
NOTIC: [8] Undefined variable: userinfo H:\phpStudy\WWW\1\Runtime\Cache\Home\df7321714e8b029bc710c39f76763d26.php 第 504 行.
NOTIC: [8] Undefined variable: userinfo H:\phpStudy\WWW\1\Runtime\Cache\Home\df7321714e8b029bc710c39f76763d26.php 第 511 行.
NOTIC: [8] Undefined variable: userinfo H:\phpStudy\WWW\1\Runtime\Cache\Home\df7321714e8b029bc710c39f76763d26.php 第 518 行.
INFO: Run Behavior\ParseTemplateBehavior [ RunTime:0.021001s ]
INFO: [ view_parse ] --END-- [ RunTime:0.021001s ]
INFO: [ view_filter ] --START--
INFO: Run Behavior\WriteHtmlCacheBehavior [ RunTime:0.000000s ]
INFO: [ view_filter ] --END-- [ RunTime:0.000000s ]
INFO: [ app_end ] --START--
INFO: Run Behavior\ShowPageTraceBehavior [ RunTime:0.000000s ]
INFO: [ app_end ] --END-- [ RunTime:0.001001s ]

[ 2019-03-03T17:22:24+08:00 ] ::1 /1/index.php/Home/User/baoming.html
INFO: [ app_init ] --START--
INFO: Run Behavior\BuildLiteBehavior [ RunTime:0.000000s ]
INFO: [ app_init ] --END-- [ RunTime:0.001000s ]
INFO: [ app_begin ] --START--
INFO: Run Behavior\ReadHtmlCacheBehavior [ RunTime:0.000000s ]
INFO: [ app_begin ] --END-- [ RunTime:0.001000s ]
SQL: SHOW COLUMNS FROM `notice` [ RunTime:0.0030s ]
SQL: SELECT max(id) FROM `notice`  [ RunTime:0.0000s ]
SQL: SELECT * FROM `notice` WHERE `id` = 13  [ RunTime:0.0000s ]
SQL: SHOW COLUMNS FROM `user` [ RunTime:0.0040s ]
SQL: SELECT MAX(id) AS tp_max FROM `user` WHERE `account` = 'magina99' LIMIT 1   [ RunTime:0.0010s ]
SQL: SELECT * FROM `user` WHERE `id` = 812 AND `account` = 'magina99'  [ RunTime:0.0000s ]
NOTIC: [8] Use of undefined constant date - assumed 'date' H:\phpStudy\WWW\1\Application\Home\Controller\UserController.class.php 第 50 行.
NOTIC: [8] Use of undefined constant date - assumed 'date' H:\phpStudy\WWW\1\Application\Home\Controller\UserController.class.php 第 53 行.
NOTIC: [8] Use of undefined constant subject - assumed 'subject' H:\phpStudy\WWW\1\Application\Home\Controller\UserController.class.php 第 54 行.
NOTIC: [8] Use of undefined constant flag - assumed 'flag' H:\phpStudy\WWW\1\Application\Home\Controller\UserController.class.php 第 55 行.
NOTIC: [8] Use of undefined constant subject - assumed 'subject' H:\phpStudy\WWW\1\Application\Home\Controller\UserController.class.php 第 84 行.
NOTIC: [8] Use of undefined constant flag - assumed 'flag' H:\phpStudy\WWW\1\Application\Home\Controller\UserController.class.php 第 86 行.
NOTIC: [8] Use of undefined constant date - assumed 'date' H:\phpStudy\WWW\1\Application\Home\Controller\UserController.class.php 第 88 行.
NOTIC: [8] Use of undefined constant date - assumed 'date' H:\phpStudy\WWW\1\Application\Home\Controller\UserController.class.php 第 89 行.
INFO: [ view_parse ] --START--
INFO: [ template_filter ] --START--
INFO: Run Behavior\ContentReplaceBehavior [ RunTime:0.000000s ]
INFO: [ template_filter ] --END-- [ RunTime:0.000000s ]
NOTIC: [8] Undefined variable: examtell H:\phpStudy\WWW\1\Runtime\Cache\Home\85c15a4bfa0cca2d317beed460ec1545.php 第 306 行.
NOTIC: [8] Undefined variable: examtell H:\phpStudy\WWW\1\Runtime\Cache\Home\85c15a4bfa0cca2d317beed460ec1545.php 第 307 行.
NOTIC: [8] Undefined variable: userinfo H:\phpStudy\WWW\1\Runtime\Cache\Home\85c15a4bfa0cca2d317beed460ec1545.php 第 394 行.
NOTIC: [8] Undefined variable: userinfo H:\phpStudy\WWW\1\Runtime\Cache\Home\85c15a4bfa0cca2d317beed460ec1545.php 第 401 行.
NOTIC: [8] Undefined variable: userinfo H:\phpStudy\WWW\1\Runtime\Cache\Home\85c15a4bfa0cca2d317beed460ec1545.php 第 408 行.
NOTIC: [8] Undefined variable: userinfo H:\phpStudy\WWW\1\Runtime\Cache\Home\85c15a4bfa0cca2d317beed460ec1545.php 第 415 行.
NOTIC: [8] Undefined variable: userinfo H:\phpStudy\WWW\1\Runtime\Cache\Home\85c15a4bfa0cca2d317beed460ec1545.php 第 422 行.
NOTIC: [8] Undefined variable: userinfo H:\phpStudy\WWW\1\Runtime\Cache\Home\85c15a4bfa0cca2d317beed460ec1545.php 第 453 行.
NOTIC: [8] Undefined variable: userinfo H:\phpStudy\WWW\1\Runtime\Cache\Home\85c15a4bfa0cca2d317beed460ec1545.php 第 490 行.
NOTIC: [8] Undefined variable: userinfo H:\phpStudy\WWW\1\Runtime\Cache\Home\85c15a4bfa0cca2d317beed460ec1545.php 第 497 行.
NOTIC: [8] Undefined variable: userinfo H:\phpStudy\WWW\1\Runtime\Cache\Home\85c15a4bfa0cca2d317beed460ec1545.php 第 504 行.
NOTIC: [8] Undefined variable: userinfo H:\phpStudy\WWW\1\Runtime\Cache\Home\85c15a4bfa0cca2d317beed460ec1545.php 第 511 行.
NOTIC: [8] Undefined variable: userinfo H:\phpStudy\WWW\1\Runtime\Cache\Home\85c15a4bfa0cca2d317beed460ec1545.php 第 518 行.
INFO: Run Behavior\ParseTemplateBehavior [ RunTime:0.018001s ]
INFO: [ view_parse ] --END-- [ RunTime:0.018001s ]
INFO: [ view_filter ] --START--
INFO: Run Behavior\WriteHtmlCacheBehavior [ RunTime:0.001000s ]
INFO: [ view_filter ] --END-- [ RunTime:0.001000s ]
INFO: [ app_end ] --START--
INFO: Run Behavior\ShowPageTraceBehavior [ RunTime:0.001000s ]
INFO: [ app_end ] --END-- [ RunTime:0.001000s ]

[ 2019-03-03T17:22:27+08:00 ] ::1 /1/index.php/Home/User/tongzhi.html
INFO: [ app_init ] --START--
INFO: Run Behavior\BuildLiteBehavior [ RunTime:0.000000s ]
INFO: [ app_init ] --END-- [ RunTime:0.000000s ]
INFO: [ app_begin ] --START--
INFO: Run Behavior\ReadHtmlCacheBehavior [ RunTime:0.000000s ]
INFO: [ app_begin ] --END-- [ RunTime:0.000000s ]
SQL: SHOW COLUMNS FROM `zhuyi` [ RunTime:0.0030s ]
SQL: SELECT MAX(id) AS tp_max FROM `zhuyi` LIMIT 1   [ RunTime:0.0000s ]
SQL: SELECT * FROM `zhuyi` WHERE `id` = 25  [ RunTime:0.0000s ]
SQL: SELECT * FROM `zhuyi` WHERE `id` = 24  [ RunTime:0.0010s ]
SQL: SELECT * FROM `zhuyi` WHERE `id` = 23  [ RunTime:0.0000s ]
SQL: SELECT * FROM `zhuyi` WHERE `id` = 22  [ RunTime:0.0000s ]
SQL: SELECT * FROM `zhuyi` WHERE `id` = 21  [ RunTime:0.0000s ]
SQL: SELECT * FROM `zhuyi` WHERE `id` = 20  [ RunTime:0.0000s ]
INFO: [ view_parse ] --START--
INFO: [ template_filter ] --START--
INFO: Run Behavior\ContentReplaceBehavior [ RunTime:0.000000s ]
INFO: [ template_filter ] --END-- [ RunTime:0.000000s ]
NOTIC: [8] Undefined variable: examtell H:\phpStudy\WWW\1\Runtime\Cache\Home\df7321714e8b029bc710c39f76763d26.php 第 306 行.
NOTIC: [8] Undefined variable: examtell H:\phpStudy\WWW\1\Runtime\Cache\Home\df7321714e8b029bc710c39f76763d26.php 第 307 行.
NOTIC: [8] Undefined variable: userinfo H:\phpStudy\WWW\1\Runtime\Cache\Home\df7321714e8b029bc710c39f76763d26.php 第 394 行.
NOTIC: [8] Undefined variable: userinfo H:\phpStudy\WWW\1\Runtime\Cache\Home\df7321714e8b029bc710c39f76763d26.php 第 401 行.
NOTIC: [8] Undefined variable: userinfo H:\phpStudy\WWW\1\Runtime\Cache\Home\df7321714e8b029bc710c39f76763d26.php 第 408 行.
NOTIC: [8] Undefined variable: userinfo H:\phpStudy\WWW\1\Runtime\Cache\Home\df7321714e8b029bc710c39f76763d26.php 第 415 行.
NOTIC: [8] Undefined variable: userinfo H:\phpStudy\WWW\1\Runtime\Cache\Home\df7321714e8b029bc710c39f76763d26.php 第 422 行.
NOTIC: [8] Undefined variable: userinfo H:\phpStudy\WWW\1\Runtime\Cache\Home\df7321714e8b029bc710c39f76763d26.php 第 453 行.
NOTIC: [8] Undefined variable: userinfo H:\phpStudy\WWW\1\Runtime\Cache\Home\df7321714e8b029bc710c39f76763d26.php 第 490 行.
NOTIC: [8] Undefined variable: userinfo H:\phpStudy\WWW\1\Runtime\Cache\Home\df7321714e8b029bc710c39f76763d26.php 第 497 行.
NOTIC: [8] Undefined variable: userinfo H:\phpStudy\WWW\1\Runtime\Cache\Home\df7321714e8b029bc710c39f76763d26.php 第 504 行.
NOTIC: [8] Undefined variable: userinfo H:\phpStudy\WWW\1\Runtime\Cache\Home\df7321714e8b029bc710c39f76763d26.php 第 511 行.
NOTIC: [8] Undefined variable: userinfo H:\phpStudy\WWW\1\Runtime\Cache\Home\df7321714e8b029bc710c39f76763d26.php 第 518 行.
INFO: Run Behavior\ParseTemplateBehavior [ RunTime:2.197125s ]
INFO: [ view_parse ] --END-- [ RunTime:2.197125s ]
INFO: [ view_filter ] --START--
INFO: Run Behavior\WriteHtmlCacheBehavior [ RunTime:0.001000s ]
INFO: [ view_filter ] --END-- [ RunTime:0.001000s ]
INFO: [ app_end ] --START--
INFO: Run Behavior\ShowPageTraceBehavior [ RunTime:0.001000s ]
INFO: [ app_end ] --END-- [ RunTime:0.002000s ]

[ 2019-03-03T17:22:27+08:00 ] ::1 /1/index.php/Home/User/ziliao.html
INFO: [ app_init ] --START--
INFO: Run Behavior\BuildLiteBehavior [ RunTime:0.000000s ]
INFO: [ app_init ] --END-- [ RunTime:0.000000s ]
INFO: [ app_begin ] --START--
INFO: Run Behavior\ReadHtmlCacheBehavior [ RunTime:0.001000s ]
INFO: [ app_begin ] --END-- [ RunTime:0.001000s ]
SQL: SHOW COLUMNS FROM `user` [ RunTime:0.0040s ]
SQL: SELECT max(id) FROM `user` WHERE `account` = 'magina99'  [ RunTime:0.0020s ]
SQL: SELECT * FROM `user` WHERE `id` = 812  [ RunTime:0.0010s ]
NOTIC: [8] Use of undefined constant account - assumed 'account' H:\phpStudy\WWW\1\Application\Home\Controller\UserController.class.php 第 257 行.
SQL: SELECT * FROM `user` WHERE `id` = 812  [ RunTime:0.0000s ]
NOTIC: [8] Use of undefined constant real_account - assumed 'real_account' H:\phpStudy\WWW\1\Application\Home\Controller\UserController.class.php 第 258 行.
SQL: SELECT * FROM `user` WHERE `id` = 812  [ RunTime:0.0010s ]
NOTIC: [8] Use of undefined constant sex - assumed 'sex' H:\phpStudy\WWW\1\Application\Home\Controller\UserController.class.php 第 259 行.
SQL: SELECT * FROM `user` WHERE `id` = 812  [ RunTime:0.0000s ]
NOTIC: [8] Use of undefined constant birth - assumed 'birth' H:\phpStudy\WWW\1\Application\Home\Controller\UserController.class.php 第 260 行.
SQL: SELECT * FROM `user` WHERE `id` = 812  [ RunTime:0.0000s ]
NOTIC: [8] Use of undefined constant id_card - assumed 'id_card' H:\phpStudy\WWW\1\Application\Home\Controller\UserController.class.php 第 261 行.
SQL: SELECT * FROM `user` WHERE `id` = 812  [ RunTime:0.0000s ]
NOTIC: [8] Use of undefined constant profession - assumed 'profession' H:\phpStudy\WWW\1\Application\Home\Controller\UserController.class.php 第 262 行.
SQL: SELECT * FROM `user` WHERE `id` = 812  [ RunTime:0.0000s ]
NOTIC: [8] Use of undefined constant school - assumed 'school' H:\phpStudy\WWW\1\Application\Home\Controller\UserController.class.php 第 263 行.
SQL: SELECT * FROM `user` WHERE `id` = 812  [ RunTime:0.0010s ]
NOTIC: [8] Use of undefined constant major - assumed 'major' H:\phpStudy\WWW\1\Application\Home\Controller\UserController.class.php 第 264 行.
SQL: SELECT * FROM `user` WHERE `id` = 812  [ RunTime:0.0000s ]
NOTIC: [8] Use of undefined constant education - assumed 'education' H:\phpStudy\WWW\1\Application\Home\Controller\UserController.class.php 第 265 行.
SQL: SELECT * FROM `user` WHERE `id` = 812  [ RunTime:0.0010s ]
NOTIC: [8] Use of undefined constant graduate - assumed 'graduate' H:\phpStudy\WWW\1\Application\Home\Controller\UserController.class.php 第 266 行.
SQL: SELECT * FROM `user` WHERE `id` = 812  [ RunTime:0.0000s ]
NOTIC: [8] Use of undefined constant work_address - assumed 'work_address' H:\phpStudy\WWW\1\Application\Home\Controller\UserController.class.php 第 267 行.
SQL: SELECT * FROM `user` WHERE `id` = 812  [ RunTime:0.0000s ]
NOTIC: [8] Use of undefined constant phone - assumed 'phone' H:\phpStudy\WWW\1\Application\Home\Controller\UserController.class.php 第 268 行.
SQL: SELECT * FROM `user` WHERE `id` = 812  [ RunTime:0.0000s ]
NOTIC: [8] Use of undefined constant post_address - assumed 'post_address' H:\phpStudy\WWW\1\Application\Home\Controller\UserController.class.php 第 269 行.
SQL: SELECT * FROM `user` WHERE `id` = 812  [ RunTime:0.0010s ]
NOTIC: [8] Use of undefined constant mail - assumed 'mail' H:\phpStudy\WWW\1\Application\Home\Controller\UserController.class.php 第 270 行.
SQL: SELECT * FROM `user` WHERE `id` = 812  [ RunTime:0.0000s ]
NOTIC: [8] Use of undefined constant addr - assumed 'addr' H:\phpStudy\WWW\1\Application\Home\Controller\UserController.class.php 第 271 行.
INFO: [ view_parse ] --START--
INFO: [ template_filter ] --START--
INFO: Run Behavior\ContentReplaceBehavior [ RunTime:0.000000s ]
INFO: [ template_filter ] --END-- [ RunTime:0.000000s ]
NOTIC: [8] Undefined variable: examtell H:\phpStudy\WWW\1\Runtime\Cache\Home\08e8f608b0620d3456aa521f10cf861e.php 第 306 行.
NOTIC: [8] Undefined variable: examtell H:\phpStudy\WWW\1\Runtime\Cache\Home\08e8f608b0620d3456aa521f10cf861e.php 第 307 行.
NOTIC: [8] Undefined variable: userinfo H:\phpStudy\WWW\1\Runtime\Cache\Home\08e8f608b0620d3456aa521f10cf861e.php 第 394 行.
NOTIC: [8] Undefined variable: userinfo H:\phpStudy\WWW\1\Runtime\Cache\Home\08e8f608b0620d3456aa521f10cf861e.php 第 401 行.
NOTIC: [8] Undefined variable: userinfo H:\phpStudy\WWW\1\Runtime\Cache\Home\08e8f608b0620d3456aa521f10cf861e.php 第 408 行.
NOTIC: [8] Undefined variable: userinfo H:\phpStudy\WWW\1\Runtime\Cache\Home\08e8f608b0620d3456aa521f10cf861e.php 第 415 行.
NOTIC: [8] Undefined variable: userinfo H:\phpStudy\WWW\1\Runtime\Cache\Home\08e8f608b0620d3456aa521f10cf861e.php 第 422 行.
NOTIC: [8] Undefined variable: userinfo H:\phpStudy\WWW\1\Runtime\Cache\Home\08e8f608b0620d3456aa521f10cf861e.php 第 453 行.
NOTIC: [8] Undefined variable: userinfo H:\phpStudy\WWW\1\Runtime\Cache\Home\08e8f608b0620d3456aa521f10cf861e.php 第 490 行.
NOTIC: [8] Undefined variable: userinfo H:\phpStudy\WWW\1\Runtime\Cache\Home\08e8f608b0620d3456aa521f10cf861e.php 第 497 行.
NOTIC: [8] Undefined variable: userinfo H:\phpStudy\WWW\1\Runtime\Cache\Home\08e8f608b0620d3456aa521f10cf861e.php 第 504 行.
NOTIC: [8] Undefined variable: userinfo H:\phpStudy\WWW\1\Runtime\Cache\Home\08e8f608b0620d3456aa521f10cf861e.php 第 511 行.
NOTIC: [8] Undefined variable: userinfo H:\phpStudy\WWW\1\Runtime\Cache\Home\08e8f608b0620d3456aa521f10cf861e.php 第 518 行.
INFO: Run Behavior\ParseTemplateBehavior [ RunTime:0.020001s ]
INFO: [ view_parse ] --END-- [ RunTime:0.020001s ]
INFO: [ view_filter ] --START--
INFO: Run Behavior\WriteHtmlCacheBehavior [ RunTime:0.000000s ]
INFO: [ view_filter ] --END-- [ RunTime:0.000000s ]
INFO: [ app_end ] --START--
INFO: Run Behavior\ShowPageTraceBehavior [ RunTime:0.001000s ]
INFO: [ app_end ] --END-- [ RunTime:0.001000s ]

[ 2019-03-03T17:22:29+08:00 ] ::1 /1/index.php/Home/User/hegezheng.html
INFO: [ app_init ] --START--
INFO: Run Behavior\BuildLiteBehavior [ RunTime:0.000000s ]
INFO: [ app_init ] --END-- [ RunTime:0.001000s ]
INFO: [ app_begin ] --START--
INFO: Run Behavior\ReadHtmlCacheBehavior [ RunTime:0.000000s ]
INFO: [ app_begin ] --END-- [ RunTime:0.000000s ]
INFO: [ view_parse ] --START--
INFO: [ template_filter ] --START--
INFO: Run Behavior\ContentReplaceBehavior [ RunTime:0.000000s ]
INFO: [ template_filter ] --END-- [ RunTime:0.000000s ]
NOTIC: [8] Undefined variable: examtell H:\phpStudy\WWW\1\Runtime\Cache\Home\114bc4a0da12ca107f75dc038974b2f8.php 第 306 行.
NOTIC: [8] Undefined variable: examtell H:\phpStudy\WWW\1\Runtime\Cache\Home\114bc4a0da12ca107f75dc038974b2f8.php 第 307 行.
NOTIC: [8] Undefined variable: userinfo H:\phpStudy\WWW\1\Runtime\Cache\Home\114bc4a0da12ca107f75dc038974b2f8.php 第 394 行.
NOTIC: [8] Undefined variable: userinfo H:\phpStudy\WWW\1\Runtime\Cache\Home\114bc4a0da12ca107f75dc038974b2f8.php 第 401 行.
NOTIC: [8] Undefined variable: userinfo H:\phpStudy\WWW\1\Runtime\Cache\Home\114bc4a0da12ca107f75dc038974b2f8.php 第 408 行.
NOTIC: [8] Undefined variable: userinfo H:\phpStudy\WWW\1\Runtime\Cache\Home\114bc4a0da12ca107f75dc038974b2f8.php 第 415 行.
NOTIC: [8] Undefined variable: userinfo H:\phpStudy\WWW\1\Runtime\Cache\Home\114bc4a0da12ca107f75dc038974b2f8.php 第 422 行.
NOTIC: [8] Undefined variable: userinfo H:\phpStudy\WWW\1\Runtime\Cache\Home\114bc4a0da12ca107f75dc038974b2f8.php 第 453 行.
NOTIC: [8] Undefined variable: userinfo H:\phpStudy\WWW\1\Runtime\Cache\Home\114bc4a0da12ca107f75dc038974b2f8.php 第 490 行.
NOTIC: [8] Undefined variable: userinfo H:\phpStudy\WWW\1\Runtime\Cache\Home\114bc4a0da12ca107f75dc038974b2f8.php 第 497 行.
NOTIC: [8] Undefined variable: userinfo H:\phpStudy\WWW\1\Runtime\Cache\Home\114bc4a0da12ca107f75dc038974b2f8.php 第 504 行.
NOTIC: [8] Undefined variable: userinfo H:\phpStudy\WWW\1\Runtime\Cache\Home\114bc4a0da12ca107f75dc038974b2f8.php 第 511 行.
NOTIC: [8] Undefined variable: userinfo H:\phpStudy\WWW\1\Runtime\Cache\Home\114bc4a0da12ca107f75dc038974b2f8.php 第 518 行.
INFO: Run Behavior\ParseTemplateBehavior [ RunTime:0.026002s ]
INFO: [ view_parse ] --END-- [ RunTime:0.026002s ]
INFO: [ view_filter ] --START--
INFO: Run Behavior\WriteHtmlCacheBehavior [ RunTime:0.000000s ]
INFO: [ view_filter ] --END-- [ RunTime:0.000000s ]
INFO: [ app_end ] --START--
INFO: Run Behavior\ShowPageTraceBehavior [ RunTime:0.001000s ]
INFO: [ app_end ] --END-- [ RunTime:0.001000s ]

[ 2019-03-03T17:22:37+08:00 ] ::1 /1/index.php/Home/User/printzs.html
INFO: [ app_init ] --START--
INFO: Run Behavior\BuildLiteBehavior [ RunTime:0.000000s ]
INFO: [ app_init ] --END-- [ RunTime:0.001000s ]
INFO: [ app_begin ] --START--
INFO: Run Behavior\ReadHtmlCacheBehavior [ RunTime:0.001000s ]
INFO: [ app_begin ] --END-- [ RunTime:0.001000s ]
SQL: SHOW COLUMNS FROM `user` [ RunTime:0.0030s ]
SQL: SHOW COLUMNS FROM `exam` [ RunTime:0.0620s ]
SQL: SHOW COLUMNS FROM `notice` [ RunTime:0.0030s ]
SQL: SELECT max(id) FROM `user` WHERE `account` = 'magina99'  [ RunTime:0.0010s ]
SQL: SELECT * FROM `user` WHERE `id` = 812  [ RunTime:0.0000s ]
NOTIC: [8] Use of undefined constant score - assumed 'score' H:\phpStudy\WWW\1\Application\Home\Controller\UserController.class.php 第 456 行.
SQL: SELECT * FROM `user` WHERE `id` = 812  [ RunTime:0.0010s ]
NOTIC: [8] Use of undefined constant date - assumed 'date' H:\phpStudy\WWW\1\Application\Home\Controller\UserController.class.php 第 457 行.
SQL: SELECT max(id) FROM `exam`  [ RunTime:0.0000s ]
SQL: SELECT max(id) FROM `notice`  [ RunTime:0.0000s ]
SQL: SELECT * FROM `user` WHERE `id` = 812  [ RunTime:0.0000s ]
SQL: SELECT * FROM `user` WHERE `id` = 812  [ RunTime:0.0000s ]
NOTIC: [8] Use of undefined constant date - assumed 'date' H:\phpStudy\WWW\1\Application\Home\Controller\UserController.class.php 第 461 行.
SQL: SELECT `subject` FROM `notice` WHERE `id` = 13  [ RunTime:0.0000s ]
SQL: SELECT * FROM `exam` WHERE `id` = 11  [ RunTime:0.0070s ]
NOTIC: [8] Use of undefined constant time - assumed 'time' H:\phpStudy\WWW\1\Application\Home\Controller\UserController.class.php 第 464 行.
SQL: SELECT `time` FROM `exam` WHERE `id` = 11  [ RunTime:0.0000s ]
NOTIC: [8] Use of undefined constant time - assumed 'time' H:\phpStudy\WWW\1\Application\Home\Controller\UserController.class.php 第 469 行.
INFO: [ app_end ] --START--
INFO: Run Behavior\ShowPageTraceBehavior [ RunTime:0.001000s ]
INFO: [ app_end ] --END-- [ RunTime:0.001000s ]

[ 2019-03-03T17:22:45+08:00 ] ::1 /1/index.php/Home/User/shenhe.html
INFO: [ app_init ] --START--
INFO: Run Behavior\BuildLiteBehavior [ RunTime:0.000000s ]
INFO: [ app_init ] --END-- [ RunTime:0.000000s ]
INFO: [ app_begin ] --START--
INFO: Run Behavior\ReadHtmlCacheBehavior [ RunTime:0.000000s ]
INFO: [ app_begin ] --END-- [ RunTime:0.000000s ]
SQL: SHOW COLUMNS FROM `user` [ RunTime:0.0030s ]
SQL: SHOW COLUMNS FROM `notice` [ RunTime:0.0040s ]
SQL: SELECT MAX(id) AS tp_max FROM `user` WHERE `account` = 'magina99' LIMIT 1   [ RunTime:0.0020s ]
SQL: SELECT MAX(id) AS tp_max FROM `notice` LIMIT 1   [ RunTime:0.0000s ]
SQL: SELECT `date` FROM `notice` WHERE `id` = 13  [ RunTime:0.0000s ]
NOTIC: [8] Use of undefined constant date - assumed 'date' H:\phpStudy\WWW\1\Application\Home\Controller\UserController.class.php 第 198 行.
SQL: SELECT `subject` FROM `notice` WHERE `id` = 13  [ RunTime:0.0000s ]
NOTIC: [8] Use of undefined constant subject - assumed 'subject' H:\phpStudy\WWW\1\Application\Home\Controller\UserController.class.php 第 199 行.
SQL: SELECT `pass` FROM `user` WHERE `id` = 812  [ RunTime:0.0000s ]
NOTIC: [8] Use of undefined constant pass - assumed 'pass' H:\phpStudy\WWW\1\Application\Home\Controller\UserController.class.php 第 200 行.
SQL: SELECT `reason` FROM `user` WHERE `id` = 812  [ RunTime:0.0000s ]
NOTIC: [8] Use of undefined constant reason - assumed 'reason' H:\phpStudy\WWW\1\Application\Home\Controller\UserController.class.php 第 201 行.
NOTIC: [8] Undefined index: upload1 H:\phpStudy\WWW\1\Application\Home\Controller\UserController.class.php 第 221 行.
NOTIC: [8] Undefined index: upload2 H:\phpStudy\WWW\1\Application\Home\Controller\UserController.class.php 第 225 行.
NOTIC: [8] Undefined index: upload3 H:\phpStudy\WWW\1\Application\Home\Controller\UserController.class.php 第 229 行.
NOTIC: [8] Undefined index: upload4 H:\phpStudy\WWW\1\Application\Home\Controller\UserController.class.php 第 233 行.
NOTIC: [8] Undefined index: upload5 H:\phpStudy\WWW\1\Application\Home\Controller\UserController.class.php 第 237 行.
NOTIC: [8] Undefined index: upload6 H:\phpStudy\WWW\1\Application\Home\Controller\UserController.class.php 第 241 行.
NOTIC: [8] Undefined variable: info H:\phpStudy\WWW\1\Application\Home\Controller\UserController.class.php 第 245 行.
NOTIC: [2] Invalid argument supplied for foreach() H:\phpStudy\WWW\1\Application\Home\Controller\UserController.class.php 第 245 行.
NOTIC: [8] Undefined variable: bigimg H:\phpStudy\WWW\1\Application\Home\Controller\UserController.class.php 第 250 行.
SQL: UPDATE `user` SET `path`=NULL WHERE `id` = 812 [ RunTime:0.0010s ]
INFO: [ view_parse ] --START--
INFO: [ template_filter ] --START--
INFO: Run Behavior\ContentReplaceBehavior [ RunTime:0.000000s ]
INFO: [ template_filter ] --END-- [ RunTime:0.000000s ]
NOTIC: [8] Undefined variable: examtell H:\phpStudy\WWW\1\Runtime\Cache\Home\3400d5118ed3d47597584e5642bf974e.php 第 306 行.
NOTIC: [8] Undefined variable: examtell H:\phpStudy\WWW\1\Runtime\Cache\Home\3400d5118ed3d47597584e5642bf974e.php 第 307 行.
NOTIC: [8] Undefined variable: userinfo H:\phpStudy\WWW\1\Runtime\Cache\Home\3400d5118ed3d47597584e5642bf974e.php 第 394 行.
NOTIC: [8] Undefined variable: userinfo H:\phpStudy\WWW\1\Runtime\Cache\Home\3400d5118ed3d47597584e5642bf974e.php 第 401 行.
NOTIC: [8] Undefined variable: userinfo H:\phpStudy\WWW\1\Runtime\Cache\Home\3400d5118ed3d47597584e5642bf974e.php 第 408 行.
NOTIC: [8] Undefined variable: userinfo H:\phpStudy\WWW\1\Runtime\Cache\Home\3400d5118ed3d47597584e5642bf974e.php 第 415 行.
NOTIC: [8] Undefined variable: userinfo H:\phpStudy\WWW\1\Runtime\Cache\Home\3400d5118ed3d47597584e5642bf974e.php 第 422 行.
NOTIC: [8] Undefined variable: userinfo H:\phpStudy\WWW\1\Runtime\Cache\Home\3400d5118ed3d47597584e5642bf974e.php 第 453 行.
NOTIC: [8] Undefined variable: userinfo H:\phpStudy\WWW\1\Runtime\Cache\Home\3400d5118ed3d47597584e5642bf974e.php 第 490 行.
NOTIC: [8] Undefined variable: userinfo H:\phpStudy\WWW\1\Runtime\Cache\Home\3400d5118ed3d47597584e5642bf974e.php 第 497 行.
NOTIC: [8] Undefined variable: userinfo H:\phpStudy\WWW\1\Runtime\Cache\Home\3400d5118ed3d47597584e5642bf974e.php 第 504 行.
NOTIC: [8] Undefined variable: userinfo H:\phpStudy\WWW\1\Runtime\Cache\Home\3400d5118ed3d47597584e5642bf974e.php 第 511 行.
NOTIC: [8] Undefined variable: userinfo H:\phpStudy\WWW\1\Runtime\Cache\Home\3400d5118ed3d47597584e5642bf974e.php 第 518 行.
INFO: Run Behavior\ParseTemplateBehavior [ RunTime:0.060003s ]
INFO: [ view_parse ] --END-- [ RunTime:0.060003s ]
INFO: [ view_filter ] --START--
INFO: Run Behavior\WriteHtmlCacheBehavior [ RunTime:0.000000s ]
INFO: [ view_filter ] --END-- [ RunTime:0.001000s ]
INFO: [ app_end ] --START--
INFO: Run Behavior\ShowPageTraceBehavior [ RunTime:0.000000s ]
INFO: [ app_end ] --END-- [ RunTime:0.000000s ]

[ 2019-03-03T17:22:47+08:00 ] ::1 /1/index.php/Home/User/printcard.html
INFO: [ app_init ] --START--
INFO: Run Behavior\BuildLiteBehavior [ RunTime:0.000000s ]
INFO: [ app_init ] --END-- [ RunTime:0.001001s ]
INFO: [ app_begin ] --START--
INFO: Run Behavior\ReadHtmlCacheBehavior [ RunTime:0.001000s ]
INFO: [ app_begin ] --END-- [ RunTime:0.001000s ]
SQL: SHOW COLUMNS FROM `user` [ RunTime:0.0040s ]
SQL: SHOW COLUMNS FROM `exam` [ RunTime:0.0030s ]
SQL: SELECT max(id) FROM `user` WHERE `account` = 'magina99'  [ RunTime:0.0010s ]
SQL: SELECT * FROM `user` WHERE `id` = 812  [ RunTime:0.0000s ]
NOTIC: [8] Use of undefined constant date - assumed 'date' H:\phpStudy\WWW\1\Application\Home\Controller\UserController.class.php 第 346 行.
SQL: SELECT * FROM `user` WHERE `id` = 812  [ RunTime:0.0000s ]
NOTIC: [8] Use of undefined constant group - assumed 'group' H:\phpStudy\WWW\1\Application\Home\Controller\UserController.class.php 第 347 行.
SQL: SELECT * FROM `user` WHERE `id` = 812  [ RunTime:0.0000s ]
NOTIC: [8] Use of undefined constant seat_num - assumed 'seat_num' H:\phpStudy\WWW\1\Application\Home\Controller\UserController.class.php 第 348 行.
SQL: SELECT * FROM `exam` WHERE `time` LIKE '0%'  [ RunTime:0.0010s ]
NOTIC: [8] Undefined offset: 0 H:\phpStudy\WWW\1\Application\Home\Controller\UserController.class.php 第 349 行.
SQL: SELECT * FROM `exam` WHERE `time` LIKE '0%'  [ RunTime:0.0000s ]
NOTIC: [8] Undefined offset: 0 H:\phpStudy\WWW\1\Application\Home\Controller\UserController.class.php 第 350 行.
SQL: SELECT * FROM `exam` WHERE `time` LIKE '0%'  [ RunTime:0.0000s ]
NOTIC: [8] Undefined offset: 0 H:\phpStudy\WWW\1\Application\Home\Controller\UserController.class.php 第 351 行.
NOTIC: [8] Undefined variable: sex H:\phpStudy\WWW\1\Application\Home\Controller\UserController.class.php 第 355 行.
NOTIC: [8] Undefined variable: id_card H:\phpStudy\WWW\1\Application\Home\Controller\UserController.class.php 第 356 行.
NOTIC: [8] Undefined variable: work_address H:\phpStudy\WWW\1\Application\Home\Controller\UserController.class.php 第 359 行.
NOTIC: [8] Undefined variable: exam_card H:\phpStudy\WWW\1\Application\Home\Controller\UserController.class.php 第 360 行.
INFO: [ view_parse ] --START--
INFO: [ template_filter ] --START--
INFO: Run Behavior\ContentReplaceBehavior [ RunTime:0.000000s ]
INFO: [ template_filter ] --END-- [ RunTime:0.000000s ]
NOTIC: [8] Undefined variable: examtell H:\phpStudy\WWW\1\Runtime\Cache\Home\1131eaa5de72992ef604622b76f3878c.php 第 306 行.
NOTIC: [8] Undefined variable: examtell H:\phpStudy\WWW\1\Runtime\Cache\Home\1131eaa5de72992ef604622b76f3878c.php 第 307 行.
NOTIC: [8] Undefined variable: userinfo H:\phpStudy\WWW\1\Runtime\Cache\Home\1131eaa5de72992ef604622b76f3878c.php 第 394 行.
NOTIC: [8] Undefined variable: userinfo H:\phpStudy\WWW\1\Runtime\Cache\Home\1131eaa5de72992ef604622b76f3878c.php 第 401 行.
NOTIC: [8] Undefined variable: userinfo H:\phpStudy\WWW\1\Runtime\Cache\Home\1131eaa5de72992ef604622b76f3878c.php 第 408 行.
NOTIC: [8] Undefined variable: userinfo H:\phpStudy\WWW\1\Runtime\Cache\Home\1131eaa5de72992ef604622b76f3878c.php 第 415 行.
NOTIC: [8] Undefined variable: userinfo H:\phpStudy\WWW\1\Runtime\Cache\Home\1131eaa5de72992ef604622b76f3878c.php 第 422 行.
NOTIC: [8] Undefined variable: userinfo H:\phpStudy\WWW\1\Runtime\Cache\Home\1131eaa5de72992ef604622b76f3878c.php 第 453 行.
NOTIC: [8] Undefined variable: userinfo H:\phpStudy\WWW\1\Runtime\Cache\Home\1131eaa5de72992ef604622b76f3878c.php 第 490 行.
NOTIC: [8] Undefined variable: userinfo H:\phpStudy\WWW\1\Runtime\Cache\Home\1131eaa5de72992ef604622b76f3878c.php 第 497 行.
NOTIC: [8] Undefined variable: userinfo H:\phpStudy\WWW\1\Runtime\Cache\Home\1131eaa5de72992ef604622b76f3878c.php 第 504 行.
NOTIC: [8] Undefined variable: userinfo H:\phpStudy\WWW\1\Runtime\Cache\Home\1131eaa5de72992ef604622b76f3878c.php 第 511 行.
NOTIC: [8] Undefined variable: userinfo H:\phpStudy\WWW\1\Runtime\Cache\Home\1131eaa5de72992ef604622b76f3878c.php 第 518 行.
INFO: Run Behavior\ParseTemplateBehavior [ RunTime:0.016001s ]
INFO: [ view_parse ] --END-- [ RunTime:0.016001s ]
INFO: [ view_filter ] --START--
INFO: Run Behavior\WriteHtmlCacheBehavior [ RunTime:0.000000s ]
INFO: [ view_filter ] --END-- [ RunTime:0.000000s ]
INFO: [ app_end ] --START--
INFO: Run Behavior\ShowPageTraceBehavior [ RunTime:0.000000s ]
INFO: [ app_end ] --END-- [ RunTime:0.000000s ]

[ 2019-03-03T17:23:34+08:00 ] ::1 /1/index.php/Home/User/result.html
INFO: [ app_init ] --START--
INFO: Run Behavior\BuildLiteBehavior [ RunTime:0.000000s ]
INFO: [ app_init ] --END-- [ RunTime:0.000000s ]
INFO: [ app_begin ] --START--
INFO: Run Behavior\ReadHtmlCacheBehavior [ RunTime:0.000000s ]
INFO: [ app_begin ] --END-- [ RunTime:0.000000s ]
SQL: SHOW COLUMNS FROM `user` [ RunTime:0.0040s ]
SQL: SHOW COLUMNS FROM `exam` [ RunTime:0.0040s ]
SQL: SELECT * FROM `user` WHERE `account` = 'magina99' AND `pass` = 1 AND `flag` = 1  [ RunTime:0.0020s ]
SQL: SELECT * FROM `exam`  [ RunTime:0.0000s ]
NOTIC: [8] Undefined variable: examHistory H:\phpStudy\WWW\1\Application\Home\Controller\UserController.class.php 第 441 行.
INFO: [ view_parse ] --START--
INFO: [ template_filter ] --START--
INFO: Run Behavior\ContentReplaceBehavior [ RunTime:0.001000s ]
INFO: [ template_filter ] --END-- [ RunTime:0.001000s ]
NOTIC: [8] Undefined variable: examtell H:\phpStudy\WWW\1\Runtime\Cache\Home\18aba97669fd767de45ab4071dcbed12.php 第 306 行.
NOTIC: [8] Undefined variable: examtell H:\phpStudy\WWW\1\Runtime\Cache\Home\18aba97669fd767de45ab4071dcbed12.php 第 307 行.
NOTIC: [8] Undefined variable: userinfo H:\phpStudy\WWW\1\Runtime\Cache\Home\18aba97669fd767de45ab4071dcbed12.php 第 394 行.
NOTIC: [8] Undefined variable: userinfo H:\phpStudy\WWW\1\Runtime\Cache\Home\18aba97669fd767de45ab4071dcbed12.php 第 401 行.
NOTIC: [8] Undefined variable: userinfo H:\phpStudy\WWW\1\Runtime\Cache\Home\18aba97669fd767de45ab4071dcbed12.php 第 408 行.
NOTIC: [8] Undefined variable: userinfo H:\phpStudy\WWW\1\Runtime\Cache\Home\18aba97669fd767de45ab4071dcbed12.php 第 415 行.
NOTIC: [8] Undefined variable: userinfo H:\phpStudy\WWW\1\Runtime\Cache\Home\18aba97669fd767de45ab4071dcbed12.php 第 422 行.
NOTIC: [8] Undefined variable: userinfo H:\phpStudy\WWW\1\Runtime\Cache\Home\18aba97669fd767de45ab4071dcbed12.php 第 453 行.
NOTIC: [8] Undefined variable: userinfo H:\phpStudy\WWW\1\Runtime\Cache\Home\18aba97669fd767de45ab4071dcbed12.php 第 490 行.
NOTIC: [8] Undefined variable: userinfo H:\phpStudy\WWW\1\Runtime\Cache\Home\18aba97669fd767de45ab4071dcbed12.php 第 497 行.
NOTIC: [8] Undefined variable: userinfo H:\phpStudy\WWW\1\Runtime\Cache\Home\18aba97669fd767de45ab4071dcbed12.php 第 504 行.
NOTIC: [8] Undefined variable: userinfo H:\phpStudy\WWW\1\Runtime\Cache\Home\18aba97669fd767de45ab4071dcbed12.php 第 511 行.
NOTIC: [8] Undefined variable: userinfo H:\phpStudy\WWW\1\Runtime\Cache\Home\18aba97669fd767de45ab4071dcbed12.php 第 518 行.
INFO: Run Behavior\ParseTemplateBehavior [ RunTime:0.437025s ]
INFO: [ view_parse ] --END-- [ RunTime:0.437025s ]
INFO: [ view_filter ] --START--
INFO: Run Behavior\WriteHtmlCacheBehavior [ RunTime:0.001000s ]
INFO: [ view_filter ] --END-- [ RunTime:0.001000s ]
INFO: [ app_end ] --START--
INFO: Run Behavior\ShowPageTraceBehavior [ RunTime:0.000000s ]
INFO: [ app_end ] --END-- [ RunTime:0.000000s ]

[ 2019-03-03T17:23:35+08:00 ] ::1 /1/index.php/Home/User/result.html
INFO: [ app_init ] --START--
INFO: Run Behavior\BuildLiteBehavior [ RunTime:0.000000s ]
INFO: [ app_init ] --END-- [ RunTime:0.001000s ]
INFO: [ app_begin ] --START--
INFO: Run Behavior\ReadHtmlCacheBehavior [ RunTime:0.001000s ]
INFO: [ app_begin ] --END-- [ RunTime:0.001000s ]
SQL: SHOW COLUMNS FROM `user` [ RunTime:0.0040s ]
SQL: SHOW COLUMNS FROM `exam` [ RunTime:0.0040s ]
SQL: SELECT * FROM `user` WHERE `account` = 'magina99' AND `pass` = 1 AND `flag` = 1  [ RunTime:0.0010s ]
SQL: SELECT * FROM `exam`  [ RunTime:0.0010s ]
NOTIC: [8] Undefined variable: examHistory H:\phpStudy\WWW\1\Application\Home\Controller\UserController.class.php 第 441 行.
INFO: [ view_parse ] --START--
INFO: [ template_filter ] --START--
INFO: Run Behavior\ContentReplaceBehavior [ RunTime:0.000000s ]
INFO: [ template_filter ] --END-- [ RunTime:0.000000s ]
NOTIC: [8] Undefined variable: examtell H:\phpStudy\WWW\1\Runtime\Cache\Home\18aba97669fd767de45ab4071dcbed12.php 第 306 行.
NOTIC: [8] Undefined variable: examtell H:\phpStudy\WWW\1\Runtime\Cache\Home\18aba97669fd767de45ab4071dcbed12.php 第 307 行.
NOTIC: [8] Undefined variable: userinfo H:\phpStudy\WWW\1\Runtime\Cache\Home\18aba97669fd767de45ab4071dcbed12.php 第 394 行.
NOTIC: [8] Undefined variable: userinfo H:\phpStudy\WWW\1\Runtime\Cache\Home\18aba97669fd767de45ab4071dcbed12.php 第 401 行.
NOTIC: [8] Undefined variable: userinfo H:\phpStudy\WWW\1\Runtime\Cache\Home\18aba97669fd767de45ab4071dcbed12.php 第 408 行.
NOTIC: [8] Undefined variable: userinfo H:\phpStudy\WWW\1\Runtime\Cache\Home\18aba97669fd767de45ab4071dcbed12.php 第 415 行.
NOTIC: [8] Undefined variable: userinfo H:\phpStudy\WWW\1\Runtime\Cache\Home\18aba97669fd767de45ab4071dcbed12.php 第 422 行.
NOTIC: [8] Undefined variable: userinfo H:\phpStudy\WWW\1\Runtime\Cache\Home\18aba97669fd767de45ab4071dcbed12.php 第 453 行.
NOTIC: [8] Undefined variable: userinfo H:\phpStudy\WWW\1\Runtime\Cache\Home\18aba97669fd767de45ab4071dcbed12.php 第 490 行.
NOTIC: [8] Undefined variable: userinfo H:\phpStudy\WWW\1\Runtime\Cache\Home\18aba97669fd767de45ab4071dcbed12.php 第 497 行.
NOTIC: [8] Undefined variable: userinfo H:\phpStudy\WWW\1\Runtime\Cache\Home\18aba97669fd767de45ab4071dcbed12.php 第 504 行.
NOTIC: [8] Undefined variable: userinfo H:\phpStudy\WWW\1\Runtime\Cache\Home\18aba97669fd767de45ab4071dcbed12.php 第 511 行.
NOTIC: [8] Undefined variable: userinfo H:\phpStudy\WWW\1\Runtime\Cache\Home\18aba97669fd767de45ab4071dcbed12.php 第 518 行.
INFO: Run Behavior\ParseTemplateBehavior [ RunTime:0.019001s ]
INFO: [ view_parse ] --END-- [ RunTime:0.019001s ]
INFO: [ view_filter ] --START--
INFO: Run Behavior\WriteHtmlCacheBehavior [ RunTime:0.000000s ]
INFO: [ view_filter ] --END-- [ RunTime:0.000000s ]
INFO: [ app_end ] --START--
INFO: Run Behavior\ShowPageTraceBehavior [ RunTime:0.000000s ]
INFO: [ app_end ] --END-- [ RunTime:0.000000s ]

[ 2019-03-03T17:23:36+08:00 ] ::1 /1/index.php/Home/User/printcard.html
INFO: [ app_init ] --START--
INFO: Run Behavior\BuildLiteBehavior [ RunTime:0.000000s ]
INFO: [ app_init ] --END-- [ RunTime:0.000000s ]
INFO: [ app_begin ] --START--
INFO: Run Behavior\ReadHtmlCacheBehavior [ RunTime:0.000000s ]
INFO: [ app_begin ] --END-- [ RunTime:0.000000s ]
SQL: SHOW COLUMNS FROM `user` [ RunTime:0.0040s ]
SQL: SHOW COLUMNS FROM `exam` [ RunTime:0.0040s ]
SQL: SELECT max(id) FROM `user` WHERE `account` = 'magina99'  [ RunTime:0.0010s ]
SQL: SELECT * FROM `user` WHERE `id` = 812  [ RunTime:0.0000s ]
NOTIC: [8] Use of undefined constant date - assumed 'date' H:\phpStudy\WWW\1\Application\Home\Controller\UserController.class.php 第 346 行.
SQL: SELECT * FROM `user` WHERE `id` = 812  [ RunTime:0.0000s ]
NOTIC: [8] Use of undefined constant group - assumed 'group' H:\phpStudy\WWW\1\Application\Home\Controller\UserController.class.php 第 347 行.
SQL: SELECT * FROM `user` WHERE `id` = 812  [ RunTime:0.0000s ]
NOTIC: [8] Use of undefined constant seat_num - assumed 'seat_num' H:\phpStudy\WWW\1\Application\Home\Controller\UserController.class.php 第 348 行.
SQL: SELECT * FROM `exam` WHERE `time` LIKE '0%'  [ RunTime:0.0000s ]
NOTIC: [8] Undefined offset: 0 H:\phpStudy\WWW\1\Application\Home\Controller\UserController.class.php 第 349 行.
SQL: SELECT * FROM `exam` WHERE `time` LIKE '0%'  [ RunTime:0.0010s ]
NOTIC: [8] Undefined offset: 0 H:\phpStudy\WWW\1\Application\Home\Controller\UserController.class.php 第 350 行.
SQL: SELECT * FROM `exam` WHERE `time` LIKE '0%'  [ RunTime:0.0000s ]
NOTIC: [8] Undefined offset: 0 H:\phpStudy\WWW\1\Application\Home\Controller\UserController.class.php 第 351 行.
NOTIC: [8] Undefined variable: sex H:\phpStudy\WWW\1\Application\Home\Controller\UserController.class.php 第 355 行.
NOTIC: [8] Undefined variable: id_card H:\phpStudy\WWW\1\Application\Home\Controller\UserController.class.php 第 356 行.
NOTIC: [8] Undefined variable: work_address H:\phpStudy\WWW\1\Application\Home\Controller\UserController.class.php 第 359 行.
NOTIC: [8] Undefined variable: exam_card H:\phpStudy\WWW\1\Application\Home\Controller\UserController.class.php 第 360 行.
INFO: [ view_parse ] --START--
INFO: [ template_filter ] --START--
INFO: Run Behavior\ContentReplaceBehavior [ RunTime:0.001000s ]
INFO: [ template_filter ] --END-- [ RunTime:0.001000s ]
NOTIC: [8] Undefined variable: examtell H:\phpStudy\WWW\1\Runtime\Cache\Home\1131eaa5de72992ef604622b76f3878c.php 第 306 行.
NOTIC: [8] Undefined variable: examtell H:\phpStudy\WWW\1\Runtime\Cache\Home\1131eaa5de72992ef604622b76f3878c.php 第 307 行.
NOTIC: [8] Undefined variable: userinfo H:\phpStudy\WWW\1\Runtime\Cache\Home\1131eaa5de72992ef604622b76f3878c.php 第 394 行.
NOTIC: [8] Undefined variable: userinfo H:\phpStudy\WWW\1\Runtime\Cache\Home\1131eaa5de72992ef604622b76f3878c.php 第 401 行.
NOTIC: [8] Undefined variable: userinfo H:\phpStudy\WWW\1\Runtime\Cache\Home\1131eaa5de72992ef604622b76f3878c.php 第 408 行.
NOTIC: [8] Undefined variable: userinfo H:\phpStudy\WWW\1\Runtime\Cache\Home\1131eaa5de72992ef604622b76f3878c.php 第 415 行.
NOTIC: [8] Undefined variable: userinfo H:\phpStudy\WWW\1\Runtime\Cache\Home\1131eaa5de72992ef604622b76f3878c.php 第 422 行.
NOTIC: [8] Undefined variable: userinfo H:\phpStudy\WWW\1\Runtime\Cache\Home\1131eaa5de72992ef604622b76f3878c.php 第 453 行.
NOTIC: [8] Undefined variable: userinfo H:\phpStudy\WWW\1\Runtime\Cache\Home\1131eaa5de72992ef604622b76f3878c.php 第 490 行.
NOTIC: [8] Undefined variable: userinfo H:\phpStudy\WWW\1\Runtime\Cache\Home\1131eaa5de72992ef604622b76f3878c.php 第 497 行.
NOTIC: [8] Undefined variable: userinfo H:\phpStudy\WWW\1\Runtime\Cache\Home\1131eaa5de72992ef604622b76f3878c.php 第 504 行.
NOTIC: [8] Undefined variable: userinfo H:\phpStudy\WWW\1\Runtime\Cache\Home\1131eaa5de72992ef604622b76f3878c.php 第 511 行.
NOTIC: [8] Undefined variable: userinfo H:\phpStudy\WWW\1\Runtime\Cache\Home\1131eaa5de72992ef604622b76f3878c.php 第 518 行.
INFO: Run Behavior\ParseTemplateBehavior [ RunTime:0.018001s ]
INFO: [ view_parse ] --END-- [ RunTime:0.018001s ]
INFO: [ view_filter ] --START--
INFO: Run Behavior\WriteHtmlCacheBehavior [ RunTime:0.000000s ]
INFO: [ view_filter ] --END-- [ RunTime:0.000000s ]
INFO: [ app_end ] --START--
INFO: Run Behavior\ShowPageTraceBehavior [ RunTime:0.000000s ]
INFO: [ app_end ] --END-- [ RunTime:0.000000s ]

[ 2019-03-03T17:23:37+08:00 ] ::1 /1/index.php/Home/User/result.html
INFO: [ app_init ] --START--
INFO: Run Behavior\BuildLiteBehavior [ RunTime:0.000000s ]
INFO: [ app_init ] --END-- [ RunTime:0.000000s ]
INFO: [ app_begin ] --START--
INFO: Run Behavior\ReadHtmlCacheBehavior [ RunTime:0.000000s ]
INFO: [ app_begin ] --END-- [ RunTime:0.001000s ]
SQL: SHOW COLUMNS FROM `user` [ RunTime:0.0040s ]
SQL: SHOW COLUMNS FROM `exam` [ RunTime:0.0050s ]
SQL: SELECT * FROM `user` WHERE `account` = 'magina99' AND `pass` = 1 AND `flag` = 1  [ RunTime:0.0020s ]
SQL: SELECT * FROM `exam`  [ RunTime:0.0000s ]
NOTIC: [8] Undefined variable: examHistory H:\phpStudy\WWW\1\Application\Home\Controller\UserController.class.php 第 441 行.
INFO: [ view_parse ] --START--
INFO: [ template_filter ] --START--
INFO: Run Behavior\ContentReplaceBehavior [ RunTime:0.000000s ]
INFO: [ template_filter ] --END-- [ RunTime:0.000000s ]
NOTIC: [8] Undefined variable: examtell H:\phpStudy\WWW\1\Runtime\Cache\Home\18aba97669fd767de45ab4071dcbed12.php 第 306 行.
NOTIC: [8] Undefined variable: examtell H:\phpStudy\WWW\1\Runtime\Cache\Home\18aba97669fd767de45ab4071dcbed12.php 第 307 行.
NOTIC: [8] Undefined variable: userinfo H:\phpStudy\WWW\1\Runtime\Cache\Home\18aba97669fd767de45ab4071dcbed12.php 第 394 行.
NOTIC: [8] Undefined variable: userinfo H:\phpStudy\WWW\1\Runtime\Cache\Home\18aba97669fd767de45ab4071dcbed12.php 第 401 行.
NOTIC: [8] Undefined variable: userinfo H:\phpStudy\WWW\1\Runtime\Cache\Home\18aba97669fd767de45ab4071dcbed12.php 第 408 行.
NOTIC: [8] Undefined variable: userinfo H:\phpStudy\WWW\1\Runtime\Cache\Home\18aba97669fd767de45ab4071dcbed12.php 第 415 行.
NOTIC: [8] Undefined variable: userinfo H:\phpStudy\WWW\1\Runtime\Cache\Home\18aba97669fd767de45ab4071dcbed12.php 第 422 行.
NOTIC: [8] Undefined variable: userinfo H:\phpStudy\WWW\1\Runtime\Cache\Home\18aba97669fd767de45ab4071dcbed12.php 第 453 行.
NOTIC: [8] Undefined variable: userinfo H:\phpStudy\WWW\1\Runtime\Cache\Home\18aba97669fd767de45ab4071dcbed12.php 第 490 行.
NOTIC: [8] Undefined variable: userinfo H:\phpStudy\WWW\1\Runtime\Cache\Home\18aba97669fd767de45ab4071dcbed12.php 第 497 行.
NOTIC: [8] Undefined variable: userinfo H:\phpStudy\WWW\1\Runtime\Cache\Home\18aba97669fd767de45ab4071dcbed12.php 第 504 行.
NOTIC: [8] Undefined variable: userinfo H:\phpStudy\WWW\1\Runtime\Cache\Home\18aba97669fd767de45ab4071dcbed12.php 第 511 行.
NOTIC: [8] Undefined variable: userinfo H:\phpStudy\WWW\1\Runtime\Cache\Home\18aba97669fd767de45ab4071dcbed12.php 第 518 行.
INFO: Run Behavior\ParseTemplateBehavior [ RunTime:0.019001s ]
INFO: [ view_parse ] --END-- [ RunTime:0.019001s ]
INFO: [ view_filter ] --START--
INFO: Run Behavior\WriteHtmlCacheBehavior [ RunTime:0.000000s ]
INFO: [ view_filter ] --END-- [ RunTime:0.000000s ]
INFO: [ app_end ] --START--
INFO: Run Behavior\ShowPageTraceBehavior [ RunTime:0.000000s ]
INFO: [ app_end ] --END-- [ RunTime:0.000000s ]

[ 2019-03-03T17:23:40+08:00 ] ::1 /1/index.php/Home/User/result.html
INFO: [ app_init ] --START--
INFO: Run Behavior\BuildLiteBehavior [ RunTime:0.000000s ]
INFO: [ app_init ] --END-- [ RunTime:0.000000s ]
INFO: [ app_begin ] --START--
INFO: Run Behavior\ReadHtmlCacheBehavior [ RunTime:0.000000s ]
INFO: [ app_begin ] --END-- [ RunTime:0.000000s ]
SQL: SHOW COLUMNS FROM `user` [ RunTime:0.0030s ]
SQL: SHOW COLUMNS FROM `exam` [ RunTime:0.0040s ]
SQL: SELECT * FROM `user` WHERE `account` = 'magina99' AND `pass` = 1 AND `flag` = 1  [ RunTime:0.0010s ]
SQL: SELECT * FROM `exam`  [ RunTime:0.0000s ]
NOTIC: [8] Undefined variable: examHistory H:\phpStudy\WWW\1\Application\Home\Controller\UserController.class.php 第 441 行.
INFO: [ view_parse ] --START--
INFO: [ template_filter ] --START--
INFO: Run Behavior\ContentReplaceBehavior [ RunTime:0.000000s ]
INFO: [ template_filter ] --END-- [ RunTime:0.000000s ]
NOTIC: [8] Undefined variable: examtell H:\phpStudy\WWW\1\Runtime\Cache\Home\18aba97669fd767de45ab4071dcbed12.php 第 306 行.
NOTIC: [8] Undefined variable: examtell H:\phpStudy\WWW\1\Runtime\Cache\Home\18aba97669fd767de45ab4071dcbed12.php 第 307 行.
NOTIC: [8] Undefined variable: userinfo H:\phpStudy\WWW\1\Runtime\Cache\Home\18aba97669fd767de45ab4071dcbed12.php 第 394 行.
NOTIC: [8] Undefined variable: userinfo H:\phpStudy\WWW\1\Runtime\Cache\Home\18aba97669fd767de45ab4071dcbed12.php 第 401 行.
NOTIC: [8] Undefined variable: userinfo H:\phpStudy\WWW\1\Runtime\Cache\Home\18aba97669fd767de45ab4071dcbed12.php 第 408 行.
NOTIC: [8] Undefined variable: userinfo H:\phpStudy\WWW\1\Runtime\Cache\Home\18aba97669fd767de45ab4071dcbed12.php 第 415 行.
NOTIC: [8] Undefined variable: userinfo H:\phpStudy\WWW\1\Runtime\Cache\Home\18aba97669fd767de45ab4071dcbed12.php 第 422 行.
NOTIC: [8] Undefined variable: userinfo H:\phpStudy\WWW\1\Runtime\Cache\Home\18aba97669fd767de45ab4071dcbed12.php 第 453 行.
NOTIC: [8] Undefined variable: userinfo H:\phpStudy\WWW\1\Runtime\Cache\Home\18aba97669fd767de45ab4071dcbed12.php 第 490 行.
NOTIC: [8] Undefined variable: userinfo H:\phpStudy\WWW\1\Runtime\Cache\Home\18aba97669fd767de45ab4071dcbed12.php 第 497 行.
NOTIC: [8] Undefined variable: userinfo H:\phpStudy\WWW\1\Runtime\Cache\Home\18aba97669fd767de45ab4071dcbed12.php 第 504 行.
NOTIC: [8] Undefined variable: userinfo H:\phpStudy\WWW\1\Runtime\Cache\Home\18aba97669fd767de45ab4071dcbed12.php 第 511 行.
NOTIC: [8] Undefined variable: userinfo H:\phpStudy\WWW\1\Runtime\Cache\Home\18aba97669fd767de45ab4071dcbed12.php 第 518 行.
INFO: Run Behavior\ParseTemplateBehavior [ RunTime:0.017001s ]
INFO: [ view_parse ] --END-- [ RunTime:0.017001s ]
INFO: [ view_filter ] --START--
INFO: Run Behavior\WriteHtmlCacheBehavior [ RunTime:0.001000s ]
INFO: [ view_filter ] --END-- [ RunTime:0.001000s ]
INFO: [ app_end ] --START--
INFO: Run Behavior\ShowPageTraceBehavior [ RunTime:0.000000s ]
INFO: [ app_end ] --END-- [ RunTime:0.000000s ]

[ 2019-03-03T17:28:40+08:00 ] ::1 /1/index.php/Home/User/tongzhi.html
INFO: [ app_init ] --START--
INFO: Run Behavior\BuildLiteBehavior [ RunTime:0.000000s ]
INFO: [ app_init ] --END-- [ RunTime:0.000000s ]
INFO: [ app_begin ] --START--
INFO: Run Behavior\ReadHtmlCacheBehavior [ RunTime:0.001000s ]
INFO: [ app_begin ] --END-- [ RunTime:0.001000s ]
SQL: SHOW COLUMNS FROM `zhuyi` [ RunTime:0.0030s ]
SQL: SELECT MAX(id) AS tp_max FROM `zhuyi` LIMIT 1   [ RunTime:0.0000s ]
SQL: SELECT * FROM `zhuyi` WHERE `id` = 25  [ RunTime:0.0000s ]
SQL: SELECT * FROM `zhuyi` WHERE `id` = 24  [ RunTime:0.0010s ]
SQL: SELECT * FROM `zhuyi` WHERE `id` = 23  [ RunTime:0.0000s ]
SQL: SELECT * FROM `zhuyi` WHERE `id` = 22  [ RunTime:0.0000s ]
SQL: SELECT * FROM `zhuyi` WHERE `id` = 21  [ RunTime:0.0000s ]
SQL: SELECT * FROM `zhuyi` WHERE `id` = 20  [ RunTime:0.0000s ]
INFO: [ view_parse ] --START--
INFO: [ template_filter ] --START--
INFO: Run Behavior\ContentReplaceBehavior [ RunTime:0.000000s ]
INFO: [ template_filter ] --END-- [ RunTime:0.000000s ]
NOTIC: [8] Undefined variable: examtell H:\phpStudy\WWW\1\Runtime\Cache\Home\df7321714e8b029bc710c39f76763d26.php 第 306 行.
NOTIC: [8] Undefined variable: examtell H:\phpStudy\WWW\1\Runtime\Cache\Home\df7321714e8b029bc710c39f76763d26.php 第 307 行.
NOTIC: [8] Undefined variable: userinfo H:\phpStudy\WWW\1\Runtime\Cache\Home\df7321714e8b029bc710c39f76763d26.php 第 394 行.
NOTIC: [8] Undefined variable: userinfo H:\phpStudy\WWW\1\Runtime\Cache\Home\df7321714e8b029bc710c39f76763d26.php 第 401 行.
NOTIC: [8] Undefined variable: userinfo H:\phpStudy\WWW\1\Runtime\Cache\Home\df7321714e8b029bc710c39f76763d26.php 第 408 行.
NOTIC: [8] Undefined variable: userinfo H:\phpStudy\WWW\1\Runtime\Cache\Home\df7321714e8b029bc710c39f76763d26.php 第 415 行.
NOTIC: [8] Undefined variable: userinfo H:\phpStudy\WWW\1\Runtime\Cache\Home\df7321714e8b029bc710c39f76763d26.php 第 422 行.
NOTIC: [8] Undefined variable: userinfo H:\phpStudy\WWW\1\Runtime\Cache\Home\df7321714e8b029bc710c39f76763d26.php 第 453 行.
NOTIC: [8] Undefined variable: userinfo H:\phpStudy\WWW\1\Runtime\Cache\Home\df7321714e8b029bc710c39f76763d26.php 第 490 行.
NOTIC: [8] Undefined variable: userinfo H:\phpStudy\WWW\1\Runtime\Cache\Home\df7321714e8b029bc710c39f76763d26.php 第 497 行.
NOTIC: [8] Undefined variable: userinfo H:\phpStudy\WWW\1\Runtime\Cache\Home\df7321714e8b029bc710c39f76763d26.php 第 504 行.
NOTIC: [8] Undefined variable: userinfo H:\phpStudy\WWW\1\Runtime\Cache\Home\df7321714e8b029bc710c39f76763d26.php 第 511 行.
NOTIC: [8] Undefined variable: userinfo H:\phpStudy\WWW\1\Runtime\Cache\Home\df7321714e8b029bc710c39f76763d26.php 第 518 行.
INFO: Run Behavior\ParseTemplateBehavior [ RunTime:0.018001s ]
INFO: [ view_parse ] --END-- [ RunTime:0.018001s ]
INFO: [ view_filter ] --START--
INFO: Run Behavior\WriteHtmlCacheBehavior [ RunTime:0.001000s ]
INFO: [ view_filter ] --END-- [ RunTime:0.001000s ]
INFO: [ app_end ] --START--
INFO: Run Behavior\ShowPageTraceBehavior [ RunTime:0.000000s ]
INFO: [ app_end ] --END-- [ RunTime:0.000000s ]

[ 2019-03-03T17:30:38+08:00 ] ::1 /1/index.php/Home/User/gaimi.html
INFO: [ app_init ] --START--
INFO: Run Behavior\BuildLiteBehavior [ RunTime:0.000000s ]
INFO: [ app_init ] --END-- [ RunTime:0.001000s ]
INFO: [ app_begin ] --START--
INFO: Run Behavior\ReadHtmlCacheBehavior [ RunTime:0.000000s ]
INFO: [ app_begin ] --END-- [ RunTime:0.000000s ]
INFO: [ view_parse ] --START--
INFO: [ template_filter ] --START--
INFO: Run Behavior\ContentReplaceBehavior [ RunTime:0.000000s ]
INFO: [ template_filter ] --END-- [ RunTime:0.000000s ]
NOTIC: [8] Undefined variable: examtell H:\phpStudy\WWW\1\Runtime\Cache\Home\b6b884343d09b3e842bc456bbfc928e0.php 第 306 行.
NOTIC: [8] Undefined variable: examtell H:\phpStudy\WWW\1\Runtime\Cache\Home\b6b884343d09b3e842bc456bbfc928e0.php 第 307 行.
NOTIC: [8] Undefined variable: userinfo H:\phpStudy\WWW\1\Runtime\Cache\Home\b6b884343d09b3e842bc456bbfc928e0.php 第 394 行.
NOTIC: [8] Undefined variable: userinfo H:\phpStudy\WWW\1\Runtime\Cache\Home\b6b884343d09b3e842bc456bbfc928e0.php 第 401 行.
NOTIC: [8] Undefined variable: userinfo H:\phpStudy\WWW\1\Runtime\Cache\Home\b6b884343d09b3e842bc456bbfc928e0.php 第 408 行.
NOTIC: [8] Undefined variable: userinfo H:\phpStudy\WWW\1\Runtime\Cache\Home\b6b884343d09b3e842bc456bbfc928e0.php 第 415 行.
NOTIC: [8] Undefined variable: userinfo H:\phpStudy\WWW\1\Runtime\Cache\Home\b6b884343d09b3e842bc456bbfc928e0.php 第 422 行.
NOTIC: [8] Undefined variable: userinfo H:\phpStudy\WWW\1\Runtime\Cache\Home\b6b884343d09b3e842bc456bbfc928e0.php 第 453 行.
NOTIC: [8] Undefined variable: userinfo H:\phpStudy\WWW\1\Runtime\Cache\Home\b6b884343d09b3e842bc456bbfc928e0.php 第 490 行.
NOTIC: [8] Undefined variable: userinfo H:\phpStudy\WWW\1\Runtime\Cache\Home\b6b884343d09b3e842bc456bbfc928e0.php 第 497 行.
NOTIC: [8] Undefined variable: userinfo H:\phpStudy\WWW\1\Runtime\Cache\Home\b6b884343d09b3e842bc456bbfc928e0.php 第 504 行.
NOTIC: [8] Undefined variable: userinfo H:\phpStudy\WWW\1\Runtime\Cache\Home\b6b884343d09b3e842bc456bbfc928e0.php 第 511 行.
NOTIC: [8] Undefined variable: userinfo H:\phpStudy\WWW\1\Runtime\Cache\Home\b6b884343d09b3e842bc456bbfc928e0.php 第 518 行.
INFO: Run Behavior\ParseTemplateBehavior [ RunTime:0.061003s ]
INFO: [ view_parse ] --END-- [ RunTime:0.061003s ]
INFO: [ view_filter ] --START--
INFO: Run Behavior\WriteHtmlCacheBehavior [ RunTime:0.000000s ]
INFO: [ view_filter ] --END-- [ RunTime:0.000000s ]
INFO: [ app_end ] --START--
INFO: Run Behavior\ShowPageTraceBehavior [ RunTime:0.000000s ]
INFO: [ app_end ] --END-- [ RunTime:0.001000s ]

[ 2019-03-03T17:30:40+08:00 ] ::1 /1/index.php/Home/User/gaimi.html
INFO: [ app_init ] --START--
INFO: Run Behavior\BuildLiteBehavior [ RunTime:0.001000s ]
INFO: [ app_init ] --END-- [ RunTime:0.001000s ]
INFO: [ app_begin ] --START--
INFO: Run Behavior\ReadHtmlCacheBehavior [ RunTime:0.000000s ]
INFO: [ app_begin ] --END-- [ RunTime:0.000000s ]
INFO: [ view_parse ] --START--
INFO: [ template_filter ] --START--
INFO: Run Behavior\ContentReplaceBehavior [ RunTime:0.001000s ]
INFO: [ template_filter ] --END-- [ RunTime:0.001000s ]
NOTIC: [8] Undefined variable: examtell H:\phpStudy\WWW\1\Runtime\Cache\Home\b6b884343d09b3e842bc456bbfc928e0.php 第 306 行.
NOTIC: [8] Undefined variable: examtell H:\phpStudy\WWW\1\Runtime\Cache\Home\b6b884343d09b3e842bc456bbfc928e0.php 第 307 行.
NOTIC: [8] Undefined variable: userinfo H:\phpStudy\WWW\1\Runtime\Cache\Home\b6b884343d09b3e842bc456bbfc928e0.php 第 394 行.
NOTIC: [8] Undefined variable: userinfo H:\phpStudy\WWW\1\Runtime\Cache\Home\b6b884343d09b3e842bc456bbfc928e0.php 第 401 行.
NOTIC: [8] Undefined variable: userinfo H:\phpStudy\WWW\1\Runtime\Cache\Home\b6b884343d09b3e842bc456bbfc928e0.php 第 408 行.
NOTIC: [8] Undefined variable: userinfo H:\phpStudy\WWW\1\Runtime\Cache\Home\b6b884343d09b3e842bc456bbfc928e0.php 第 415 行.
NOTIC: [8] Undefined variable: userinfo H:\phpStudy\WWW\1\Runtime\Cache\Home\b6b884343d09b3e842bc456bbfc928e0.php 第 422 行.
NOTIC: [8] Undefined variable: userinfo H:\phpStudy\WWW\1\Runtime\Cache\Home\b6b884343d09b3e842bc456bbfc928e0.php 第 453 行.
NOTIC: [8] Undefined variable: userinfo H:\phpStudy\WWW\1\Runtime\Cache\Home\b6b884343d09b3e842bc456bbfc928e0.php 第 490 行.
NOTIC: [8] Undefined variable: userinfo H:\phpStudy\WWW\1\Runtime\Cache\Home\b6b884343d09b3e842bc456bbfc928e0.php 第 497 行.
NOTIC: [8] Undefined variable: userinfo H:\phpStudy\WWW\1\Runtime\Cache\Home\b6b884343d09b3e842bc456bbfc928e0.php 第 504 行.
NOTIC: [8] Undefined variable: userinfo H:\phpStudy\WWW\1\Runtime\Cache\Home\b6b884343d09b3e842bc456bbfc928e0.php 第 511 行.
NOTIC: [8] Undefined variable: userinfo H:\phpStudy\WWW\1\Runtime\Cache\Home\b6b884343d09b3e842bc456bbfc928e0.php 第 518 行.
INFO: Run Behavior\ParseTemplateBehavior [ RunTime:0.018001s ]
INFO: [ view_parse ] --END-- [ RunTime:0.018001s ]
INFO: [ view_filter ] --START--
INFO: Run Behavior\WriteHtmlCacheBehavior [ RunTime:0.000000s ]
INFO: [ view_filter ] --END-- [ RunTime:0.000000s ]
INFO: [ app_end ] --START--
INFO: Run Behavior\ShowPageTraceBehavior [ RunTime:0.001000s ]
INFO: [ app_end ] --END-- [ RunTime:0.001000s ]

[ 2019-03-03T17:30:41+08:00 ] ::1 /1/index.php/Home/User/hegezheng.html
INFO: [ app_init ] --START--
INFO: Run Behavior\BuildLiteBehavior [ RunTime:0.000000s ]
INFO: [ app_init ] --END-- [ RunTime:0.000000s ]
INFO: [ app_begin ] --START--
INFO: Run Behavior\ReadHtmlCacheBehavior [ RunTime:0.000000s ]
INFO: [ app_begin ] --END-- [ RunTime:0.000000s ]
INFO: [ view_parse ] --START--
INFO: [ template_filter ] --START--
INFO: Run Behavior\ContentReplaceBehavior [ RunTime:0.000000s ]
INFO: [ template_filter ] --END-- [ RunTime:0.000000s ]
NOTIC: [8] Undefined variable: examtell H:\phpStudy\WWW\1\Runtime\Cache\Home\114bc4a0da12ca107f75dc038974b2f8.php 第 306 行.
NOTIC: [8] Undefined variable: examtell H:\phpStudy\WWW\1\Runtime\Cache\Home\114bc4a0da12ca107f75dc038974b2f8.php 第 307 行.
NOTIC: [8] Undefined variable: userinfo H:\phpStudy\WWW\1\Runtime\Cache\Home\114bc4a0da12ca107f75dc038974b2f8.php 第 394 行.
NOTIC: [8] Undefined variable: userinfo H:\phpStudy\WWW\1\Runtime\Cache\Home\114bc4a0da12ca107f75dc038974b2f8.php 第 401 行.
NOTIC: [8] Undefined variable: userinfo H:\phpStudy\WWW\1\Runtime\Cache\Home\114bc4a0da12ca107f75dc038974b2f8.php 第 408 行.
NOTIC: [8] Undefined variable: userinfo H:\phpStudy\WWW\1\Runtime\Cache\Home\114bc4a0da12ca107f75dc038974b2f8.php 第 415 行.
NOTIC: [8] Undefined variable: userinfo H:\phpStudy\WWW\1\Runtime\Cache\Home\114bc4a0da12ca107f75dc038974b2f8.php 第 422 行.
NOTIC: [8] Undefined variable: userinfo H:\phpStudy\WWW\1\Runtime\Cache\Home\114bc4a0da12ca107f75dc038974b2f8.php 第 453 行.
NOTIC: [8] Undefined variable: userinfo H:\phpStudy\WWW\1\Runtime\Cache\Home\114bc4a0da12ca107f75dc038974b2f8.php 第 490 行.
NOTIC: [8] Undefined variable: userinfo H:\phpStudy\WWW\1\Runtime\Cache\Home\114bc4a0da12ca107f75dc038974b2f8.php 第 497 行.
NOTIC: [8] Undefined variable: userinfo H:\phpStudy\WWW\1\Runtime\Cache\Home\114bc4a0da12ca107f75dc038974b2f8.php 第 504 行.
NOTIC: [8] Undefined variable: userinfo H:\phpStudy\WWW\1\Runtime\Cache\Home\114bc4a0da12ca107f75dc038974b2f8.php 第 511 行.
NOTIC: [8] Undefined variable: userinfo H:\phpStudy\WWW\1\Runtime\Cache\Home\114bc4a0da12ca107f75dc038974b2f8.php 第 518 行.
INFO: Run Behavior\ParseTemplateBehavior [ RunTime:0.016001s ]
INFO: [ view_parse ] --END-- [ RunTime:0.016001s ]
INFO: [ view_filter ] --START--
INFO: Run Behavior\WriteHtmlCacheBehavior [ RunTime:0.000000s ]
INFO: [ view_filter ] --END-- [ RunTime:0.000000s ]
INFO: [ app_end ] --START--
INFO: Run Behavior\ShowPageTraceBehavior [ RunTime:0.000000s ]
INFO: [ app_end ] --END-- [ RunTime:0.000000s ]

[ 2019-03-03T17:30:44+08:00 ] ::1 /1/index.php/Home/User/ziliao.html
INFO: [ app_init ] --START--
INFO: Run Behavior\BuildLiteBehavior [ RunTime:0.000000s ]
INFO: [ app_init ] --END-- [ RunTime:0.001000s ]
INFO: [ app_begin ] --START--
INFO: Run Behavior\ReadHtmlCacheBehavior [ RunTime:0.001000s ]
INFO: [ app_begin ] --END-- [ RunTime:0.001000s ]
SQL: SHOW COLUMNS FROM `user` [ RunTime:0.0050s ]
SQL: SELECT max(id) FROM `user` WHERE `account` = 'magina99'  [ RunTime:0.0010s ]
SQL: SELECT * FROM `user` WHERE `id` = 812  [ RunTime:0.0010s ]
NOTIC: [8] Use of undefined constant account - assumed 'account' H:\phpStudy\WWW\1\Application\Home\Controller\UserController.class.php 第 257 行.
SQL: SELECT * FROM `user` WHERE `id` = 812  [ RunTime:0.0000s ]
NOTIC: [8] Use of undefined constant real_account - assumed 'real_account' H:\phpStudy\WWW\1\Application\Home\Controller\UserController.class.php 第 258 行.
SQL: SELECT * FROM `user` WHERE `id` = 812  [ RunTime:0.0010s ]
NOTIC: [8] Use of undefined constant sex - assumed 'sex' H:\phpStudy\WWW\1\Application\Home\Controller\UserController.class.php 第 259 行.
SQL: SELECT * FROM `user` WHERE `id` = 812  [ RunTime:0.0000s ]
NOTIC: [8] Use of undefined constant birth - assumed 'birth' H:\phpStudy\WWW\1\Application\Home\Controller\UserController.class.php 第 260 行.
SQL: SELECT * FROM `user` WHERE `id` = 812  [ RunTime:0.0010s ]
NOTIC: [8] Use of undefined constant id_card - assumed 'id_card' H:\phpStudy\WWW\1\Application\Home\Controller\UserController.class.php 第 261 行.
SQL: SELECT * FROM `user` WHERE `id` = 812  [ RunTime:0.0000s ]
NOTIC: [8] Use of undefined constant profession - assumed 'profession' H:\phpStudy\WWW\1\Application\Home\Controller\UserController.class.php 第 262 行.
SQL: SELECT * FROM `user` WHERE `id` = 812  [ RunTime:0.0000s ]
NOTIC: [8] Use of undefined constant school - assumed 'school' H:\phpStudy\WWW\1\Application\Home\Controller\UserController.class.php 第 263 行.
SQL: SELECT * FROM `user` WHERE `id` = 812  [ RunTime:0.0000s ]
NOTIC: [8] Use of undefined constant major - assumed 'major' H:\phpStudy\WWW\1\Application\Home\Controller\UserController.class.php 第 264 行.
SQL: SELECT * FROM `user` WHERE `id` = 812  [ RunTime:0.0000s ]
NOTIC: [8] Use of undefined constant education - assumed 'education' H:\phpStudy\WWW\1\Application\Home\Controller\UserController.class.php 第 265 行.
SQL: SELECT * FROM `user` WHERE `id` = 812  [ RunTime:0.0010s ]
NOTIC: [8] Use of undefined constant graduate - assumed 'graduate' H:\phpStudy\WWW\1\Application\Home\Controller\UserController.class.php 第 266 行.
SQL: SELECT * FROM `user` WHERE `id` = 812  [ RunTime:0.0000s ]
NOTIC: [8] Use of undefined constant work_address - assumed 'work_address' H:\phpStudy\WWW\1\Application\Home\Controller\UserController.class.php 第 267 行.
SQL: SELECT * FROM `user` WHERE `id` = 812  [ RunTime:0.0010s ]
NOTIC: [8] Use of undefined constant phone - assumed 'phone' H:\phpStudy\WWW\1\Application\Home\Controller\UserController.class.php 第 268 行.
SQL: SELECT * FROM `user` WHERE `id` = 812  [ RunTime:0.0000s ]
NOTIC: [8] Use of undefined constant post_address - assumed 'post_address' H:\phpStudy\WWW\1\Application\Home\Controller\UserController.class.php 第 269 行.
SQL: SELECT * FROM `user` WHERE `id` = 812  [ RunTime:0.0000s ]
NOTIC: [8] Use of undefined constant mail - assumed 'mail' H:\phpStudy\WWW\1\Application\Home\Controller\UserController.class.php 第 270 行.
SQL: SELECT * FROM `user` WHERE `id` = 812  [ RunTime:0.0000s ]
NOTIC: [8] Use of undefined constant addr - assumed 'addr' H:\phpStudy\WWW\1\Application\Home\Controller\UserController.class.php 第 271 行.
INFO: [ view_parse ] --START--
INFO: [ template_filter ] --START--
INFO: Run Behavior\ContentReplaceBehavior [ RunTime:0.000000s ]
INFO: [ template_filter ] --END-- [ RunTime:0.000000s ]
NOTIC: [8] Undefined variable: examtell H:\phpStudy\WWW\1\Runtime\Cache\Home\08e8f608b0620d3456aa521f10cf861e.php 第 306 行.
NOTIC: [8] Undefined variable: examtell H:\phpStudy\WWW\1\Runtime\Cache\Home\08e8f608b0620d3456aa521f10cf861e.php 第 307 行.
NOTIC: [8] Undefined variable: userinfo H:\phpStudy\WWW\1\Runtime\Cache\Home\08e8f608b0620d3456aa521f10cf861e.php 第 394 行.
NOTIC: [8] Undefined variable: userinfo H:\phpStudy\WWW\1\Runtime\Cache\Home\08e8f608b0620d3456aa521f10cf861e.php 第 401 行.
NOTIC: [8] Undefined variable: userinfo H:\phpStudy\WWW\1\Runtime\Cache\Home\08e8f608b0620d3456aa521f10cf861e.php 第 408 行.
NOTIC: [8] Undefined variable: userinfo H:\phpStudy\WWW\1\Runtime\Cache\Home\08e8f608b0620d3456aa521f10cf861e.php 第 415 行.
NOTIC: [8] Undefined variable: userinfo H:\phpStudy\WWW\1\Runtime\Cache\Home\08e8f608b0620d3456aa521f10cf861e.php 第 422 行.
NOTIC: [8] Undefined variable: userinfo H:\phpStudy\WWW\1\Runtime\Cache\Home\08e8f608b0620d3456aa521f10cf861e.php 第 453 行.
NOTIC: [8] Undefined variable: userinfo H:\phpStudy\WWW\1\Runtime\Cache\Home\08e8f608b0620d3456aa521f10cf861e.php 第 490 行.
NOTIC: [8] Undefined variable: userinfo H:\phpStudy\WWW\1\Runtime\Cache\Home\08e8f608b0620d3456aa521f10cf861e.php 第 497 行.
NOTIC: [8] Undefined variable: userinfo H:\phpStudy\WWW\1\Runtime\Cache\Home\08e8f608b0620d3456aa521f10cf861e.php 第 504 行.
NOTIC: [8] Undefined variable: userinfo H:\phpStudy\WWW\1\Runtime\Cache\Home\08e8f608b0620d3456aa521f10cf861e.php 第 511 行.
NOTIC: [8] Undefined variable: userinfo H:\phpStudy\WWW\1\Runtime\Cache\Home\08e8f608b0620d3456aa521f10cf861e.php 第 518 行.
INFO: Run Behavior\ParseTemplateBehavior [ RunTime:0.018001s ]
INFO: [ view_parse ] --END-- [ RunTime:0.018001s ]
INFO: [ view_filter ] --START--
INFO: Run Behavior\WriteHtmlCacheBehavior [ RunTime:0.000000s ]
INFO: [ view_filter ] --END-- [ RunTime:0.000000s ]
INFO: [ app_end ] --START--
INFO: Run Behavior\ShowPageTraceBehavior [ RunTime:0.001000s ]
INFO: [ app_end ] --END-- [ RunTime:0.001000s ]

[ 2019-03-03T17:31:19+08:00 ] ::1 /1/index.php/Home/User/hegezheng.html
INFO: [ app_init ] --START--
INFO: Run Behavior\BuildLiteBehavior [ RunTime:0.000000s ]
INFO: [ app_init ] --END-- [ RunTime:0.000000s ]
INFO: [ app_begin ] --START--
INFO: Run Behavior\ReadHtmlCacheBehavior [ RunTime:0.000000s ]
INFO: [ app_begin ] --END-- [ RunTime:0.000000s ]
INFO: [ view_parse ] --START--
INFO: [ template_filter ] --START--
INFO: Run Behavior\ContentReplaceBehavior [ RunTime:0.000000s ]
INFO: [ template_filter ] --END-- [ RunTime:0.000000s ]
NOTIC: [8] Undefined variable: examtell H:\phpStudy\WWW\1\Runtime\Cache\Home\114bc4a0da12ca107f75dc038974b2f8.php 第 306 行.
NOTIC: [8] Undefined variable: examtell H:\phpStudy\WWW\1\Runtime\Cache\Home\114bc4a0da12ca107f75dc038974b2f8.php 第 307 行.
NOTIC: [8] Undefined variable: userinfo H:\phpStudy\WWW\1\Runtime\Cache\Home\114bc4a0da12ca107f75dc038974b2f8.php 第 394 行.
NOTIC: [8] Undefined variable: userinfo H:\phpStudy\WWW\1\Runtime\Cache\Home\114bc4a0da12ca107f75dc038974b2f8.php 第 401 行.
NOTIC: [8] Undefined variable: userinfo H:\phpStudy\WWW\1\Runtime\Cache\Home\114bc4a0da12ca107f75dc038974b2f8.php 第 408 行.
NOTIC: [8] Undefined variable: userinfo H:\phpStudy\WWW\1\Runtime\Cache\Home\114bc4a0da12ca107f75dc038974b2f8.php 第 415 行.
NOTIC: [8] Undefined variable: userinfo H:\phpStudy\WWW\1\Runtime\Cache\Home\114bc4a0da12ca107f75dc038974b2f8.php 第 422 行.
NOTIC: [8] Undefined variable: userinfo H:\phpStudy\WWW\1\Runtime\Cache\Home\114bc4a0da12ca107f75dc038974b2f8.php 第 453 行.
NOTIC: [8] Undefined variable: userinfo H:\phpStudy\WWW\1\Runtime\Cache\Home\114bc4a0da12ca107f75dc038974b2f8.php 第 490 行.
NOTIC: [8] Undefined variable: userinfo H:\phpStudy\WWW\1\Runtime\Cache\Home\114bc4a0da12ca107f75dc038974b2f8.php 第 497 行.
NOTIC: [8] Undefined variable: userinfo H:\phpStudy\WWW\1\Runtime\Cache\Home\114bc4a0da12ca107f75dc038974b2f8.php 第 504 行.
NOTIC: [8] Undefined variable: userinfo H:\phpStudy\WWW\1\Runtime\Cache\Home\114bc4a0da12ca107f75dc038974b2f8.php 第 511 行.
NOTIC: [8] Undefined variable: userinfo H:\phpStudy\WWW\1\Runtime\Cache\Home\114bc4a0da12ca107f75dc038974b2f8.php 第 518 行.
INFO: Run Behavior\ParseTemplateBehavior [ RunTime:0.018001s ]
INFO: [ view_parse ] --END-- [ RunTime:0.018001s ]
INFO: [ view_filter ] --START--
INFO: Run Behavior\WriteHtmlCacheBehavior [ RunTime:0.001000s ]
INFO: [ view_filter ] --END-- [ RunTime:0.001000s ]
INFO: [ app_end ] --START--
INFO: Run Behavior\ShowPageTraceBehavior [ RunTime:0.000000s ]
INFO: [ app_end ] --END-- [ RunTime:0.000000s ]

[ 2019-03-03T17:32:27+08:00 ] ::1 /1/index.php/Home/User/result.html
INFO: [ app_init ] --START--
INFO: Run Behavior\BuildLiteBehavior [ RunTime:0.000000s ]
INFO: [ app_init ] --END-- [ RunTime:0.000000s ]
INFO: [ app_begin ] --START--
INFO: Run Behavior\ReadHtmlCacheBehavior [ RunTime:0.001000s ]
INFO: [ app_begin ] --END-- [ RunTime:0.001000s ]
SQL: SHOW COLUMNS FROM `user` [ RunTime:0.0040s ]
SQL: SHOW COLUMNS FROM `exam` [ RunTime:0.0040s ]
SQL: SELECT * FROM `user` WHERE `account` = 'magina99' AND `pass` = 1 AND `flag` = 1  [ RunTime:0.0010s ]
SQL: SELECT * FROM `exam`  [ RunTime:0.0000s ]
NOTIC: [8] Undefined variable: examHistory H:\phpStudy\WWW\1\Application\Home\Controller\UserController.class.php 第 441 行.
INFO: [ view_parse ] --START--
INFO: [ template_filter ] --START--
INFO: Run Behavior\ContentReplaceBehavior [ RunTime:0.000000s ]
INFO: [ template_filter ] --END-- [ RunTime:0.000000s ]
NOTIC: [8] Undefined variable: examtell H:\phpStudy\WWW\1\Runtime\Cache\Home\18aba97669fd767de45ab4071dcbed12.php 第 306 行.
NOTIC: [8] Undefined variable: examtell H:\phpStudy\WWW\1\Runtime\Cache\Home\18aba97669fd767de45ab4071dcbed12.php 第 307 行.
NOTIC: [8] Undefined variable: userinfo H:\phpStudy\WWW\1\Runtime\Cache\Home\18aba97669fd767de45ab4071dcbed12.php 第 394 行.
NOTIC: [8] Undefined variable: userinfo H:\phpStudy\WWW\1\Runtime\Cache\Home\18aba97669fd767de45ab4071dcbed12.php 第 401 行.
NOTIC: [8] Undefined variable: userinfo H:\phpStudy\WWW\1\Runtime\Cache\Home\18aba97669fd767de45ab4071dcbed12.php 第 408 行.
NOTIC: [8] Undefined variable: userinfo H:\phpStudy\WWW\1\Runtime\Cache\Home\18aba97669fd767de45ab4071dcbed12.php 第 415 行.
NOTIC: [8] Undefined variable: userinfo H:\phpStudy\WWW\1\Runtime\Cache\Home\18aba97669fd767de45ab4071dcbed12.php 第 422 行.
NOTIC: [8] Undefined variable: userinfo H:\phpStudy\WWW\1\Runtime\Cache\Home\18aba97669fd767de45ab4071dcbed12.php 第 453 行.
NOTIC: [8] Undefined variable: userinfo H:\phpStudy\WWW\1\Runtime\Cache\Home\18aba97669fd767de45ab4071dcbed12.php 第 490 行.
NOTIC: [8] Undefined variable: userinfo H:\phpStudy\WWW\1\Runtime\Cache\Home\18aba97669fd767de45ab4071dcbed12.php 第 497 行.
NOTIC: [8] Undefined variable: userinfo H:\phpStudy\WWW\1\Runtime\Cache\Home\18aba97669fd767de45ab4071dcbed12.php 第 504 行.
NOTIC: [8] Undefined variable: userinfo H:\phpStudy\WWW\1\Runtime\Cache\Home\18aba97669fd767de45ab4071dcbed12.php 第 511 行.
NOTIC: [8] Undefined variable: userinfo H:\phpStudy\WWW\1\Runtime\Cache\Home\18aba97669fd767de45ab4071dcbed12.php 第 518 行.
INFO: Run Behavior\ParseTemplateBehavior [ RunTime:0.019001s ]
INFO: [ view_parse ] --END-- [ RunTime:0.019001s ]
INFO: [ view_filter ] --START--
INFO: Run Behavior\WriteHtmlCacheBehavior [ RunTime:0.000000s ]
INFO: [ view_filter ] --END-- [ RunTime:0.000000s ]
INFO: [ app_end ] --START--
INFO: Run Behavior\ShowPageTraceBehavior [ RunTime:0.001000s ]
INFO: [ app_end ] --END-- [ RunTime:0.001000s ]

