[ 2019-03-20T11:24:51+08:00 ] ::1 /bysj/index.php/home/load/acrigist.html
INFO: [ app_init ] --START--
INFO: Run Behavior\BuildLiteBehavior [ RunTime:0.000000s ]
INFO: [ app_init ] --END-- [ RunTime:0.001000s ]
INFO: [ app_begin ] --START--
INFO: Run Behavior\ReadHtmlCacheBehavior [ RunTime:0.001000s ]
INFO: [ app_begin ] --END-- [ RunTime:0.001000s ]
INFO: [ view_parse ] --START--
INFO: [ template_filter ] --START--
INFO: Run Behavior\ContentReplaceBehavior [ RunTime:0.000000s ]
INFO: [ template_filter ] --END-- [ RunTime:0.000000s ]
INFO: Run Behavior\ParseTemplateBehavior [ RunTime:0.086005s ]
INFO: [ view_parse ] --END-- [ RunTime:0.086005s ]
INFO: [ view_filter ] --START--
INFO: Run Behavior\WriteHtmlCacheBehavior [ RunTime:0.012001s ]
INFO: [ view_filter ] --END-- [ RunTime:0.012001s ]
INFO: [ app_end ] --START--
INFO: Run Behavior\ShowPageTraceBehavior [ RunTime:0.011001s ]
INFO: [ app_end ] --END-- [ RunTime:0.011001s ]

[ 2019-03-20T11:24:54+08:00 ] ::1 /bysj/index.php/home/load/load.html
INFO: [ app_init ] --START--
INFO: Run Behavior\BuildLiteBehavior [ RunTime:0.000000s ]
INFO: [ app_init ] --END-- [ RunTime:0.000000s ]
INFO: [ app_begin ] --START--
INFO: Run Behavior\ReadHtmlCacheBehavior [ RunTime:0.001000s ]
INFO: [ app_begin ] --END-- [ RunTime:0.001000s ]
INFO: [ view_parse ] --START--
INFO: [ template_filter ] --START--
INFO: Run Behavior\ContentReplaceBehavior [ RunTime:0.001000s ]
INFO: [ template_filter ] --END-- [ RunTime:0.001000s ]
INFO: Run Behavior\ParseTemplateBehavior [ RunTime:0.067004s ]
INFO: [ view_parse ] --END-- [ RunTime:0.067004s ]
INFO: [ view_filter ] --START--
INFO: Run Behavior\WriteHtmlCacheBehavior [ RunTime:0.000000s ]
INFO: [ view_filter ] --END-- [ RunTime:0.000000s ]
INFO: [ app_end ] --START--
INFO: Run Behavior\ShowPageTraceBehavior [ RunTime:0.001000s ]
INFO: [ app_end ] --END-- [ RunTime:0.001000s ]

[ 2019-03-20T11:25:05+08:00 ] ::1 /bysj/index.php/Home/Load/load.html
INFO: [ app_init ] --START--
INFO: Run Behavior\BuildLiteBehavior [ RunTime:0.000000s ]
INFO: [ app_init ] --END-- [ RunTime:0.001000s ]
INFO: [ app_begin ] --START--
INFO: Run Behavior\ReadHtmlCacheBehavior [ RunTime:0.001001s ]
INFO: [ app_begin ] --END-- [ RunTime:0.001001s ]
SQL: SHOW COLUMNS FROM `user` [ RunTime:0.0270s ]
SQL: SELECT * FROM `user` WHERE `account` = 'magina99' AND `password` = 'c6cbdc1a767e4bf23270175f2cbf1d32' LIMIT 1   [ RunTime:0.0140s ]
INFO: [ view_parse ] --START--
INFO: [ template_filter ] --START--
INFO: Run Behavior\ContentReplaceBehavior [ RunTime:0.000000s ]
INFO: [ template_filter ] --END-- [ RunTime:0.000000s ]
INFO: Run Behavior\ParseTemplateBehavior [ RunTime:0.016000s ]
INFO: [ view_parse ] --END-- [ RunTime:0.016000s ]
INFO: [ view_filter ] --START--
INFO: Run Behavior\WriteHtmlCacheBehavior [ RunTime:0.001001s ]
INFO: [ view_filter ] --END-- [ RunTime:0.001001s ]

[ 2019-03-20T11:25:50+08:00 ] ::1 /bysj/index.php/Home/Load/load.html
INFO: [ app_init ] --START--
INFO: Run Behavior\BuildLiteBehavior [ RunTime:0.000000s ]
INFO: [ app_init ] --END-- [ RunTime:0.001000s ]
INFO: [ app_begin ] --START--
INFO: Run Behavior\ReadHtmlCacheBehavior [ RunTime:0.000000s ]
INFO: [ app_begin ] --END-- [ RunTime:0.000000s ]
SQL: SHOW COLUMNS FROM `user` [ RunTime:0.0040s ]
SQL: SELECT * FROM `user` WHERE `account` = 'magina99' AND `password` = '93119b094922d75b98dff6ca4ac27f74' LIMIT 1   [ RunTime:0.0010s ]
INFO: [ view_parse ] --START--
INFO: [ template_filter ] --START--
INFO: Run Behavior\ContentReplaceBehavior [ RunTime:0.000000s ]
INFO: [ template_filter ] --END-- [ RunTime:0.000000s ]
INFO: Run Behavior\ParseTemplateBehavior [ RunTime:0.006000s ]
INFO: [ view_parse ] --END-- [ RunTime:0.006000s ]
INFO: [ view_filter ] --START--
INFO: Run Behavior\WriteHtmlCacheBehavior [ RunTime:0.000000s ]
INFO: [ view_filter ] --END-- [ RunTime:0.000000s ]

[ 2019-03-20T11:25:58+08:00 ] ::1 /bysj/index.php/Home/Load/load.html
INFO: [ app_init ] --START--
INFO: Run Behavior\BuildLiteBehavior [ RunTime:0.000000s ]
INFO: [ app_init ] --END-- [ RunTime:0.001000s ]
INFO: [ app_begin ] --START--
INFO: Run Behavior\ReadHtmlCacheBehavior [ RunTime:0.001000s ]
INFO: [ app_begin ] --END-- [ RunTime:0.001000s ]
SQL: SHOW COLUMNS FROM `user` [ RunTime:0.0030s ]
SQL: SELECT * FROM `user` WHERE `account` = 'magina99' AND `password` = 'e10adc3949ba59abbe56e057f20f883e' LIMIT 1   [ RunTime:0.0010s ]
INFO: [ view_parse ] --START--
INFO: [ template_filter ] --START--
INFO: Run Behavior\ContentReplaceBehavior [ RunTime:0.000000s ]
INFO: [ template_filter ] --END-- [ RunTime:0.000000s ]
INFO: Run Behavior\ParseTemplateBehavior [ RunTime:0.005000s ]
INFO: [ view_parse ] --END-- [ RunTime:0.005000s ]
INFO: [ view_filter ] --START--
INFO: Run Behavior\WriteHtmlCacheBehavior [ RunTime:0.001000s ]
INFO: [ view_filter ] --END-- [ RunTime:0.001000s ]

[ 2019-03-20T11:26:04+08:00 ] ::1 /bysj/index.php/home/load/acrigist.html
INFO: [ app_init ] --START--
INFO: Run Behavior\BuildLiteBehavior [ RunTime:0.000000s ]
INFO: [ app_init ] --END-- [ RunTime:0.000000s ]
INFO: [ app_begin ] --START--
INFO: Run Behavior\ReadHtmlCacheBehavior [ RunTime:0.001000s ]
INFO: [ app_begin ] --END-- [ RunTime:0.001000s ]
INFO: [ view_parse ] --START--
INFO: [ template_filter ] --START--
INFO: Run Behavior\ContentReplaceBehavior [ RunTime:0.000000s ]
INFO: [ template_filter ] --END-- [ RunTime:0.000000s ]
INFO: Run Behavior\ParseTemplateBehavior [ RunTime:0.003000s ]
INFO: [ view_parse ] --END-- [ RunTime:0.003000s ]
INFO: [ view_filter ] --START--
INFO: Run Behavior\WriteHtmlCacheBehavior [ RunTime:0.000000s ]
INFO: [ view_filter ] --END-- [ RunTime:0.000000s ]
INFO: [ app_end ] --START--
INFO: Run Behavior\ShowPageTraceBehavior [ RunTime:0.000000s ]
INFO: [ app_end ] --END-- [ RunTime:0.001000s ]

[ 2019-03-20T11:26:06+08:00 ] ::1 /bysj/index.php/home/load/rigist.html?accept=on
INFO: [ app_init ] --START--
INFO: Run Behavior\BuildLiteBehavior [ RunTime:0.000000s ]
INFO: [ app_init ] --END-- [ RunTime:0.000000s ]
INFO: [ app_begin ] --START--
INFO: Run Behavior\ReadHtmlCacheBehavior [ RunTime:0.000000s ]
INFO: [ app_begin ] --END-- [ RunTime:0.001000s ]
NOTIC: [8] Undefined index: upload1 H:\phpStudy\WWW\bysj\Application\Home\Controller\LoadController.class.php 第 38 行.
NOTIC: [8] Undefined index: upload2 H:\phpStudy\WWW\bysj\Application\Home\Controller\LoadController.class.php 第 42 行.
NOTIC: [8] Undefined index: upload3 H:\phpStudy\WWW\bysj\Application\Home\Controller\LoadController.class.php 第 46 行.
NOTIC: [8] Undefined index: upload4 H:\phpStudy\WWW\bysj\Application\Home\Controller\LoadController.class.php 第 50 行.
NOTIC: [8] Undefined index: upload5 H:\phpStudy\WWW\bysj\Application\Home\Controller\LoadController.class.php 第 54 行.
NOTIC: [8] Undefined index: upload6 H:\phpStudy\WWW\bysj\Application\Home\Controller\LoadController.class.php 第 58 行.
NOTIC: [8] Undefined variable: info H:\phpStudy\WWW\bysj\Application\Home\Controller\LoadController.class.php 第 63 行.
NOTIC: [2] Invalid argument supplied for foreach() H:\phpStudy\WWW\bysj\Application\Home\Controller\LoadController.class.php 第 63 行.
SQL: SHOW COLUMNS FROM `user` [ RunTime:0.0050s ]
SQL: SELECT * FROM `user` WHERE `account` = '' LIMIT 1   [ RunTime:0.0030s ]
SQL: SELECT * FROM `user` WHERE `id_card` = '' LIMIT 1   [ RunTime:0.0020s ]
INFO: [ view_parse ] --START--
INFO: [ template_filter ] --START--
INFO: Run Behavior\ContentReplaceBehavior [ RunTime:0.000000s ]
INFO: [ template_filter ] --END-- [ RunTime:0.000000s ]
INFO: Run Behavior\ParseTemplateBehavior [ RunTime:0.065004s ]
INFO: [ view_parse ] --END-- [ RunTime:0.065004s ]
INFO: [ view_filter ] --START--
INFO: Run Behavior\WriteHtmlCacheBehavior [ RunTime:0.000000s ]
INFO: [ view_filter ] --END-- [ RunTime:0.000000s ]
INFO: [ app_end ] --START--
INFO: Run Behavior\ShowPageTraceBehavior [ RunTime:0.001000s ]
INFO: [ app_end ] --END-- [ RunTime:0.001000s ]

[ 2019-03-20T11:27:01+08:00 ] ::1 /bysj/index.php/Home/Load/rigist.html
INFO: [ app_init ] --START--
INFO: Run Behavior\BuildLiteBehavior [ RunTime:0.000000s ]
INFO: [ app_init ] --END-- [ RunTime:0.001000s ]
INFO: [ app_begin ] --START--
INFO: Run Behavior\ReadHtmlCacheBehavior [ RunTime:0.000000s ]
INFO: [ app_begin ] --END-- [ RunTime:0.000000s ]
NOTIC: [2] Invalid argument supplied for foreach() H:\phpStudy\WWW\bysj\Application\Home\Controller\LoadController.class.php 第 63 行.
SQL: SHOW COLUMNS FROM `user` [ RunTime:0.0030s ]
SQL: SELECT * FROM `user` WHERE `account` = 'zhouyi1' LIMIT 1   [ RunTime:0.0020s ]
SQL: SELECT * FROM `user` WHERE `id_card` = '510107199511031273' LIMIT 1   [ RunTime:0.0010s ]
INFO: [ view_parse ] --START--
INFO: [ template_filter ] --START--
INFO: Run Behavior\ContentReplaceBehavior [ RunTime:0.000000s ]
INFO: [ template_filter ] --END-- [ RunTime:0.000000s ]
INFO: Run Behavior\ParseTemplateBehavior [ RunTime:0.006001s ]
INFO: [ view_parse ] --END-- [ RunTime:0.006001s ]
INFO: [ view_filter ] --START--
INFO: Run Behavior\WriteHtmlCacheBehavior [ RunTime:0.001000s ]
INFO: [ view_filter ] --END-- [ RunTime:0.001000s ]

[ 2019-03-20T11:27:15+08:00 ] ::1 /bysj/index.php/Home/Load/rigist.html
INFO: [ app_init ] --START--
INFO: Run Behavior\BuildLiteBehavior [ RunTime:0.000000s ]
INFO: [ app_init ] --END-- [ RunTime:0.001001s ]
INFO: [ app_begin ] --START--
INFO: Run Behavior\ReadHtmlCacheBehavior [ RunTime:0.001000s ]
INFO: [ app_begin ] --END-- [ RunTime:0.001000s ]
NOTIC: [2] Invalid argument supplied for foreach() H:\phpStudy\WWW\bysj\Application\Home\Controller\LoadController.class.php 第 63 行.
SQL: SHOW COLUMNS FROM `user` [ RunTime:0.0040s ]
SQL: SELECT * FROM `user` WHERE `account` = 'zhouyi1' LIMIT 1   [ RunTime:0.0010s ]
SQL: SELECT * FROM `user` WHERE `id_card` = '510107199511031272' LIMIT 1   [ RunTime:0.0010s ]
NOTIC: [8] Undefined variable: bigimg H:\phpStudy\WWW\bysj\Application\Home\Controller\LoadController.class.php 第 136 行.
SQL: INSERT INTO `user` (`account`,`password`,`real_account`,`sex`,`birth`,`id_card`,`profession`,`school`,`major`,`education`,`graduate`,`work_address`,`phone`,`addr`,`post_address`,`tel_num`,`mail`,`path`) VALUES ('zhouyi1','fa9711f7d4b4eba919745f6e27127575','周奕','男','2019-02-28','510107199511031272','研究员','cuit','sa ','硕士研究生以上','2019-01','cctv','18702822014','18702822014','610041','18702822014','lengender@qq.com',NULL) [ RunTime:0.0000s ]
INFO: [ view_parse ] --START--
INFO: [ template_filter ] --START--
INFO: Run Behavior\ContentReplaceBehavior [ RunTime:0.000000s ]
INFO: [ template_filter ] --END-- [ RunTime:0.000000s ]
INFO: Run Behavior\ParseTemplateBehavior [ RunTime:0.005000s ]
INFO: [ view_parse ] --END-- [ RunTime:0.005000s ]
INFO: [ view_filter ] --START--
INFO: Run Behavior\WriteHtmlCacheBehavior [ RunTime:0.000000s ]
INFO: [ view_filter ] --END-- [ RunTime:0.000000s ]
INFO: [ app_end ] --START--
INFO: Run Behavior\ShowPageTraceBehavior [ RunTime:0.000000s ]
INFO: [ app_end ] --END-- [ RunTime:0.000000s ]

[ 2019-03-20T11:27:16+08:00 ] ::1 /bysj/index.php/Home/Load/load.html
INFO: [ app_init ] --START--
INFO: Run Behavior\BuildLiteBehavior [ RunTime:0.000000s ]
INFO: [ app_init ] --END-- [ RunTime:0.000000s ]
INFO: [ app_begin ] --START--
INFO: Run Behavior\ReadHtmlCacheBehavior [ RunTime:0.001000s ]
INFO: [ app_begin ] --END-- [ RunTime:0.001000s ]
INFO: [ view_parse ] --START--
INFO: [ template_filter ] --START--
INFO: Run Behavior\ContentReplaceBehavior [ RunTime:0.000000s ]
INFO: [ template_filter ] --END-- [ RunTime:0.000000s ]
INFO: Run Behavior\ParseTemplateBehavior [ RunTime:0.008000s ]
INFO: [ view_parse ] --END-- [ RunTime:0.008000s ]
INFO: [ view_filter ] --START--
INFO: Run Behavior\WriteHtmlCacheBehavior [ RunTime:0.000000s ]
INFO: [ view_filter ] --END-- [ RunTime:0.000000s ]
INFO: [ app_end ] --START--
INFO: Run Behavior\ShowPageTraceBehavior [ RunTime:0.001000s ]
INFO: [ app_end ] --END-- [ RunTime:0.001000s ]

[ 2019-03-20T11:27:27+08:00 ] ::1 /bysj/index.php/Home/Load/load.html
INFO: [ app_init ] --START--
INFO: Run Behavior\BuildLiteBehavior [ RunTime:0.000000s ]
INFO: [ app_init ] --END-- [ RunTime:0.001000s ]
INFO: [ app_begin ] --START--
INFO: Run Behavior\ReadHtmlCacheBehavior [ RunTime:0.000000s ]
INFO: [ app_begin ] --END-- [ RunTime:0.000000s ]
SQL: SHOW COLUMNS FROM `user` [ RunTime:0.0030s ]
SQL: SELECT * FROM `user` WHERE `account` = 'zhouyi1' AND `password` = 'fa9711f7d4b4eba919745f6e27127575' LIMIT 1   [ RunTime:0.0010s ]
INFO: [ view_parse ] --START--
INFO: [ template_filter ] --START--
INFO: Run Behavior\ContentReplaceBehavior [ RunTime:0.000000s ]
INFO: [ template_filter ] --END-- [ RunTime:0.000000s ]
INFO: Run Behavior\ParseTemplateBehavior [ RunTime:0.005000s ]
INFO: [ view_parse ] --END-- [ RunTime:0.006000s ]
INFO: [ view_filter ] --START--
INFO: Run Behavior\WriteHtmlCacheBehavior [ RunTime:0.001001s ]
INFO: [ view_filter ] --END-- [ RunTime:0.001001s ]
INFO: [ app_end ] --START--
INFO: Run Behavior\ShowPageTraceBehavior [ RunTime:0.000000s ]
INFO: [ app_end ] --END-- [ RunTime:0.000000s ]

[ 2019-03-20T11:27:28+08:00 ] ::1 /bysj/index.php/Home/User/tongzhi.html
INFO: [ app_init ] --START--
INFO: Run Behavior\BuildLiteBehavior [ RunTime:0.000000s ]
INFO: [ app_init ] --END-- [ RunTime:0.000000s ]
INFO: [ app_begin ] --START--
INFO: Run Behavior\ReadHtmlCacheBehavior [ RunTime:0.001000s ]
INFO: [ app_begin ] --END-- [ RunTime:0.001000s ]
SQL: SHOW COLUMNS FROM `zhuyi` [ RunTime:0.0320s ]
SQL: SELECT MAX(id) AS tp_max FROM `zhuyi` LIMIT 1   [ RunTime:0.0000s ]
SQL: SELECT * FROM `zhuyi` WHERE `id` = 25  [ RunTime:0.0090s ]
SQL: SELECT * FROM `zhuyi` WHERE `id` = 24  [ RunTime:0.0000s ]
SQL: SELECT * FROM `zhuyi` WHERE `id` = 23  [ RunTime:0.0010s ]
SQL: SELECT * FROM `zhuyi` WHERE `id` = 22  [ RunTime:0.0000s ]
SQL: SELECT * FROM `zhuyi` WHERE `id` = 21  [ RunTime:0.0000s ]
SQL: SELECT * FROM `zhuyi` WHERE `id` = 20  [ RunTime:0.0000s ]
INFO: [ view_parse ] --START--
INFO: [ template_filter ] --START--
INFO: Run Behavior\ContentReplaceBehavior [ RunTime:0.000000s ]
INFO: [ template_filter ] --END-- [ RunTime:0.000000s ]
NOTIC: [8] Undefined variable: examtell H:\phpStudy\WWW\bysj\Runtime\Cache\Home\df7321714e8b029bc710c39f76763d26.php 第 306 行.
NOTIC: [8] Undefined variable: examtell H:\phpStudy\WWW\bysj\Runtime\Cache\Home\df7321714e8b029bc710c39f76763d26.php 第 307 行.
NOTIC: [8] Undefined variable: userinfo H:\phpStudy\WWW\bysj\Runtime\Cache\Home\df7321714e8b029bc710c39f76763d26.php 第 394 行.
NOTIC: [8] Undefined variable: userinfo H:\phpStudy\WWW\bysj\Runtime\Cache\Home\df7321714e8b029bc710c39f76763d26.php 第 401 行.
NOTIC: [8] Undefined variable: userinfo H:\phpStudy\WWW\bysj\Runtime\Cache\Home\df7321714e8b029bc710c39f76763d26.php 第 408 行.
NOTIC: [8] Undefined variable: userinfo H:\phpStudy\WWW\bysj\Runtime\Cache\Home\df7321714e8b029bc710c39f76763d26.php 第 415 行.
NOTIC: [8] Undefined variable: userinfo H:\phpStudy\WWW\bysj\Runtime\Cache\Home\df7321714e8b029bc710c39f76763d26.php 第 422 行.
NOTIC: [8] Undefined variable: userinfo H:\phpStudy\WWW\bysj\Runtime\Cache\Home\df7321714e8b029bc710c39f76763d26.php 第 453 行.
NOTIC: [8] Undefined variable: userinfo H:\phpStudy\WWW\bysj\Runtime\Cache\Home\df7321714e8b029bc710c39f76763d26.php 第 490 行.
NOTIC: [8] Undefined variable: userinfo H:\phpStudy\WWW\bysj\Runtime\Cache\Home\df7321714e8b029bc710c39f76763d26.php 第 497 行.
NOTIC: [8] Undefined variable: userinfo H:\phpStudy\WWW\bysj\Runtime\Cache\Home\df7321714e8b029bc710c39f76763d26.php 第 504 行.
NOTIC: [8] Undefined variable: userinfo H:\phpStudy\WWW\bysj\Runtime\Cache\Home\df7321714e8b029bc710c39f76763d26.php 第 511 行.
NOTIC: [8] Undefined variable: userinfo H:\phpStudy\WWW\bysj\Runtime\Cache\Home\df7321714e8b029bc710c39f76763d26.php 第 518 行.
INFO: Run Behavior\ParseTemplateBehavior [ RunTime:0.066004s ]
INFO: [ view_parse ] --END-- [ RunTime:0.066004s ]
INFO: [ view_filter ] --START--
INFO: Run Behavior\WriteHtmlCacheBehavior [ RunTime:0.001000s ]
INFO: [ view_filter ] --END-- [ RunTime:0.001000s ]
INFO: [ app_end ] --START--
INFO: Run Behavior\ShowPageTraceBehavior [ RunTime:0.001000s ]
INFO: [ app_end ] --END-- [ RunTime:0.001000s ]

[ 2019-03-20T11:27:31+08:00 ] ::1 /bysj/index.php/Home/User/baoming.html
INFO: [ app_init ] --START--
INFO: Run Behavior\BuildLiteBehavior [ RunTime:0.000000s ]
INFO: [ app_init ] --END-- [ RunTime:0.000000s ]
INFO: [ app_begin ] --START--
INFO: Run Behavior\ReadHtmlCacheBehavior [ RunTime:0.001000s ]
INFO: [ app_begin ] --END-- [ RunTime:0.001000s ]
SQL: SHOW COLUMNS FROM `notice` [ RunTime:0.0700s ]
SQL: SELECT max(id) FROM `notice`  [ RunTime:0.0000s ]
SQL: SELECT * FROM `notice` WHERE `id` = 13  [ RunTime:0.0000s ]
SQL: SHOW COLUMNS FROM `user` [ RunTime:0.0030s ]
SQL: SELECT MAX(id) AS tp_max FROM `user` WHERE `account` = 'zhouyi1' LIMIT 1   [ RunTime:0.0010s ]
SQL: SELECT * FROM `user` WHERE `id` = 813 AND `account` = 'zhouyi1'  [ RunTime:0.0000s ]
NOTIC: [8] Use of undefined constant date - assumed 'date' H:\phpStudy\WWW\bysj\Application\Home\Controller\UserController.class.php 第 50 行.
NOTIC: [8] Use of undefined constant date - assumed 'date' H:\phpStudy\WWW\bysj\Application\Home\Controller\UserController.class.php 第 53 行.
NOTIC: [8] Use of undefined constant subject - assumed 'subject' H:\phpStudy\WWW\bysj\Application\Home\Controller\UserController.class.php 第 54 行.
NOTIC: [8] Use of undefined constant flag - assumed 'flag' H:\phpStudy\WWW\bysj\Application\Home\Controller\UserController.class.php 第 55 行.
NOTIC: [8] Use of undefined constant subject - assumed 'subject' H:\phpStudy\WWW\bysj\Application\Home\Controller\UserController.class.php 第 84 行.
NOTIC: [8] Use of undefined constant flag - assumed 'flag' H:\phpStudy\WWW\bysj\Application\Home\Controller\UserController.class.php 第 86 行.
NOTIC: [8] Use of undefined constant date - assumed 'date' H:\phpStudy\WWW\bysj\Application\Home\Controller\UserController.class.php 第 88 行.
NOTIC: [8] Use of undefined constant date - assumed 'date' H:\phpStudy\WWW\bysj\Application\Home\Controller\UserController.class.php 第 89 行.
INFO: [ view_parse ] --START--
INFO: [ template_filter ] --START--
INFO: Run Behavior\ContentReplaceBehavior [ RunTime:0.000000s ]
INFO: [ template_filter ] --END-- [ RunTime:0.000000s ]
NOTIC: [8] Undefined variable: examtell H:\phpStudy\WWW\bysj\Runtime\Cache\Home\85c15a4bfa0cca2d317beed460ec1545.php 第 306 行.
NOTIC: [8] Undefined variable: examtell H:\phpStudy\WWW\bysj\Runtime\Cache\Home\85c15a4bfa0cca2d317beed460ec1545.php 第 307 行.
NOTIC: [8] Undefined variable: userinfo H:\phpStudy\WWW\bysj\Runtime\Cache\Home\85c15a4bfa0cca2d317beed460ec1545.php 第 394 行.
NOTIC: [8] Undefined variable: userinfo H:\phpStudy\WWW\bysj\Runtime\Cache\Home\85c15a4bfa0cca2d317beed460ec1545.php 第 401 行.
NOTIC: [8] Undefined variable: userinfo H:\phpStudy\WWW\bysj\Runtime\Cache\Home\85c15a4bfa0cca2d317beed460ec1545.php 第 408 行.
NOTIC: [8] Undefined variable: userinfo H:\phpStudy\WWW\bysj\Runtime\Cache\Home\85c15a4bfa0cca2d317beed460ec1545.php 第 415 行.
NOTIC: [8] Undefined variable: userinfo H:\phpStudy\WWW\bysj\Runtime\Cache\Home\85c15a4bfa0cca2d317beed460ec1545.php 第 422 行.
NOTIC: [8] Undefined variable: userinfo H:\phpStudy\WWW\bysj\Runtime\Cache\Home\85c15a4bfa0cca2d317beed460ec1545.php 第 453 行.
NOTIC: [8] Undefined variable: userinfo H:\phpStudy\WWW\bysj\Runtime\Cache\Home\85c15a4bfa0cca2d317beed460ec1545.php 第 490 行.
NOTIC: [8] Undefined variable: userinfo H:\phpStudy\WWW\bysj\Runtime\Cache\Home\85c15a4bfa0cca2d317beed460ec1545.php 第 497 行.
NOTIC: [8] Undefined variable: userinfo H:\phpStudy\WWW\bysj\Runtime\Cache\Home\85c15a4bfa0cca2d317beed460ec1545.php 第 504 行.
NOTIC: [8] Undefined variable: userinfo H:\phpStudy\WWW\bysj\Runtime\Cache\Home\85c15a4bfa0cca2d317beed460ec1545.php 第 511 行.
NOTIC: [8] Undefined variable: userinfo H:\phpStudy\WWW\bysj\Runtime\Cache\Home\85c15a4bfa0cca2d317beed460ec1545.php 第 518 行.
INFO: Run Behavior\ParseTemplateBehavior [ RunTime:0.046003s ]
INFO: [ view_parse ] --END-- [ RunTime:0.046003s ]
INFO: [ view_filter ] --START--
INFO: Run Behavior\WriteHtmlCacheBehavior [ RunTime:0.001000s ]
INFO: [ view_filter ] --END-- [ RunTime:0.001000s ]
INFO: [ app_end ] --START--
INFO: Run Behavior\ShowPageTraceBehavior [ RunTime:0.001000s ]
INFO: [ app_end ] --END-- [ RunTime:0.001000s ]

[ 2019-03-20T11:27:34+08:00 ] ::1 /bysj/index.php/Home/User/baoming.html
INFO: [ app_init ] --START--
INFO: Run Behavior\BuildLiteBehavior [ RunTime:0.000000s ]
INFO: [ app_init ] --END-- [ RunTime:0.000000s ]
INFO: [ app_begin ] --START--
INFO: Run Behavior\ReadHtmlCacheBehavior [ RunTime:0.001000s ]
INFO: [ app_begin ] --END-- [ RunTime:0.001000s ]
SQL: SHOW COLUMNS FROM `notice` [ RunTime:0.0040s ]
SQL: SELECT max(id) FROM `notice`  [ RunTime:0.0000s ]
SQL: SELECT * FROM `notice` WHERE `id` = 13  [ RunTime:0.0000s ]
SQL: SHOW COLUMNS FROM `user` [ RunTime:0.0030s ]
SQL: SELECT MAX(id) AS tp_max FROM `user` WHERE `account` = 'zhouyi1' LIMIT 1   [ RunTime:0.0020s ]
SQL: SELECT * FROM `user` WHERE `id` = 813 AND `account` = 'zhouyi1'  [ RunTime:0.0000s ]
NOTIC: [8] Use of undefined constant date - assumed 'date' H:\phpStudy\WWW\bysj\Application\Home\Controller\UserController.class.php 第 50 行.
NOTIC: [8] Use of undefined constant date - assumed 'date' H:\phpStudy\WWW\bysj\Application\Home\Controller\UserController.class.php 第 53 行.
NOTIC: [8] Use of undefined constant subject - assumed 'subject' H:\phpStudy\WWW\bysj\Application\Home\Controller\UserController.class.php 第 54 行.
NOTIC: [8] Use of undefined constant flag - assumed 'flag' H:\phpStudy\WWW\bysj\Application\Home\Controller\UserController.class.php 第 55 行.
NOTIC: [8] Use of undefined constant subject - assumed 'subject' H:\phpStudy\WWW\bysj\Application\Home\Controller\UserController.class.php 第 84 行.
NOTIC: [8] Use of undefined constant flag - assumed 'flag' H:\phpStudy\WWW\bysj\Application\Home\Controller\UserController.class.php 第 86 行.
NOTIC: [8] Use of undefined constant date - assumed 'date' H:\phpStudy\WWW\bysj\Application\Home\Controller\UserController.class.php 第 88 行.
NOTIC: [8] Use of undefined constant date - assumed 'date' H:\phpStudy\WWW\bysj\Application\Home\Controller\UserController.class.php 第 89 行.
NOTIC: [8] Use of undefined constant pass - assumed 'pass' H:\phpStudy\WWW\bysj\Application\Home\Controller\UserController.class.php 第 92 行.
INFO: [ view_parse ] --START--
INFO: [ template_filter ] --START--
INFO: Run Behavior\ContentReplaceBehavior [ RunTime:0.000000s ]
INFO: [ template_filter ] --END-- [ RunTime:0.000000s ]
INFO: Run Behavior\ParseTemplateBehavior [ RunTime:0.005000s ]
INFO: [ view_parse ] --END-- [ RunTime:0.005000s ]
INFO: [ view_filter ] --START--
INFO: Run Behavior\WriteHtmlCacheBehavior [ RunTime:0.000000s ]
INFO: [ view_filter ] --END-- [ RunTime:0.000000s ]

[ 2019-03-20T11:27:35+08:00 ] ::1 /bysj/index.php/Home/User/baoming.html
INFO: [ app_init ] --START--
INFO: Run Behavior\BuildLiteBehavior [ RunTime:0.000000s ]
INFO: [ app_init ] --END-- [ RunTime:0.000000s ]
INFO: [ app_begin ] --START--
INFO: Run Behavior\ReadHtmlCacheBehavior [ RunTime:0.001000s ]
INFO: [ app_begin ] --END-- [ RunTime:0.001000s ]
SQL: SHOW COLUMNS FROM `notice` [ RunTime:0.0020s ]
SQL: SELECT max(id) FROM `notice`  [ RunTime:0.0010s ]
SQL: SELECT * FROM `notice` WHERE `id` = 13  [ RunTime:0.0000s ]
SQL: SHOW COLUMNS FROM `user` [ RunTime:0.0020s ]
SQL: SELECT MAX(id) AS tp_max FROM `user` WHERE `account` = 'zhouyi1' LIMIT 1   [ RunTime:0.0010s ]
SQL: SELECT * FROM `user` WHERE `id` = 813 AND `account` = 'zhouyi1'  [ RunTime:0.0000s ]
NOTIC: [8] Use of undefined constant date - assumed 'date' H:\phpStudy\WWW\bysj\Application\Home\Controller\UserController.class.php 第 50 行.
NOTIC: [8] Use of undefined constant date - assumed 'date' H:\phpStudy\WWW\bysj\Application\Home\Controller\UserController.class.php 第 53 行.
NOTIC: [8] Use of undefined constant subject - assumed 'subject' H:\phpStudy\WWW\bysj\Application\Home\Controller\UserController.class.php 第 54 行.
NOTIC: [8] Use of undefined constant flag - assumed 'flag' H:\phpStudy\WWW\bysj\Application\Home\Controller\UserController.class.php 第 55 行.
NOTIC: [8] Use of undefined constant subject - assumed 'subject' H:\phpStudy\WWW\bysj\Application\Home\Controller\UserController.class.php 第 84 行.
NOTIC: [8] Use of undefined constant flag - assumed 'flag' H:\phpStudy\WWW\bysj\Application\Home\Controller\UserController.class.php 第 86 行.
NOTIC: [8] Use of undefined constant date - assumed 'date' H:\phpStudy\WWW\bysj\Application\Home\Controller\UserController.class.php 第 88 行.
NOTIC: [8] Use of undefined constant date - assumed 'date' H:\phpStudy\WWW\bysj\Application\Home\Controller\UserController.class.php 第 89 行.
INFO: [ view_parse ] --START--
INFO: [ template_filter ] --START--
INFO: Run Behavior\ContentReplaceBehavior [ RunTime:0.000000s ]
INFO: [ template_filter ] --END-- [ RunTime:0.000000s ]
NOTIC: [8] Undefined variable: examtell H:\phpStudy\WWW\bysj\Runtime\Cache\Home\85c15a4bfa0cca2d317beed460ec1545.php 第 306 行.
NOTIC: [8] Undefined variable: examtell H:\phpStudy\WWW\bysj\Runtime\Cache\Home\85c15a4bfa0cca2d317beed460ec1545.php 第 307 行.
NOTIC: [8] Undefined variable: userinfo H:\phpStudy\WWW\bysj\Runtime\Cache\Home\85c15a4bfa0cca2d317beed460ec1545.php 第 394 行.
NOTIC: [8] Undefined variable: userinfo H:\phpStudy\WWW\bysj\Runtime\Cache\Home\85c15a4bfa0cca2d317beed460ec1545.php 第 401 行.
NOTIC: [8] Undefined variable: userinfo H:\phpStudy\WWW\bysj\Runtime\Cache\Home\85c15a4bfa0cca2d317beed460ec1545.php 第 408 行.
NOTIC: [8] Undefined variable: userinfo H:\phpStudy\WWW\bysj\Runtime\Cache\Home\85c15a4bfa0cca2d317beed460ec1545.php 第 415 行.
NOTIC: [8] Undefined variable: userinfo H:\phpStudy\WWW\bysj\Runtime\Cache\Home\85c15a4bfa0cca2d317beed460ec1545.php 第 422 行.
NOTIC: [8] Undefined variable: userinfo H:\phpStudy\WWW\bysj\Runtime\Cache\Home\85c15a4bfa0cca2d317beed460ec1545.php 第 453 行.
NOTIC: [8] Undefined variable: userinfo H:\phpStudy\WWW\bysj\Runtime\Cache\Home\85c15a4bfa0cca2d317beed460ec1545.php 第 490 行.
NOTIC: [8] Undefined variable: userinfo H:\phpStudy\WWW\bysj\Runtime\Cache\Home\85c15a4bfa0cca2d317beed460ec1545.php 第 497 行.
NOTIC: [8] Undefined variable: userinfo H:\phpStudy\WWW\bysj\Runtime\Cache\Home\85c15a4bfa0cca2d317beed460ec1545.php 第 504 行.
NOTIC: [8] Undefined variable: userinfo H:\phpStudy\WWW\bysj\Runtime\Cache\Home\85c15a4bfa0cca2d317beed460ec1545.php 第 511 行.
NOTIC: [8] Undefined variable: userinfo H:\phpStudy\WWW\bysj\Runtime\Cache\Home\85c15a4bfa0cca2d317beed460ec1545.php 第 518 行.
INFO: Run Behavior\ParseTemplateBehavior [ RunTime:0.018001s ]
INFO: [ view_parse ] --END-- [ RunTime:0.018001s ]
INFO: [ view_filter ] --START--
INFO: Run Behavior\WriteHtmlCacheBehavior [ RunTime:0.000000s ]
INFO: [ view_filter ] --END-- [ RunTime:0.000000s ]
INFO: [ app_end ] --START--
INFO: Run Behavior\ShowPageTraceBehavior [ RunTime:0.001000s ]
INFO: [ app_end ] --END-- [ RunTime:0.001000s ]

[ 2019-03-20T11:28:14+08:00 ] ::1 /bysj/index.php/Home/User/ziliao.html
INFO: [ app_init ] --START--
INFO: Run Behavior\BuildLiteBehavior [ RunTime:0.000000s ]
INFO: [ app_init ] --END-- [ RunTime:0.001000s ]
INFO: [ app_begin ] --START--
INFO: Run Behavior\ReadHtmlCacheBehavior [ RunTime:0.001000s ]
INFO: [ app_begin ] --END-- [ RunTime:0.001000s ]
SQL: SHOW COLUMNS FROM `user` [ RunTime:0.0040s ]
SQL: SELECT max(id) FROM `user` WHERE `account` = 'zhouyi1'  [ RunTime:0.0020s ]
SQL: SELECT * FROM `user` WHERE `id` = 813  [ RunTime:0.0000s ]
NOTIC: [8] Use of undefined constant account - assumed 'account' H:\phpStudy\WWW\bysj\Application\Home\Controller\UserController.class.php 第 257 行.
SQL: SELECT * FROM `user` WHERE `id` = 813  [ RunTime:0.0010s ]
NOTIC: [8] Use of undefined constant real_account - assumed 'real_account' H:\phpStudy\WWW\bysj\Application\Home\Controller\UserController.class.php 第 258 行.
SQL: SELECT * FROM `user` WHERE `id` = 813  [ RunTime:0.0000s ]
NOTIC: [8] Use of undefined constant sex - assumed 'sex' H:\phpStudy\WWW\bysj\Application\Home\Controller\UserController.class.php 第 259 行.
SQL: SELECT * FROM `user` WHERE `id` = 813  [ RunTime:0.0010s ]
NOTIC: [8] Use of undefined constant birth - assumed 'birth' H:\phpStudy\WWW\bysj\Application\Home\Controller\UserController.class.php 第 260 行.
SQL: SELECT * FROM `user` WHERE `id` = 813  [ RunTime:0.0000s ]
NOTIC: [8] Use of undefined constant id_card - assumed 'id_card' H:\phpStudy\WWW\bysj\Application\Home\Controller\UserController.class.php 第 261 行.
SQL: SELECT * FROM `user` WHERE `id` = 813  [ RunTime:0.0010s ]
NOTIC: [8] Use of undefined constant profession - assumed 'profession' H:\phpStudy\WWW\bysj\Application\Home\Controller\UserController.class.php 第 262 行.
SQL: SELECT * FROM `user` WHERE `id` = 813  [ RunTime:0.0000s ]
NOTIC: [8] Use of undefined constant school - assumed 'school' H:\phpStudy\WWW\bysj\Application\Home\Controller\UserController.class.php 第 263 行.
SQL: SELECT * FROM `user` WHERE `id` = 813  [ RunTime:0.0010s ]
NOTIC: [8] Use of undefined constant major - assumed 'major' H:\phpStudy\WWW\bysj\Application\Home\Controller\UserController.class.php 第 264 行.
SQL: SELECT * FROM `user` WHERE `id` = 813  [ RunTime:0.0000s ]
NOTIC: [8] Use of undefined constant education - assumed 'education' H:\phpStudy\WWW\bysj\Application\Home\Controller\UserController.class.php 第 265 行.
SQL: SELECT * FROM `user` WHERE `id` = 813  [ RunTime:0.0010s ]
NOTIC: [8] Use of undefined constant graduate - assumed 'graduate' H:\phpStudy\WWW\bysj\Application\Home\Controller\UserController.class.php 第 266 行.
SQL: SELECT * FROM `user` WHERE `id` = 813  [ RunTime:0.0000s ]
NOTIC: [8] Use of undefined constant work_address - assumed 'work_address' H:\phpStudy\WWW\bysj\Application\Home\Controller\UserController.class.php 第 267 行.
SQL: SELECT * FROM `user` WHERE `id` = 813  [ RunTime:0.0010s ]
NOTIC: [8] Use of undefined constant phone - assumed 'phone' H:\phpStudy\WWW\bysj\Application\Home\Controller\UserController.class.php 第 268 行.
SQL: SELECT * FROM `user` WHERE `id` = 813  [ RunTime:0.0000s ]
NOTIC: [8] Use of undefined constant post_address - assumed 'post_address' H:\phpStudy\WWW\bysj\Application\Home\Controller\UserController.class.php 第 269 行.
SQL: SELECT * FROM `user` WHERE `id` = 813  [ RunTime:0.0010s ]
NOTIC: [8] Use of undefined constant mail - assumed 'mail' H:\phpStudy\WWW\bysj\Application\Home\Controller\UserController.class.php 第 270 行.
SQL: SELECT * FROM `user` WHERE `id` = 813  [ RunTime:0.0000s ]
NOTIC: [8] Use of undefined constant addr - assumed 'addr' H:\phpStudy\WWW\bysj\Application\Home\Controller\UserController.class.php 第 271 行.
INFO: [ view_parse ] --START--
INFO: [ template_filter ] --START--
INFO: Run Behavior\ContentReplaceBehavior [ RunTime:0.000000s ]
INFO: [ template_filter ] --END-- [ RunTime:0.001000s ]
NOTIC: [8] Undefined variable: examtell H:\phpStudy\WWW\bysj\Runtime\Cache\Home\08e8f608b0620d3456aa521f10cf861e.php 第 306 行.
NOTIC: [8] Undefined variable: examtell H:\phpStudy\WWW\bysj\Runtime\Cache\Home\08e8f608b0620d3456aa521f10cf861e.php 第 307 行.
NOTIC: [8] Undefined variable: userinfo H:\phpStudy\WWW\bysj\Runtime\Cache\Home\08e8f608b0620d3456aa521f10cf861e.php 第 394 行.
NOTIC: [8] Undefined variable: userinfo H:\phpStudy\WWW\bysj\Runtime\Cache\Home\08e8f608b0620d3456aa521f10cf861e.php 第 401 行.
NOTIC: [8] Undefined variable: userinfo H:\phpStudy\WWW\bysj\Runtime\Cache\Home\08e8f608b0620d3456aa521f10cf861e.php 第 408 行.
NOTIC: [8] Undefined variable: userinfo H:\phpStudy\WWW\bysj\Runtime\Cache\Home\08e8f608b0620d3456aa521f10cf861e.php 第 415 行.
NOTIC: [8] Undefined variable: userinfo H:\phpStudy\WWW\bysj\Runtime\Cache\Home\08e8f608b0620d3456aa521f10cf861e.php 第 422 行.
NOTIC: [8] Undefined variable: userinfo H:\phpStudy\WWW\bysj\Runtime\Cache\Home\08e8f608b0620d3456aa521f10cf861e.php 第 453 行.
NOTIC: [8] Undefined variable: userinfo H:\phpStudy\WWW\bysj\Runtime\Cache\Home\08e8f608b0620d3456aa521f10cf861e.php 第 490 行.
NOTIC: [8] Undefined variable: userinfo H:\phpStudy\WWW\bysj\Runtime\Cache\Home\08e8f608b0620d3456aa521f10cf861e.php 第 497 行.
NOTIC: [8] Undefined variable: userinfo H:\phpStudy\WWW\bysj\Runtime\Cache\Home\08e8f608b0620d3456aa521f10cf861e.php 第 504 行.
NOTIC: [8] Undefined variable: userinfo H:\phpStudy\WWW\bysj\Runtime\Cache\Home\08e8f608b0620d3456aa521f10cf861e.php 第 511 行.
NOTIC: [8] Undefined variable: userinfo H:\phpStudy\WWW\bysj\Runtime\Cache\Home\08e8f608b0620d3456aa521f10cf861e.php 第 518 行.
INFO: Run Behavior\ParseTemplateBehavior [ RunTime:0.066004s ]
INFO: [ view_parse ] --END-- [ RunTime:0.066004s ]
INFO: [ view_filter ] --START--
INFO: Run Behavior\WriteHtmlCacheBehavior [ RunTime:0.001000s ]
INFO: [ view_filter ] --END-- [ RunTime:0.001000s ]
INFO: [ app_end ] --START--
INFO: Run Behavior\ShowPageTraceBehavior [ RunTime:0.002000s ]
INFO: [ app_end ] --END-- [ RunTime:0.002000s ]

[ 2019-03-20T11:28:15+08:00 ] ::1 /bysj/index.php/Home/User/hegezheng.html
INFO: [ app_init ] --START--
INFO: Run Behavior\BuildLiteBehavior [ RunTime:0.000000s ]
INFO: [ app_init ] --END-- [ RunTime:0.001000s ]
INFO: [ app_begin ] --START--
INFO: Run Behavior\ReadHtmlCacheBehavior [ RunTime:0.001000s ]
INFO: [ app_begin ] --END-- [ RunTime:0.001000s ]
INFO: [ view_parse ] --START--
INFO: [ template_filter ] --START--
INFO: Run Behavior\ContentReplaceBehavior [ RunTime:0.000000s ]
INFO: [ template_filter ] --END-- [ RunTime:0.000000s ]
NOTIC: [8] Undefined variable: examtell H:\phpStudy\WWW\bysj\Runtime\Cache\Home\114bc4a0da12ca107f75dc038974b2f8.php 第 306 行.
NOTIC: [8] Undefined variable: examtell H:\phpStudy\WWW\bysj\Runtime\Cache\Home\114bc4a0da12ca107f75dc038974b2f8.php 第 307 行.
NOTIC: [8] Undefined variable: userinfo H:\phpStudy\WWW\bysj\Runtime\Cache\Home\114bc4a0da12ca107f75dc038974b2f8.php 第 394 行.
NOTIC: [8] Undefined variable: userinfo H:\phpStudy\WWW\bysj\Runtime\Cache\Home\114bc4a0da12ca107f75dc038974b2f8.php 第 401 行.
NOTIC: [8] Undefined variable: userinfo H:\phpStudy\WWW\bysj\Runtime\Cache\Home\114bc4a0da12ca107f75dc038974b2f8.php 第 408 行.
NOTIC: [8] Undefined variable: userinfo H:\phpStudy\WWW\bysj\Runtime\Cache\Home\114bc4a0da12ca107f75dc038974b2f8.php 第 415 行.
NOTIC: [8] Undefined variable: userinfo H:\phpStudy\WWW\bysj\Runtime\Cache\Home\114bc4a0da12ca107f75dc038974b2f8.php 第 422 行.
NOTIC: [8] Undefined variable: userinfo H:\phpStudy\WWW\bysj\Runtime\Cache\Home\114bc4a0da12ca107f75dc038974b2f8.php 第 453 行.
NOTIC: [8] Undefined variable: userinfo H:\phpStudy\WWW\bysj\Runtime\Cache\Home\114bc4a0da12ca107f75dc038974b2f8.php 第 490 行.
NOTIC: [8] Undefined variable: userinfo H:\phpStudy\WWW\bysj\Runtime\Cache\Home\114bc4a0da12ca107f75dc038974b2f8.php 第 497 行.
NOTIC: [8] Undefined variable: userinfo H:\phpStudy\WWW\bysj\Runtime\Cache\Home\114bc4a0da12ca107f75dc038974b2f8.php 第 504 行.
NOTIC: [8] Undefined variable: userinfo H:\phpStudy\WWW\bysj\Runtime\Cache\Home\114bc4a0da12ca107f75dc038974b2f8.php 第 511 行.
NOTIC: [8] Undefined variable: userinfo H:\phpStudy\WWW\bysj\Runtime\Cache\Home\114bc4a0da12ca107f75dc038974b2f8.php 第 518 行.
INFO: Run Behavior\ParseTemplateBehavior [ RunTime:0.019001s ]
INFO: [ view_parse ] --END-- [ RunTime:0.019001s ]
INFO: [ view_filter ] --START--
INFO: Run Behavior\WriteHtmlCacheBehavior [ RunTime:0.001000s ]
INFO: [ view_filter ] --END-- [ RunTime:0.001000s ]
INFO: [ app_end ] --START--
INFO: Run Behavior\ShowPageTraceBehavior [ RunTime:0.000000s ]
INFO: [ app_end ] --END-- [ RunTime:0.001000s ]

[ 2019-03-20T11:28:17+08:00 ] ::1 /bysj/index.php/Home/User/gaimi.html
INFO: [ app_init ] --START--
INFO: Run Behavior\BuildLiteBehavior [ RunTime:0.000000s ]
INFO: [ app_init ] --END-- [ RunTime:0.001000s ]
INFO: [ app_begin ] --START--
INFO: Run Behavior\ReadHtmlCacheBehavior [ RunTime:0.001000s ]
INFO: [ app_begin ] --END-- [ RunTime:0.001000s ]
INFO: [ view_parse ] --START--
INFO: [ template_filter ] --START--
INFO: Run Behavior\ContentReplaceBehavior [ RunTime:0.000000s ]
INFO: [ template_filter ] --END-- [ RunTime:0.000000s ]
NOTIC: [8] Undefined variable: examtell H:\phpStudy\WWW\bysj\Runtime\Cache\Home\b6b884343d09b3e842bc456bbfc928e0.php 第 306 行.
NOTIC: [8] Undefined variable: examtell H:\phpStudy\WWW\bysj\Runtime\Cache\Home\b6b884343d09b3e842bc456bbfc928e0.php 第 307 行.
NOTIC: [8] Undefined variable: userinfo H:\phpStudy\WWW\bysj\Runtime\Cache\Home\b6b884343d09b3e842bc456bbfc928e0.php 第 394 行.
NOTIC: [8] Undefined variable: userinfo H:\phpStudy\WWW\bysj\Runtime\Cache\Home\b6b884343d09b3e842bc456bbfc928e0.php 第 401 行.
NOTIC: [8] Undefined variable: userinfo H:\phpStudy\WWW\bysj\Runtime\Cache\Home\b6b884343d09b3e842bc456bbfc928e0.php 第 408 行.
NOTIC: [8] Undefined variable: userinfo H:\phpStudy\WWW\bysj\Runtime\Cache\Home\b6b884343d09b3e842bc456bbfc928e0.php 第 415 行.
NOTIC: [8] Undefined variable: userinfo H:\phpStudy\WWW\bysj\Runtime\Cache\Home\b6b884343d09b3e842bc456bbfc928e0.php 第 422 行.
NOTIC: [8] Undefined variable: userinfo H:\phpStudy\WWW\bysj\Runtime\Cache\Home\b6b884343d09b3e842bc456bbfc928e0.php 第 453 行.
NOTIC: [8] Undefined variable: userinfo H:\phpStudy\WWW\bysj\Runtime\Cache\Home\b6b884343d09b3e842bc456bbfc928e0.php 第 490 行.
NOTIC: [8] Undefined variable: userinfo H:\phpStudy\WWW\bysj\Runtime\Cache\Home\b6b884343d09b3e842bc456bbfc928e0.php 第 497 行.
NOTIC: [8] Undefined variable: userinfo H:\phpStudy\WWW\bysj\Runtime\Cache\Home\b6b884343d09b3e842bc456bbfc928e0.php 第 504 行.
NOTIC: [8] Undefined variable: userinfo H:\phpStudy\WWW\bysj\Runtime\Cache\Home\b6b884343d09b3e842bc456bbfc928e0.php 第 511 行.
NOTIC: [8] Undefined variable: userinfo H:\phpStudy\WWW\bysj\Runtime\Cache\Home\b6b884343d09b3e842bc456bbfc928e0.php 第 518 行.
INFO: Run Behavior\ParseTemplateBehavior [ RunTime:0.020001s ]
INFO: [ view_parse ] --END-- [ RunTime:0.020001s ]
INFO: [ view_filter ] --START--
INFO: Run Behavior\WriteHtmlCacheBehavior [ RunTime:0.000000s ]
INFO: [ view_filter ] --END-- [ RunTime:0.000000s ]
INFO: [ app_end ] --START--
INFO: Run Behavior\ShowPageTraceBehavior [ RunTime:0.000000s ]
INFO: [ app_end ] --END-- [ RunTime:0.000000s ]

[ 2019-03-20T11:28:19+08:00 ] ::1 /bysj/index.php/Home/User/hegezheng.html
INFO: [ app_init ] --START--
INFO: Run Behavior\BuildLiteBehavior [ RunTime:0.000000s ]
INFO: [ app_init ] --END-- [ RunTime:0.000000s ]
INFO: [ app_begin ] --START--
INFO: Run Behavior\ReadHtmlCacheBehavior [ RunTime:0.001000s ]
INFO: [ app_begin ] --END-- [ RunTime:0.001000s ]
INFO: [ view_parse ] --START--
INFO: [ template_filter ] --START--
INFO: Run Behavior\ContentReplaceBehavior [ RunTime:0.001000s ]
INFO: [ template_filter ] --END-- [ RunTime:0.001000s ]
NOTIC: [8] Undefined variable: examtell H:\phpStudy\WWW\bysj\Runtime\Cache\Home\114bc4a0da12ca107f75dc038974b2f8.php 第 306 行.
NOTIC: [8] Undefined variable: examtell H:\phpStudy\WWW\bysj\Runtime\Cache\Home\114bc4a0da12ca107f75dc038974b2f8.php 第 307 行.
NOTIC: [8] Undefined variable: userinfo H:\phpStudy\WWW\bysj\Runtime\Cache\Home\114bc4a0da12ca107f75dc038974b2f8.php 第 394 行.
NOTIC: [8] Undefined variable: userinfo H:\phpStudy\WWW\bysj\Runtime\Cache\Home\114bc4a0da12ca107f75dc038974b2f8.php 第 401 行.
NOTIC: [8] Undefined variable: userinfo H:\phpStudy\WWW\bysj\Runtime\Cache\Home\114bc4a0da12ca107f75dc038974b2f8.php 第 408 行.
NOTIC: [8] Undefined variable: userinfo H:\phpStudy\WWW\bysj\Runtime\Cache\Home\114bc4a0da12ca107f75dc038974b2f8.php 第 415 行.
NOTIC: [8] Undefined variable: userinfo H:\phpStudy\WWW\bysj\Runtime\Cache\Home\114bc4a0da12ca107f75dc038974b2f8.php 第 422 行.
NOTIC: [8] Undefined variable: userinfo H:\phpStudy\WWW\bysj\Runtime\Cache\Home\114bc4a0da12ca107f75dc038974b2f8.php 第 453 行.
NOTIC: [8] Undefined variable: userinfo H:\phpStudy\WWW\bysj\Runtime\Cache\Home\114bc4a0da12ca107f75dc038974b2f8.php 第 490 行.
NOTIC: [8] Undefined variable: userinfo H:\phpStudy\WWW\bysj\Runtime\Cache\Home\114bc4a0da12ca107f75dc038974b2f8.php 第 497 行.
NOTIC: [8] Undefined variable: userinfo H:\phpStudy\WWW\bysj\Runtime\Cache\Home\114bc4a0da12ca107f75dc038974b2f8.php 第 504 行.
NOTIC: [8] Undefined variable: userinfo H:\phpStudy\WWW\bysj\Runtime\Cache\Home\114bc4a0da12ca107f75dc038974b2f8.php 第 511 行.
NOTIC: [8] Undefined variable: userinfo H:\phpStudy\WWW\bysj\Runtime\Cache\Home\114bc4a0da12ca107f75dc038974b2f8.php 第 518 行.
INFO: Run Behavior\ParseTemplateBehavior [ RunTime:0.024001s ]
INFO: [ view_parse ] --END-- [ RunTime:0.024001s ]
INFO: [ view_filter ] --START--
INFO: Run Behavior\WriteHtmlCacheBehavior [ RunTime:0.001000s ]
INFO: [ view_filter ] --END-- [ RunTime:0.001000s ]
INFO: [ app_end ] --START--
INFO: Run Behavior\ShowPageTraceBehavior [ RunTime:0.000000s ]
INFO: [ app_end ] --END-- [ RunTime:0.000000s ]

[ 2019-03-20T11:28:20+08:00 ] ::1 /bysj/index.php/Home/User/hegezheng.html
INFO: [ app_init ] --START--
INFO: Run Behavior\BuildLiteBehavior [ RunTime:0.000000s ]
INFO: [ app_init ] --END-- [ RunTime:0.000000s ]
INFO: [ app_begin ] --START--
INFO: Run Behavior\ReadHtmlCacheBehavior [ RunTime:0.001000s ]
INFO: [ app_begin ] --END-- [ RunTime:0.001000s ]
INFO: [ view_parse ] --START--
INFO: [ template_filter ] --START--
INFO: Run Behavior\ContentReplaceBehavior [ RunTime:0.000000s ]
INFO: [ template_filter ] --END-- [ RunTime:0.000000s ]
NOTIC: [8] Undefined variable: examtell H:\phpStudy\WWW\bysj\Runtime\Cache\Home\114bc4a0da12ca107f75dc038974b2f8.php 第 306 行.
NOTIC: [8] Undefined variable: examtell H:\phpStudy\WWW\bysj\Runtime\Cache\Home\114bc4a0da12ca107f75dc038974b2f8.php 第 307 行.
NOTIC: [8] Undefined variable: userinfo H:\phpStudy\WWW\bysj\Runtime\Cache\Home\114bc4a0da12ca107f75dc038974b2f8.php 第 394 行.
NOTIC: [8] Undefined variable: userinfo H:\phpStudy\WWW\bysj\Runtime\Cache\Home\114bc4a0da12ca107f75dc038974b2f8.php 第 401 行.
NOTIC: [8] Undefined variable: userinfo H:\phpStudy\WWW\bysj\Runtime\Cache\Home\114bc4a0da12ca107f75dc038974b2f8.php 第 408 行.
NOTIC: [8] Undefined variable: userinfo H:\phpStudy\WWW\bysj\Runtime\Cache\Home\114bc4a0da12ca107f75dc038974b2f8.php 第 415 行.
NOTIC: [8] Undefined variable: userinfo H:\phpStudy\WWW\bysj\Runtime\Cache\Home\114bc4a0da12ca107f75dc038974b2f8.php 第 422 行.
NOTIC: [8] Undefined variable: userinfo H:\phpStudy\WWW\bysj\Runtime\Cache\Home\114bc4a0da12ca107f75dc038974b2f8.php 第 453 行.
NOTIC: [8] Undefined variable: userinfo H:\phpStudy\WWW\bysj\Runtime\Cache\Home\114bc4a0da12ca107f75dc038974b2f8.php 第 490 行.
NOTIC: [8] Undefined variable: userinfo H:\phpStudy\WWW\bysj\Runtime\Cache\Home\114bc4a0da12ca107f75dc038974b2f8.php 第 497 行.
NOTIC: [8] Undefined variable: userinfo H:\phpStudy\WWW\bysj\Runtime\Cache\Home\114bc4a0da12ca107f75dc038974b2f8.php 第 504 行.
NOTIC: [8] Undefined variable: userinfo H:\phpStudy\WWW\bysj\Runtime\Cache\Home\114bc4a0da12ca107f75dc038974b2f8.php 第 511 行.
NOTIC: [8] Undefined variable: userinfo H:\phpStudy\WWW\bysj\Runtime\Cache\Home\114bc4a0da12ca107f75dc038974b2f8.php 第 518 行.
INFO: Run Behavior\ParseTemplateBehavior [ RunTime:0.024001s ]
INFO: [ view_parse ] --END-- [ RunTime:0.024001s ]
INFO: [ view_filter ] --START--
INFO: Run Behavior\WriteHtmlCacheBehavior [ RunTime:0.000000s ]
INFO: [ view_filter ] --END-- [ RunTime:0.000000s ]
INFO: [ app_end ] --START--
INFO: Run Behavior\ShowPageTraceBehavior [ RunTime:0.000000s ]
INFO: [ app_end ] --END-- [ RunTime:0.000000s ]

[ 2019-03-20T11:28:21+08:00 ] ::1 /bysj/index.php/Home/User/ziliao.html
INFO: [ app_init ] --START--
INFO: Run Behavior\BuildLiteBehavior [ RunTime:0.000000s ]
INFO: [ app_init ] --END-- [ RunTime:0.000000s ]
INFO: [ app_begin ] --START--
INFO: Run Behavior\ReadHtmlCacheBehavior [ RunTime:0.001000s ]
INFO: [ app_begin ] --END-- [ RunTime:0.001000s ]
SQL: SHOW COLUMNS FROM `user` [ RunTime:0.0030s ]
SQL: SELECT max(id) FROM `user` WHERE `account` = 'zhouyi1'  [ RunTime:0.0010s ]
SQL: SELECT * FROM `user` WHERE `id` = 813  [ RunTime:0.0000s ]
NOTIC: [8] Use of undefined constant account - assumed 'account' H:\phpStudy\WWW\bysj\Application\Home\Controller\UserController.class.php 第 257 行.
SQL: SELECT * FROM `user` WHERE `id` = 813  [ RunTime:0.0010s ]
NOTIC: [8] Use of undefined constant real_account - assumed 'real_account' H:\phpStudy\WWW\bysj\Application\Home\Controller\UserController.class.php 第 258 行.
SQL: SELECT * FROM `user` WHERE `id` = 813  [ RunTime:0.0000s ]
NOTIC: [8] Use of undefined constant sex - assumed 'sex' H:\phpStudy\WWW\bysj\Application\Home\Controller\UserController.class.php 第 259 行.
SQL: SELECT * FROM `user` WHERE `id` = 813  [ RunTime:0.0000s ]
NOTIC: [8] Use of undefined constant birth - assumed 'birth' H:\phpStudy\WWW\bysj\Application\Home\Controller\UserController.class.php 第 260 行.
SQL: SELECT * FROM `user` WHERE `id` = 813  [ RunTime:0.0000s ]
NOTIC: [8] Use of undefined constant id_card - assumed 'id_card' H:\phpStudy\WWW\bysj\Application\Home\Controller\UserController.class.php 第 261 行.
SQL: SELECT * FROM `user` WHERE `id` = 813  [ RunTime:0.0000s ]
NOTIC: [8] Use of undefined constant profession - assumed 'profession' H:\phpStudy\WWW\bysj\Application\Home\Controller\UserController.class.php 第 262 行.
SQL: SELECT * FROM `user` WHERE `id` = 813  [ RunTime:0.0010s ]
NOTIC: [8] Use of undefined constant school - assumed 'school' H:\phpStudy\WWW\bysj\Application\Home\Controller\UserController.class.php 第 263 行.
SQL: SELECT * FROM `user` WHERE `id` = 813  [ RunTime:0.0000s ]
NOTIC: [8] Use of undefined constant major - assumed 'major' H:\phpStudy\WWW\bysj\Application\Home\Controller\UserController.class.php 第 264 行.
SQL: SELECT * FROM `user` WHERE `id` = 813  [ RunTime:0.0000s ]
NOTIC: [8] Use of undefined constant education - assumed 'education' H:\phpStudy\WWW\bysj\Application\Home\Controller\UserController.class.php 第 265 行.
SQL: SELECT * FROM `user` WHERE `id` = 813  [ RunTime:0.0000s ]
NOTIC: [8] Use of undefined constant graduate - assumed 'graduate' H:\phpStudy\WWW\bysj\Application\Home\Controller\UserController.class.php 第 266 行.
SQL: SELECT * FROM `user` WHERE `id` = 813  [ RunTime:0.0000s ]
NOTIC: [8] Use of undefined constant work_address - assumed 'work_address' H:\phpStudy\WWW\bysj\Application\Home\Controller\UserController.class.php 第 267 行.
SQL: SELECT * FROM `user` WHERE `id` = 813  [ RunTime:0.0010s ]
NOTIC: [8] Use of undefined constant phone - assumed 'phone' H:\phpStudy\WWW\bysj\Application\Home\Controller\UserController.class.php 第 268 行.
SQL: SELECT * FROM `user` WHERE `id` = 813  [ RunTime:0.0000s ]
NOTIC: [8] Use of undefined constant post_address - assumed 'post_address' H:\phpStudy\WWW\bysj\Application\Home\Controller\UserController.class.php 第 269 行.
SQL: SELECT * FROM `user` WHERE `id` = 813  [ RunTime:0.0000s ]
NOTIC: [8] Use of undefined constant mail - assumed 'mail' H:\phpStudy\WWW\bysj\Application\Home\Controller\UserController.class.php 第 270 行.
SQL: SELECT * FROM `user` WHERE `id` = 813  [ RunTime:0.0000s ]
NOTIC: [8] Use of undefined constant addr - assumed 'addr' H:\phpStudy\WWW\bysj\Application\Home\Controller\UserController.class.php 第 271 行.
INFO: [ view_parse ] --START--
INFO: [ template_filter ] --START--
INFO: Run Behavior\ContentReplaceBehavior [ RunTime:0.000000s ]
INFO: [ template_filter ] --END-- [ RunTime:0.000000s ]
NOTIC: [8] Undefined variable: examtell H:\phpStudy\WWW\bysj\Runtime\Cache\Home\08e8f608b0620d3456aa521f10cf861e.php 第 306 行.
NOTIC: [8] Undefined variable: examtell H:\phpStudy\WWW\bysj\Runtime\Cache\Home\08e8f608b0620d3456aa521f10cf861e.php 第 307 行.
NOTIC: [8] Undefined variable: userinfo H:\phpStudy\WWW\bysj\Runtime\Cache\Home\08e8f608b0620d3456aa521f10cf861e.php 第 394 行.
NOTIC: [8] Undefined variable: userinfo H:\phpStudy\WWW\bysj\Runtime\Cache\Home\08e8f608b0620d3456aa521f10cf861e.php 第 401 行.
NOTIC: [8] Undefined variable: userinfo H:\phpStudy\WWW\bysj\Runtime\Cache\Home\08e8f608b0620d3456aa521f10cf861e.php 第 408 行.
NOTIC: [8] Undefined variable: userinfo H:\phpStudy\WWW\bysj\Runtime\Cache\Home\08e8f608b0620d3456aa521f10cf861e.php 第 415 行.
NOTIC: [8] Undefined variable: userinfo H:\phpStudy\WWW\bysj\Runtime\Cache\Home\08e8f608b0620d3456aa521f10cf861e.php 第 422 行.
NOTIC: [8] Undefined variable: userinfo H:\phpStudy\WWW\bysj\Runtime\Cache\Home\08e8f608b0620d3456aa521f10cf861e.php 第 453 行.
NOTIC: [8] Undefined variable: userinfo H:\phpStudy\WWW\bysj\Runtime\Cache\Home\08e8f608b0620d3456aa521f10cf861e.php 第 490 行.
NOTIC: [8] Undefined variable: userinfo H:\phpStudy\WWW\bysj\Runtime\Cache\Home\08e8f608b0620d3456aa521f10cf861e.php 第 497 行.
NOTIC: [8] Undefined variable: userinfo H:\phpStudy\WWW\bysj\Runtime\Cache\Home\08e8f608b0620d3456aa521f10cf861e.php 第 504 行.
NOTIC: [8] Undefined variable: userinfo H:\phpStudy\WWW\bysj\Runtime\Cache\Home\08e8f608b0620d3456aa521f10cf861e.php 第 511 行.
NOTIC: [8] Undefined variable: userinfo H:\phpStudy\WWW\bysj\Runtime\Cache\Home\08e8f608b0620d3456aa521f10cf861e.php 第 518 行.
INFO: Run Behavior\ParseTemplateBehavior [ RunTime:0.016001s ]
INFO: [ view_parse ] --END-- [ RunTime:0.016001s ]
INFO: [ view_filter ] --START--
INFO: Run Behavior\WriteHtmlCacheBehavior [ RunTime:0.000000s ]
INFO: [ view_filter ] --END-- [ RunTime:0.000000s ]
INFO: [ app_end ] --START--
INFO: Run Behavior\ShowPageTraceBehavior [ RunTime:0.000000s ]
INFO: [ app_end ] --END-- [ RunTime:0.000000s ]

