[ 2019-03-29T21:40:17+08:00 ] ::1 /bysj/index.php/admin/load/load.html
INFO: [ app_init ] --START--
INFO: Run Behavior\BuildLiteBehavior [ RunTime:0.000000s ]
INFO: [ app_init ] --END-- [ RunTime:0.001000s ]
INFO: [ app_begin ] --START--
INFO: Run Behavior\ReadHtmlCacheBehavior [ RunTime:0.001000s ]
INFO: [ app_begin ] --END-- [ RunTime:0.001000s ]
INFO: [ view_parse ] --START--
INFO: [ template_filter ] --START--
INFO: Run Behavior\ContentReplaceBehavior [ RunTime:0.000000s ]
INFO: [ template_filter ] --END-- [ RunTime:0.001000s ]
INFO: Run Behavior\ParseTemplateBehavior [ RunTime:0.028001s ]
INFO: [ view_parse ] --END-- [ RunTime:0.028001s ]
INFO: [ view_filter ] --START--
INFO: Run Behavior\WriteHtmlCacheBehavior [ RunTime:0.001000s ]
INFO: [ view_filter ] --END-- [ RunTime:0.001000s ]
INFO: [ app_end ] --START--
INFO: Run Behavior\ShowPageTraceBehavior [ RunTime:0.001001s ]
INFO: [ app_end ] --END-- [ RunTime:0.001001s ]

[ 2019-03-29T21:40:24+08:00 ] ::1 /bysj/index.php/Admin/Load/load.html
INFO: [ app_init ] --START--
INFO: Run Behavior\BuildLiteBehavior [ RunTime:0.000000s ]
INFO: [ app_init ] --END-- [ RunTime:0.000000s ]
INFO: [ app_begin ] --START--
INFO: Run Behavior\ReadHtmlCacheBehavior [ RunTime:0.000000s ]
INFO: [ app_begin ] --END-- [ RunTime:0.000000s ]
SQL: SHOW COLUMNS FROM `admin` [ RunTime:0.0040s ]
SQL: SELECT * FROM `admin` WHERE `username` = 'admin' AND `password` = 'fa9711f7d4b4eba919745f6e27127575' LIMIT 1   [ RunTime:0.0000s ]
INFO: [ view_parse ] --START--
INFO: [ template_filter ] --START--
INFO: Run Behavior\ContentReplaceBehavior [ RunTime:0.000000s ]
INFO: [ template_filter ] --END-- [ RunTime:0.000000s ]
INFO: Run Behavior\ParseTemplateBehavior [ RunTime:0.004000s ]
INFO: [ view_parse ] --END-- [ RunTime:0.004000s ]
INFO: [ view_filter ] --START--
INFO: Run Behavior\WriteHtmlCacheBehavior [ RunTime:0.001000s ]
INFO: [ view_filter ] --END-- [ RunTime:0.001000s ]
INFO: [ app_end ] --START--
INFO: Run Behavior\ShowPageTraceBehavior [ RunTime:0.000000s ]
INFO: [ app_end ] --END-- [ RunTime:0.000000s ]

[ 2019-03-29T21:40:25+08:00 ] ::1 /bysj/index.php/Admin/Index/shenhe.html
INFO: [ app_init ] --START--
INFO: Run Behavior\BuildLiteBehavior [ RunTime:0.000000s ]
INFO: [ app_init ] --END-- [ RunTime:0.000000s ]
INFO: [ app_begin ] --START--
INFO: Run Behavior\ReadHtmlCacheBehavior [ RunTime:0.001000s ]
INFO: [ app_begin ] --END-- [ RunTime:0.001000s ]
SQL: SHOW COLUMNS FROM `user` [ RunTime:0.0040s ]
SQL: SELECT * FROM `user` WHERE `date` LIKE '%%' AND `real_account` LIKE '%%'  [ RunTime:0.0070s ]
NOTIC: [8] Undefined index: pass H:\phpStudy\WWW\bysj\Application\Admin\Controller\IndexController.class.php 第 74 行.
INFO: [ view_parse ] --START--
INFO: [ template_filter ] --START--
INFO: Run Behavior\ContentReplaceBehavior [ RunTime:0.001000s ]
INFO: [ template_filter ] --END-- [ RunTime:0.001000s ]
NOTIC: [2] Illegal string offset 'account' H:\phpStudy\WWW\bysj\Runtime\Cache\Admin\e17b5730c9867d0dd9d3bf627a20efb7.php 第 561 行.
NOTIC: [2] Illegal string offset 'real_account' H:\phpStudy\WWW\bysj\Runtime\Cache\Admin\e17b5730c9867d0dd9d3bf627a20efb7.php 第 562 行.
NOTIC: [2] Illegal string offset 'account' H:\phpStudy\WWW\bysj\Runtime\Cache\Admin\e17b5730c9867d0dd9d3bf627a20efb7.php 第 565 行.
NOTIC: [2] Illegal string offset 'pass' H:\phpStudy\WWW\bysj\Runtime\Cache\Admin\e17b5730c9867d0dd9d3bf627a20efb7.php 第 569 行.
NOTIC: [2] Illegal string offset 'pass' H:\phpStudy\WWW\bysj\Runtime\Cache\Admin\e17b5730c9867d0dd9d3bf627a20efb7.php 第 569 行.
NOTIC: [2] Illegal string offset 'reason' H:\phpStudy\WWW\bysj\Runtime\Cache\Admin\e17b5730c9867d0dd9d3bf627a20efb7.php 第 570 行.
NOTIC: [2] Illegal string offset 'account' H:\phpStudy\WWW\bysj\Runtime\Cache\Admin\e17b5730c9867d0dd9d3bf627a20efb7.php 第 572 行.
INFO: Run Behavior\ParseTemplateBehavior [ RunTime:0.135008s ]
INFO: [ view_parse ] --END-- [ RunTime:0.135008s ]
INFO: [ view_filter ] --START--
INFO: Run Behavior\WriteHtmlCacheBehavior [ RunTime:0.001000s ]
INFO: [ view_filter ] --END-- [ RunTime:0.001000s ]
INFO: [ app_end ] --START--
INFO: Run Behavior\ShowPageTraceBehavior [ RunTime:0.000000s ]
INFO: [ app_end ] --END-- [ RunTime:0.000000s ]

[ 2019-03-29T21:40:35+08:00 ] ::1 /bysj/index.php/Admin/Index/shenhe.html
INFO: [ app_init ] --START--
INFO: Run Behavior\BuildLiteBehavior [ RunTime:0.000000s ]
INFO: [ app_init ] --END-- [ RunTime:0.000000s ]
INFO: [ app_begin ] --START--
INFO: Run Behavior\ReadHtmlCacheBehavior [ RunTime:0.001000s ]
INFO: [ app_begin ] --END-- [ RunTime:0.001000s ]
SQL: SHOW COLUMNS FROM `user` [ RunTime:0.0040s ]
SQL: SELECT * FROM `user` WHERE `date` LIKE '%%' AND `real_account` LIKE '%zhouyi%'  [ RunTime:0.0020s ]
NOTIC: [8] Undefined index: pass H:\phpStudy\WWW\bysj\Application\Admin\Controller\IndexController.class.php 第 74 行.
INFO: [ view_parse ] --START--
INFO: [ template_filter ] --START--
INFO: Run Behavior\ContentReplaceBehavior [ RunTime:0.000000s ]
INFO: [ template_filter ] --END-- [ RunTime:0.000000s ]
NOTIC: [2] Illegal string offset 'account' H:\phpStudy\WWW\bysj\Runtime\Cache\Admin\e17b5730c9867d0dd9d3bf627a20efb7.php 第 561 行.
NOTIC: [2] Illegal string offset 'real_account' H:\phpStudy\WWW\bysj\Runtime\Cache\Admin\e17b5730c9867d0dd9d3bf627a20efb7.php 第 562 行.
NOTIC: [2] Illegal string offset 'account' H:\phpStudy\WWW\bysj\Runtime\Cache\Admin\e17b5730c9867d0dd9d3bf627a20efb7.php 第 565 行.
NOTIC: [2] Illegal string offset 'pass' H:\phpStudy\WWW\bysj\Runtime\Cache\Admin\e17b5730c9867d0dd9d3bf627a20efb7.php 第 569 行.
NOTIC: [2] Illegal string offset 'pass' H:\phpStudy\WWW\bysj\Runtime\Cache\Admin\e17b5730c9867d0dd9d3bf627a20efb7.php 第 569 行.
NOTIC: [2] Illegal string offset 'reason' H:\phpStudy\WWW\bysj\Runtime\Cache\Admin\e17b5730c9867d0dd9d3bf627a20efb7.php 第 570 行.
NOTIC: [2] Illegal string offset 'account' H:\phpStudy\WWW\bysj\Runtime\Cache\Admin\e17b5730c9867d0dd9d3bf627a20efb7.php 第 572 行.
INFO: Run Behavior\ParseTemplateBehavior [ RunTime:0.010001s ]
INFO: [ view_parse ] --END-- [ RunTime:0.010001s ]
INFO: [ view_filter ] --START--
INFO: Run Behavior\WriteHtmlCacheBehavior [ RunTime:0.000000s ]
INFO: [ view_filter ] --END-- [ RunTime:0.000000s ]
INFO: [ app_end ] --START--
INFO: Run Behavior\ShowPageTraceBehavior [ RunTime:0.001000s ]
INFO: [ app_end ] --END-- [ RunTime:0.001000s ]

[ 2019-03-29T21:40:41+08:00 ] ::1 /bysj/index.php/Admin/Index/shenhe.html
INFO: [ app_init ] --START--
INFO: Run Behavior\BuildLiteBehavior [ RunTime:0.000000s ]
INFO: [ app_init ] --END-- [ RunTime:0.000000s ]
INFO: [ app_begin ] --START--
INFO: Run Behavior\ReadHtmlCacheBehavior [ RunTime:0.001000s ]
INFO: [ app_begin ] --END-- [ RunTime:0.001000s ]
SQL: SHOW COLUMNS FROM `user` [ RunTime:0.0040s ]
SQL: SELECT * FROM `user` WHERE `date` LIKE '%%' AND `real_account` LIKE '%zhouyi1%'  [ RunTime:0.0020s ]
NOTIC: [8] Undefined index: pass H:\phpStudy\WWW\bysj\Application\Admin\Controller\IndexController.class.php 第 74 行.
INFO: [ view_parse ] --START--
INFO: [ template_filter ] --START--
INFO: Run Behavior\ContentReplaceBehavior [ RunTime:0.001000s ]
INFO: [ template_filter ] --END-- [ RunTime:0.001000s ]
NOTIC: [2] Illegal string offset 'account' H:\phpStudy\WWW\bysj\Runtime\Cache\Admin\e17b5730c9867d0dd9d3bf627a20efb7.php 第 561 行.
NOTIC: [2] Illegal string offset 'real_account' H:\phpStudy\WWW\bysj\Runtime\Cache\Admin\e17b5730c9867d0dd9d3bf627a20efb7.php 第 562 行.
NOTIC: [2] Illegal string offset 'account' H:\phpStudy\WWW\bysj\Runtime\Cache\Admin\e17b5730c9867d0dd9d3bf627a20efb7.php 第 565 行.
NOTIC: [2] Illegal string offset 'pass' H:\phpStudy\WWW\bysj\Runtime\Cache\Admin\e17b5730c9867d0dd9d3bf627a20efb7.php 第 569 行.
NOTIC: [2] Illegal string offset 'pass' H:\phpStudy\WWW\bysj\Runtime\Cache\Admin\e17b5730c9867d0dd9d3bf627a20efb7.php 第 569 行.
NOTIC: [2] Illegal string offset 'reason' H:\phpStudy\WWW\bysj\Runtime\Cache\Admin\e17b5730c9867d0dd9d3bf627a20efb7.php 第 570 行.
NOTIC: [2] Illegal string offset 'account' H:\phpStudy\WWW\bysj\Runtime\Cache\Admin\e17b5730c9867d0dd9d3bf627a20efb7.php 第 572 行.
INFO: Run Behavior\ParseTemplateBehavior [ RunTime:0.012000s ]
INFO: [ view_parse ] --END-- [ RunTime:0.012000s ]
INFO: [ view_filter ] --START--
INFO: Run Behavior\WriteHtmlCacheBehavior [ RunTime:0.000000s ]
INFO: [ view_filter ] --END-- [ RunTime:0.000000s ]
INFO: [ app_end ] --START--
INFO: Run Behavior\ShowPageTraceBehavior [ RunTime:0.001000s ]
INFO: [ app_end ] --END-- [ RunTime:0.001000s ]

[ 2019-03-29T21:40:43+08:00 ] ::1 /bysj/index.php/Admin/Index/shenhe.html
INFO: [ app_init ] --START--
INFO: Run Behavior\BuildLiteBehavior [ RunTime:0.000000s ]
INFO: [ app_init ] --END-- [ RunTime:0.000000s ]
INFO: [ app_begin ] --START--
INFO: Run Behavior\ReadHtmlCacheBehavior [ RunTime:0.000000s ]
INFO: [ app_begin ] --END-- [ RunTime:0.000000s ]
SQL: SHOW COLUMNS FROM `user` [ RunTime:0.0040s ]
SQL: SELECT * FROM `user` WHERE `date` LIKE '%%' AND `real_account` LIKE '%zhouyi1%'  [ RunTime:0.0020s ]
NOTIC: [8] Undefined index: pass H:\phpStudy\WWW\bysj\Application\Admin\Controller\IndexController.class.php 第 74 行.
INFO: [ view_parse ] --START--
INFO: [ template_filter ] --START--
INFO: Run Behavior\ContentReplaceBehavior [ RunTime:0.000000s ]
INFO: [ template_filter ] --END-- [ RunTime:0.000000s ]
NOTIC: [2] Illegal string offset 'account' H:\phpStudy\WWW\bysj\Runtime\Cache\Admin\e17b5730c9867d0dd9d3bf627a20efb7.php 第 561 行.
NOTIC: [2] Illegal string offset 'real_account' H:\phpStudy\WWW\bysj\Runtime\Cache\Admin\e17b5730c9867d0dd9d3bf627a20efb7.php 第 562 行.
NOTIC: [2] Illegal string offset 'account' H:\phpStudy\WWW\bysj\Runtime\Cache\Admin\e17b5730c9867d0dd9d3bf627a20efb7.php 第 565 行.
NOTIC: [2] Illegal string offset 'pass' H:\phpStudy\WWW\bysj\Runtime\Cache\Admin\e17b5730c9867d0dd9d3bf627a20efb7.php 第 569 行.
NOTIC: [2] Illegal string offset 'pass' H:\phpStudy\WWW\bysj\Runtime\Cache\Admin\e17b5730c9867d0dd9d3bf627a20efb7.php 第 569 行.
NOTIC: [2] Illegal string offset 'reason' H:\phpStudy\WWW\bysj\Runtime\Cache\Admin\e17b5730c9867d0dd9d3bf627a20efb7.php 第 570 行.
NOTIC: [2] Illegal string offset 'account' H:\phpStudy\WWW\bysj\Runtime\Cache\Admin\e17b5730c9867d0dd9d3bf627a20efb7.php 第 572 行.
INFO: Run Behavior\ParseTemplateBehavior [ RunTime:0.015001s ]
INFO: [ view_parse ] --END-- [ RunTime:0.016001s ]
INFO: [ view_filter ] --START--
INFO: Run Behavior\WriteHtmlCacheBehavior [ RunTime:0.000000s ]
INFO: [ view_filter ] --END-- [ RunTime:0.000000s ]
INFO: [ app_end ] --START--
INFO: Run Behavior\ShowPageTraceBehavior [ RunTime:0.001000s ]
INFO: [ app_end ] --END-- [ RunTime:0.001000s ]

[ 2019-03-29T21:40:44+08:00 ] ::1 /bysj/index.php/Admin/Index/shenhe.html
INFO: [ app_init ] --START--
INFO: Run Behavior\BuildLiteBehavior [ RunTime:0.000000s ]
INFO: [ app_init ] --END-- [ RunTime:0.001000s ]
INFO: [ app_begin ] --START--
INFO: Run Behavior\ReadHtmlCacheBehavior [ RunTime:0.000000s ]
INFO: [ app_begin ] --END-- [ RunTime:0.000000s ]
SQL: SHOW COLUMNS FROM `user` [ RunTime:0.0050s ]
SQL: SELECT * FROM `user` WHERE `date` LIKE '%%' AND `real_account` LIKE '%zhouyi1%'  [ RunTime:0.0020s ]
NOTIC: [8] Undefined index: pass H:\phpStudy\WWW\bysj\Application\Admin\Controller\IndexController.class.php 第 74 行.
INFO: [ view_parse ] --START--
INFO: [ template_filter ] --START--
INFO: Run Behavior\ContentReplaceBehavior [ RunTime:0.000000s ]
INFO: [ template_filter ] --END-- [ RunTime:0.000000s ]
NOTIC: [2] Illegal string offset 'account' H:\phpStudy\WWW\bysj\Runtime\Cache\Admin\e17b5730c9867d0dd9d3bf627a20efb7.php 第 561 行.
NOTIC: [2] Illegal string offset 'real_account' H:\phpStudy\WWW\bysj\Runtime\Cache\Admin\e17b5730c9867d0dd9d3bf627a20efb7.php 第 562 行.
NOTIC: [2] Illegal string offset 'account' H:\phpStudy\WWW\bysj\Runtime\Cache\Admin\e17b5730c9867d0dd9d3bf627a20efb7.php 第 565 行.
NOTIC: [2] Illegal string offset 'pass' H:\phpStudy\WWW\bysj\Runtime\Cache\Admin\e17b5730c9867d0dd9d3bf627a20efb7.php 第 569 行.
NOTIC: [2] Illegal string offset 'pass' H:\phpStudy\WWW\bysj\Runtime\Cache\Admin\e17b5730c9867d0dd9d3bf627a20efb7.php 第 569 行.
NOTIC: [2] Illegal string offset 'reason' H:\phpStudy\WWW\bysj\Runtime\Cache\Admin\e17b5730c9867d0dd9d3bf627a20efb7.php 第 570 行.
NOTIC: [2] Illegal string offset 'account' H:\phpStudy\WWW\bysj\Runtime\Cache\Admin\e17b5730c9867d0dd9d3bf627a20efb7.php 第 572 行.
INFO: Run Behavior\ParseTemplateBehavior [ RunTime:0.010001s ]
INFO: [ view_parse ] --END-- [ RunTime:0.011001s ]
INFO: [ view_filter ] --START--
INFO: Run Behavior\WriteHtmlCacheBehavior [ RunTime:0.000000s ]
INFO: [ view_filter ] --END-- [ RunTime:0.000000s ]
INFO: [ app_end ] --START--
INFO: Run Behavior\ShowPageTraceBehavior [ RunTime:0.000000s ]
INFO: [ app_end ] --END-- [ RunTime:0.000000s ]

[ 2019-03-29T21:40:44+08:00 ] ::1 /bysj/index.php/Admin/Index/shenhe.html
INFO: [ app_init ] --START--
INFO: Run Behavior\BuildLiteBehavior [ RunTime:0.000000s ]
INFO: [ app_init ] --END-- [ RunTime:0.000000s ]
INFO: [ app_begin ] --START--
INFO: Run Behavior\ReadHtmlCacheBehavior [ RunTime:0.001000s ]
INFO: [ app_begin ] --END-- [ RunTime:0.001000s ]
SQL: SHOW COLUMNS FROM `user` [ RunTime:0.0060s ]
SQL: SELECT * FROM `user` WHERE `date` LIKE '%%' AND `real_account` LIKE '%zhouyi1%'  [ RunTime:0.0020s ]
NOTIC: [8] Undefined index: pass H:\phpStudy\WWW\bysj\Application\Admin\Controller\IndexController.class.php 第 74 行.
INFO: [ view_parse ] --START--
INFO: [ template_filter ] --START--
INFO: Run Behavior\ContentReplaceBehavior [ RunTime:0.000000s ]
INFO: [ template_filter ] --END-- [ RunTime:0.000000s ]
NOTIC: [2] Illegal string offset 'account' H:\phpStudy\WWW\bysj\Runtime\Cache\Admin\e17b5730c9867d0dd9d3bf627a20efb7.php 第 561 行.
NOTIC: [2] Illegal string offset 'real_account' H:\phpStudy\WWW\bysj\Runtime\Cache\Admin\e17b5730c9867d0dd9d3bf627a20efb7.php 第 562 行.
NOTIC: [2] Illegal string offset 'account' H:\phpStudy\WWW\bysj\Runtime\Cache\Admin\e17b5730c9867d0dd9d3bf627a20efb7.php 第 565 行.
NOTIC: [2] Illegal string offset 'pass' H:\phpStudy\WWW\bysj\Runtime\Cache\Admin\e17b5730c9867d0dd9d3bf627a20efb7.php 第 569 行.
NOTIC: [2] Illegal string offset 'pass' H:\phpStudy\WWW\bysj\Runtime\Cache\Admin\e17b5730c9867d0dd9d3bf627a20efb7.php 第 569 行.
NOTIC: [2] Illegal string offset 'reason' H:\phpStudy\WWW\bysj\Runtime\Cache\Admin\e17b5730c9867d0dd9d3bf627a20efb7.php 第 570 行.
NOTIC: [2] Illegal string offset 'account' H:\phpStudy\WWW\bysj\Runtime\Cache\Admin\e17b5730c9867d0dd9d3bf627a20efb7.php 第 572 行.
INFO: Run Behavior\ParseTemplateBehavior [ RunTime:0.016000s ]
INFO: [ view_parse ] --END-- [ RunTime:0.016000s ]
INFO: [ view_filter ] --START--
INFO: Run Behavior\WriteHtmlCacheBehavior [ RunTime:0.000000s ]
INFO: [ view_filter ] --END-- [ RunTime:0.000000s ]
INFO: [ app_end ] --START--
INFO: Run Behavior\ShowPageTraceBehavior [ RunTime:0.001001s ]
INFO: [ app_end ] --END-- [ RunTime:0.001001s ]

[ 2019-03-29T21:40:56+08:00 ] ::1 /bysj/index.php/Admin/Index/shenhe.html
INFO: [ app_init ] --START--
INFO: Run Behavior\BuildLiteBehavior [ RunTime:0.000000s ]
INFO: [ app_init ] --END-- [ RunTime:0.001001s ]
INFO: [ app_begin ] --START--
INFO: Run Behavior\ReadHtmlCacheBehavior [ RunTime:0.000000s ]
INFO: [ app_begin ] --END-- [ RunTime:0.000000s ]
SQL: SHOW COLUMNS FROM `user` [ RunTime:0.0040s ]
SQL: SELECT * FROM `user` WHERE `date` LIKE '%%' AND `real_account` LIKE '%周奕%'  [ RunTime:0.0010s ]
NOTIC: [8] Undefined index: pass H:\phpStudy\WWW\bysj\Application\Admin\Controller\IndexController.class.php 第 74 行.
INFO: [ view_parse ] --START--
INFO: [ template_filter ] --START--
INFO: Run Behavior\ContentReplaceBehavior [ RunTime:0.000000s ]
INFO: [ template_filter ] --END-- [ RunTime:0.000000s ]
NOTIC: [2] Illegal string offset 'account' H:\phpStudy\WWW\bysj\Runtime\Cache\Admin\e17b5730c9867d0dd9d3bf627a20efb7.php 第 561 行.
NOTIC: [2] Illegal string offset 'real_account' H:\phpStudy\WWW\bysj\Runtime\Cache\Admin\e17b5730c9867d0dd9d3bf627a20efb7.php 第 562 行.
NOTIC: [2] Illegal string offset 'account' H:\phpStudy\WWW\bysj\Runtime\Cache\Admin\e17b5730c9867d0dd9d3bf627a20efb7.php 第 565 行.
NOTIC: [2] Illegal string offset 'pass' H:\phpStudy\WWW\bysj\Runtime\Cache\Admin\e17b5730c9867d0dd9d3bf627a20efb7.php 第 569 行.
NOTIC: [2] Illegal string offset 'pass' H:\phpStudy\WWW\bysj\Runtime\Cache\Admin\e17b5730c9867d0dd9d3bf627a20efb7.php 第 569 行.
NOTIC: [2] Illegal string offset 'reason' H:\phpStudy\WWW\bysj\Runtime\Cache\Admin\e17b5730c9867d0dd9d3bf627a20efb7.php 第 570 行.
NOTIC: [2] Illegal string offset 'account' H:\phpStudy\WWW\bysj\Runtime\Cache\Admin\e17b5730c9867d0dd9d3bf627a20efb7.php 第 572 行.
INFO: Run Behavior\ParseTemplateBehavior [ RunTime:0.011001s ]
INFO: [ view_parse ] --END-- [ RunTime:0.011001s ]
INFO: [ view_filter ] --START--
INFO: Run Behavior\WriteHtmlCacheBehavior [ RunTime:0.000000s ]
INFO: [ view_filter ] --END-- [ RunTime:0.000000s ]
INFO: [ app_end ] --START--
INFO: Run Behavior\ShowPageTraceBehavior [ RunTime:0.000000s ]
INFO: [ app_end ] --END-- [ RunTime:0.000000s ]

[ 2019-03-29T21:41:02+08:00 ] ::1 /bysj/index.php/Admin/Index/checkuser.html
INFO: [ app_init ] --START--
INFO: Run Behavior\BuildLiteBehavior [ RunTime:0.000000s ]
INFO: [ app_init ] --END-- [ RunTime:0.001000s ]
INFO: [ app_begin ] --START--
INFO: Run Behavior\ReadHtmlCacheBehavior [ RunTime:0.001000s ]
INFO: [ app_begin ] --END-- [ RunTime:0.001000s ]
SQL: SHOW COLUMNS FROM `user` [ RunTime:0.0030s ]
SQL: SELECT MAX(id) AS tp_max FROM `user` WHERE `account` = 'zhouyi1' LIMIT 1   [ RunTime:0.0010s ]
SQL: SELECT * FROM `user` WHERE `id` = 813  [ RunTime:0.0000s ]
INFO: [ view_parse ] --START--
INFO: [ template_filter ] --START--
INFO: Run Behavior\ContentReplaceBehavior [ RunTime:0.000000s ]
INFO: [ template_filter ] --END-- [ RunTime:0.000000s ]
INFO: Run Behavior\ParseTemplateBehavior [ RunTime:0.065004s ]
INFO: [ view_parse ] --END-- [ RunTime:0.065004s ]
INFO: [ view_filter ] --START--
INFO: Run Behavior\WriteHtmlCacheBehavior [ RunTime:0.000000s ]
INFO: [ view_filter ] --END-- [ RunTime:0.000000s ]
INFO: [ app_end ] --START--
INFO: Run Behavior\ShowPageTraceBehavior [ RunTime:0.001000s ]
INFO: [ app_end ] --END-- [ RunTime:0.001000s ]

[ 2019-03-29T21:41:05+08:00 ] ::1 /bysj/index.php/Admin/Index/tijiao.html
INFO: [ app_init ] --START--
INFO: Run Behavior\BuildLiteBehavior [ RunTime:0.000000s ]
INFO: [ app_init ] --END-- [ RunTime:0.000000s ]
INFO: [ app_begin ] --START--
INFO: Run Behavior\ReadHtmlCacheBehavior [ RunTime:0.001000s ]
INFO: [ app_begin ] --END-- [ RunTime:0.001000s ]
SQL: SHOW COLUMNS FROM `user` [ RunTime:0.0060s ]
SQL: SELECT MAX(id) AS tp_max FROM `user` WHERE `account` = 'zhouyi1' LIMIT 1   [ RunTime:0.0020s ]
SQL: UPDATE `user` SET `pass`='1' WHERE `id` = 813 AND `account` = 'zhouyi1' [ RunTime:0.0010s ]
INFO: [ view_parse ] --START--
INFO: [ template_filter ] --START--
INFO: Run Behavior\ContentReplaceBehavior [ RunTime:0.000000s ]
INFO: [ template_filter ] --END-- [ RunTime:0.000000s ]
INFO: Run Behavior\ParseTemplateBehavior [ RunTime:0.007001s ]
INFO: [ view_parse ] --END-- [ RunTime:0.007001s ]
INFO: [ view_filter ] --START--
INFO: Run Behavior\WriteHtmlCacheBehavior [ RunTime:0.000000s ]
INFO: [ view_filter ] --END-- [ RunTime:0.000000s ]
INFO: [ app_end ] --START--
INFO: Run Behavior\ShowPageTraceBehavior [ RunTime:0.001000s ]
INFO: [ app_end ] --END-- [ RunTime:0.001000s ]

[ 2019-03-29T21:41:06+08:00 ] ::1 /bysj/index.php/Admin/Index/shenhe.html
INFO: [ app_init ] --START--
INFO: Run Behavior\BuildLiteBehavior [ RunTime:0.000000s ]
INFO: [ app_init ] --END-- [ RunTime:0.001000s ]
INFO: [ app_begin ] --START--
INFO: Run Behavior\ReadHtmlCacheBehavior [ RunTime:0.000000s ]
INFO: [ app_begin ] --END-- [ RunTime:0.001001s ]
SQL: SHOW COLUMNS FROM `user` [ RunTime:0.0040s ]
SQL: SELECT * FROM `user` WHERE `date` LIKE '%%' AND `real_account` LIKE '%%'  [ RunTime:0.0070s ]
NOTIC: [8] Undefined index: pass H:\phpStudy\WWW\bysj\Application\Admin\Controller\IndexController.class.php 第 74 行.
INFO: [ view_parse ] --START--
INFO: [ template_filter ] --START--
INFO: Run Behavior\ContentReplaceBehavior [ RunTime:0.000000s ]
INFO: [ template_filter ] --END-- [ RunTime:0.000000s ]
NOTIC: [2] Illegal string offset 'account' H:\phpStudy\WWW\bysj\Runtime\Cache\Admin\e17b5730c9867d0dd9d3bf627a20efb7.php 第 561 行.
NOTIC: [2] Illegal string offset 'real_account' H:\phpStudy\WWW\bysj\Runtime\Cache\Admin\e17b5730c9867d0dd9d3bf627a20efb7.php 第 562 行.
NOTIC: [2] Illegal string offset 'account' H:\phpStudy\WWW\bysj\Runtime\Cache\Admin\e17b5730c9867d0dd9d3bf627a20efb7.php 第 565 行.
NOTIC: [2] Illegal string offset 'pass' H:\phpStudy\WWW\bysj\Runtime\Cache\Admin\e17b5730c9867d0dd9d3bf627a20efb7.php 第 569 行.
NOTIC: [2] Illegal string offset 'pass' H:\phpStudy\WWW\bysj\Runtime\Cache\Admin\e17b5730c9867d0dd9d3bf627a20efb7.php 第 569 行.
NOTIC: [2] Illegal string offset 'reason' H:\phpStudy\WWW\bysj\Runtime\Cache\Admin\e17b5730c9867d0dd9d3bf627a20efb7.php 第 570 行.
NOTIC: [2] Illegal string offset 'account' H:\phpStudy\WWW\bysj\Runtime\Cache\Admin\e17b5730c9867d0dd9d3bf627a20efb7.php 第 572 行.
INFO: Run Behavior\ParseTemplateBehavior [ RunTime:0.053003s ]
INFO: [ view_parse ] --END-- [ RunTime:0.053003s ]
INFO: [ view_filter ] --START--
INFO: Run Behavior\WriteHtmlCacheBehavior [ RunTime:0.000000s ]
INFO: [ view_filter ] --END-- [ RunTime:0.000000s ]
INFO: [ app_end ] --START--
INFO: Run Behavior\ShowPageTraceBehavior [ RunTime:0.000000s ]
INFO: [ app_end ] --END-- [ RunTime:0.000000s ]

[ 2019-03-29T21:52:11+08:00 ] ::1 /bysj/index.php/Admin/Exammanage/chengji.html
INFO: [ app_init ] --START--
INFO: Run Behavior\BuildLiteBehavior [ RunTime:0.000000s ]
INFO: [ app_init ] --END-- [ RunTime:0.000000s ]
INFO: [ app_begin ] --START--
INFO: Run Behavior\ReadHtmlCacheBehavior [ RunTime:0.001000s ]
INFO: [ app_begin ] --END-- [ RunTime:0.001000s ]
INFO: [ view_parse ] --START--
INFO: [ template_filter ] --START--
INFO: Run Behavior\ContentReplaceBehavior [ RunTime:0.001000s ]
INFO: [ template_filter ] --END-- [ RunTime:0.001000s ]
INFO: Run Behavior\ParseTemplateBehavior [ RunTime:0.063004s ]
INFO: [ view_parse ] --END-- [ RunTime:0.063004s ]
INFO: [ view_filter ] --START--
INFO: Run Behavior\WriteHtmlCacheBehavior [ RunTime:0.001000s ]
INFO: [ view_filter ] --END-- [ RunTime:0.001000s ]
INFO: [ app_end ] --START--
INFO: Run Behavior\ShowPageTraceBehavior [ RunTime:0.001000s ]
INFO: [ app_end ] --END-- [ RunTime:0.001000s ]

[ 2019-03-29T21:54:25+08:00 ] ::1 /bysj/index.php/Admin/Exammanage/kaoshilist.html
INFO: [ app_init ] --START--
INFO: Run Behavior\BuildLiteBehavior [ RunTime:0.000000s ]
INFO: [ app_init ] --END-- [ RunTime:0.001000s ]
INFO: [ app_begin ] --START--
INFO: Run Behavior\ReadHtmlCacheBehavior [ RunTime:0.001001s ]
INFO: [ app_begin ] --END-- [ RunTime:0.001001s ]
SQL: SHOW COLUMNS FROM `exam` [ RunTime:0.0040s ]
SQL: SELECT * FROM `exam`  [ RunTime:0.0000s ]
INFO: [ view_parse ] --START--
INFO: [ template_filter ] --START--
INFO: Run Behavior\ContentReplaceBehavior [ RunTime:0.000000s ]
INFO: [ template_filter ] --END-- [ RunTime:0.001000s ]
INFO: Run Behavior\ParseTemplateBehavior [ RunTime:2.364135s ]
INFO: [ view_parse ] --END-- [ RunTime:2.364135s ]
INFO: [ view_filter ] --START--
INFO: Run Behavior\WriteHtmlCacheBehavior [ RunTime:0.001000s ]
INFO: [ view_filter ] --END-- [ RunTime:0.001000s ]
INFO: [ app_end ] --START--
INFO: Run Behavior\ShowPageTraceBehavior [ RunTime:0.001000s ]
INFO: [ app_end ] --END-- [ RunTime:0.001000s ]

[ 2019-03-29T21:54:25+08:00 ] ::1 /bysj/index.php/Admin/Examseat/anpaiks.html
INFO: [ app_init ] --START--
INFO: Run Behavior\BuildLiteBehavior [ RunTime:0.000000s ]
INFO: [ app_init ] --END-- [ RunTime:0.001000s ]
INFO: [ app_begin ] --START--
INFO: Run Behavior\ReadHtmlCacheBehavior [ RunTime:0.001000s ]
INFO: [ app_begin ] --END-- [ RunTime:0.001000s ]
INFO: [ view_parse ] --START--
INFO: [ template_filter ] --START--
INFO: Run Behavior\ContentReplaceBehavior [ RunTime:0.001000s ]
INFO: [ template_filter ] --END-- [ RunTime:0.001000s ]
INFO: Run Behavior\ParseTemplateBehavior [ RunTime:0.018001s ]
INFO: [ view_parse ] --END-- [ RunTime:0.018001s ]
INFO: [ view_filter ] --START--
INFO: Run Behavior\WriteHtmlCacheBehavior [ RunTime:0.001000s ]
INFO: [ view_filter ] --END-- [ RunTime:0.001000s ]
INFO: [ app_end ] --START--
INFO: Run Behavior\ShowPageTraceBehavior [ RunTime:0.001000s ]
INFO: [ app_end ] --END-- [ RunTime:0.001000s ]

[ 2019-03-29T21:55:01+08:00 ] ::1 /bysj/index.php/Admin/Exammanage/chaxunchengji.html
INFO: [ app_init ] --START--
INFO: Run Behavior\BuildLiteBehavior [ RunTime:0.000000s ]
INFO: [ app_init ] --END-- [ RunTime:0.001000s ]
INFO: [ app_begin ] --START--
INFO: Run Behavior\ReadHtmlCacheBehavior [ RunTime:0.001001s ]
INFO: [ app_begin ] --END-- [ RunTime:0.001001s ]
INFO: [ view_parse ] --START--
INFO: [ template_filter ] --START--
INFO: Run Behavior\ContentReplaceBehavior [ RunTime:0.001000s ]
INFO: [ template_filter ] --END-- [ RunTime:0.001000s ]
NOTIC: [8] Use of undefined constant Exammanage - assumed 'Exammanage' H:\phpStudy\WWW\bysj\Runtime\Cache\Admin\c6a36792e5cc35af69bcf0a92b21d121.php 第 469 行.
NOTIC: [8] Use of undefined constant chaxunchengji - assumed 'chaxunchengji' H:\phpStudy\WWW\bysj\Runtime\Cache\Admin\c6a36792e5cc35af69bcf0a92b21d121.php 第 469 行.
NOTIC: [2] Division by zero H:\phpStudy\WWW\bysj\Runtime\Cache\Admin\c6a36792e5cc35af69bcf0a92b21d121.php 第 469 行.
NOTIC: [8] Undefined variable: year H:\phpStudy\WWW\bysj\Runtime\Cache\Admin\c6a36792e5cc35af69bcf0a92b21d121.php 第 473 行.
NOTIC: [8] Undefined variable: month H:\phpStudy\WWW\bysj\Runtime\Cache\Admin\c6a36792e5cc35af69bcf0a92b21d121.php 第 476 行.
NOTIC: [8] Undefined variable: userInfo H:\phpStudy\WWW\bysj\Runtime\Cache\Admin\c6a36792e5cc35af69bcf0a92b21d121.php 第 490 行.
INFO: Run Behavior\ParseTemplateBehavior [ RunTime:0.076004s ]
INFO: [ view_parse ] --END-- [ RunTime:0.076004s ]
INFO: [ view_filter ] --START--
INFO: Run Behavior\WriteHtmlCacheBehavior [ RunTime:0.001000s ]
INFO: [ view_filter ] --END-- [ RunTime:0.001000s ]
INFO: [ app_end ] --START--
INFO: Run Behavior\ShowPageTraceBehavior [ RunTime:0.002000s ]
INFO: [ app_end ] --END-- [ RunTime:0.002000s ]

[ 2019-03-29T21:55:05+08:00 ] ::1 /bysj/index.php/Admin/Index/checkhegezheng.html
INFO: [ app_init ] --START--
INFO: Run Behavior\BuildLiteBehavior [ RunTime:0.000000s ]
INFO: [ app_init ] --END-- [ RunTime:0.000000s ]
INFO: [ app_begin ] --START--
INFO: Run Behavior\ReadHtmlCacheBehavior [ RunTime:0.000000s ]
INFO: [ app_begin ] --END-- [ RunTime:0.000000s ]
INFO: [ view_parse ] --START--
INFO: [ template_filter ] --START--
INFO: Run Behavior\ContentReplaceBehavior [ RunTime:0.001000s ]
INFO: [ template_filter ] --END-- [ RunTime:0.001000s ]
NOTIC: [8] Undefined variable: year H:\phpStudy\WWW\bysj\Runtime\Cache\Admin\8b9463748e1c866d61b74d77a1cdac93.php 第 536 行.
NOTIC: [8] Undefined variable: month H:\phpStudy\WWW\bysj\Runtime\Cache\Admin\8b9463748e1c866d61b74d77a1cdac93.php 第 539 行.
NOTIC: [8] Undefined variable: hegezheng H:\phpStudy\WWW\bysj\Runtime\Cache\Admin\8b9463748e1c866d61b74d77a1cdac93.php 第 555 行.
INFO: Run Behavior\ParseTemplateBehavior [ RunTime:0.060004s ]
INFO: [ view_parse ] --END-- [ RunTime:0.060004s ]
INFO: [ view_filter ] --START--
INFO: Run Behavior\WriteHtmlCacheBehavior [ RunTime:0.000000s ]
INFO: [ view_filter ] --END-- [ RunTime:0.001000s ]
INFO: [ app_end ] --START--
INFO: Run Behavior\ShowPageTraceBehavior [ RunTime:0.001000s ]
INFO: [ app_end ] --END-- [ RunTime:0.001000s ]

[ 2019-03-29T21:56:44+08:00 ] ::1 /bysj/index.php/Admin/Index/resetpwd.html
INFO: [ app_init ] --START--
INFO: Run Behavior\BuildLiteBehavior [ RunTime:0.001000s ]
INFO: [ app_init ] --END-- [ RunTime:0.001000s ]
INFO: [ app_begin ] --START--
INFO: Run Behavior\ReadHtmlCacheBehavior [ RunTime:0.001000s ]
INFO: [ app_begin ] --END-- [ RunTime:0.001000s ]
INFO: [ view_parse ] --START--
INFO: [ template_filter ] --START--
INFO: Run Behavior\ContentReplaceBehavior [ RunTime:0.001000s ]
INFO: [ template_filter ] --END-- [ RunTime:0.001000s ]
INFO: Run Behavior\ParseTemplateBehavior [ RunTime:0.063003s ]
INFO: [ view_parse ] --END-- [ RunTime:0.063003s ]
INFO: [ view_filter ] --START--
INFO: Run Behavior\WriteHtmlCacheBehavior [ RunTime:0.001000s ]
INFO: [ view_filter ] --END-- [ RunTime:0.001000s ]
INFO: [ app_end ] --START--
INFO: Run Behavior\ShowPageTraceBehavior [ RunTime:0.001001s ]
INFO: [ app_end ] --END-- [ RunTime:0.001001s ]

[ 2019-03-29T21:56:45+08:00 ] ::1 /bysj/index.php/Admin/Index/infolist.html
INFO: [ app_init ] --START--
INFO: Run Behavior\BuildLiteBehavior [ RunTime:0.000000s ]
INFO: [ app_init ] --END-- [ RunTime:0.000000s ]
INFO: [ app_begin ] --START--
INFO: Run Behavior\ReadHtmlCacheBehavior [ RunTime:0.000000s ]
INFO: [ app_begin ] --END-- [ RunTime:0.000000s ]
SQL: SHOW COLUMNS FROM `zhuyi` [ RunTime:0.0050s ]
SQL: SELECT MAX(id) AS tp_max FROM `zhuyi` LIMIT 1   [ RunTime:0.0010s ]
SQL: SELECT * FROM `zhuyi` WHERE `id` = 25  [ RunTime:0.0000s ]
SQL: SELECT * FROM `zhuyi` WHERE `id` = 24  [ RunTime:0.0000s ]
SQL: SELECT * FROM `zhuyi` WHERE `id` = 23  [ RunTime:0.0000s ]
SQL: SELECT * FROM `zhuyi` WHERE `id` = 22  [ RunTime:0.0000s ]
SQL: SELECT * FROM `zhuyi` WHERE `id` = 21  [ RunTime:0.0000s ]
SQL: SELECT * FROM `zhuyi` WHERE `id` = 20  [ RunTime:0.0010s ]
INFO: [ view_parse ] --START--
INFO: [ template_filter ] --START--
INFO: Run Behavior\ContentReplaceBehavior [ RunTime:0.000000s ]
INFO: [ template_filter ] --END-- [ RunTime:0.000000s ]
INFO: Run Behavior\ParseTemplateBehavior [ RunTime:0.068004s ]
INFO: [ view_parse ] --END-- [ RunTime:0.068004s ]
INFO: [ view_filter ] --START--
INFO: Run Behavior\WriteHtmlCacheBehavior [ RunTime:0.000000s ]
INFO: [ view_filter ] --END-- [ RunTime:0.000000s ]
INFO: [ app_end ] --START--
INFO: Run Behavior\ShowPageTraceBehavior [ RunTime:0.001000s ]
INFO: [ app_end ] --END-- [ RunTime:0.001000s ]

[ 2019-03-29T21:56:48+08:00 ] ::1 /bysj/index.php/Admin/Index/sendinfo.html
INFO: [ app_init ] --START--
INFO: Run Behavior\BuildLiteBehavior [ RunTime:0.001000s ]
INFO: [ app_init ] --END-- [ RunTime:0.001000s ]
INFO: [ app_begin ] --START--
INFO: Run Behavior\ReadHtmlCacheBehavior [ RunTime:0.000000s ]
INFO: [ app_begin ] --END-- [ RunTime:0.000000s ]
SQL: SHOW COLUMNS FROM `zhuyi` [ RunTime:0.0030s ]
SQL: SELECT MAX(id) AS tp_max FROM `zhuyi` LIMIT 1   [ RunTime:0.0000s ]
SQL: SELECT * FROM `zhuyi` WHERE `id` = 25  [ RunTime:0.0000s ]
SQL: SELECT * FROM `zhuyi` WHERE `id` = 24  [ RunTime:0.0000s ]
SQL: SELECT * FROM `zhuyi` WHERE `id` = 23  [ RunTime:0.0000s ]
SQL: SELECT * FROM `zhuyi` WHERE `id` = 22  [ RunTime:0.0000s ]
SQL: SELECT * FROM `zhuyi` WHERE `id` = 21  [ RunTime:0.0000s ]
SQL: SELECT * FROM `zhuyi` WHERE `id` = 20  [ RunTime:0.0000s ]
INFO: [ view_parse ] --START--
INFO: [ template_filter ] --START--
INFO: Run Behavior\ContentReplaceBehavior [ RunTime:0.000000s ]
INFO: [ template_filter ] --END-- [ RunTime:0.000000s ]
INFO: Run Behavior\ParseTemplateBehavior [ RunTime:0.060004s ]
INFO: [ view_parse ] --END-- [ RunTime:0.060004s ]
INFO: [ view_filter ] --START--
INFO: Run Behavior\WriteHtmlCacheBehavior [ RunTime:0.001000s ]
INFO: [ view_filter ] --END-- [ RunTime:0.001000s ]
INFO: [ app_end ] --START--
INFO: Run Behavior\ShowPageTraceBehavior [ RunTime:0.002000s ]
INFO: [ app_end ] --END-- [ RunTime:0.002000s ]

[ 2019-03-29T21:56:49+08:00 ] ::1 /bysj/index.php/Admin/Index/infolist.html
INFO: [ app_init ] --START--
INFO: Run Behavior\BuildLiteBehavior [ RunTime:0.000000s ]
INFO: [ app_init ] --END-- [ RunTime:0.001000s ]
INFO: [ app_begin ] --START--
INFO: Run Behavior\ReadHtmlCacheBehavior [ RunTime:0.000000s ]
INFO: [ app_begin ] --END-- [ RunTime:0.001000s ]
SQL: SHOW COLUMNS FROM `zhuyi` [ RunTime:0.0050s ]
SQL: SELECT MAX(id) AS tp_max FROM `zhuyi` LIMIT 1   [ RunTime:0.0000s ]
SQL: SELECT * FROM `zhuyi` WHERE `id` = 25  [ RunTime:0.0000s ]
SQL: SELECT * FROM `zhuyi` WHERE `id` = 24  [ RunTime:0.0010s ]
SQL: SELECT * FROM `zhuyi` WHERE `id` = 23  [ RunTime:0.0000s ]
SQL: SELECT * FROM `zhuyi` WHERE `id` = 22  [ RunTime:0.0000s ]
SQL: SELECT * FROM `zhuyi` WHERE `id` = 21  [ RunTime:0.0000s ]
SQL: SELECT * FROM `zhuyi` WHERE `id` = 20  [ RunTime:0.0000s ]
INFO: [ view_parse ] --START--
INFO: [ template_filter ] --START--
INFO: Run Behavior\ContentReplaceBehavior [ RunTime:0.000000s ]
INFO: [ template_filter ] --END-- [ RunTime:0.000000s ]
INFO: Run Behavior\ParseTemplateBehavior [ RunTime:0.014001s ]
INFO: [ view_parse ] --END-- [ RunTime:0.014001s ]
INFO: [ view_filter ] --START--
INFO: Run Behavior\WriteHtmlCacheBehavior [ RunTime:0.001000s ]
INFO: [ view_filter ] --END-- [ RunTime:0.001000s ]
INFO: [ app_end ] --START--
INFO: Run Behavior\ShowPageTraceBehavior [ RunTime:0.000000s ]
INFO: [ app_end ] --END-- [ RunTime:0.001000s ]

[ 2019-03-29T21:56:51+08:00 ] ::1 /bysj/index.php/Admin/Exammanage/kaoshilist.html
INFO: [ app_init ] --START--
INFO: Run Behavior\BuildLiteBehavior [ RunTime:0.000000s ]
INFO: [ app_init ] --END-- [ RunTime:0.001000s ]
INFO: [ app_begin ] --START--
INFO: Run Behavior\ReadHtmlCacheBehavior [ RunTime:0.001000s ]
INFO: [ app_begin ] --END-- [ RunTime:0.001000s ]
SQL: SHOW COLUMNS FROM `exam` [ RunTime:0.0060s ]
SQL: SELECT * FROM `exam`  [ RunTime:0.0000s ]
INFO: [ view_parse ] --START--
INFO: [ template_filter ] --START--
INFO: Run Behavior\ContentReplaceBehavior [ RunTime:0.000000s ]
INFO: [ template_filter ] --END-- [ RunTime:0.000000s ]
INFO: Run Behavior\ParseTemplateBehavior [ RunTime:0.016001s ]
INFO: [ view_parse ] --END-- [ RunTime:0.016001s ]
INFO: [ view_filter ] --START--
INFO: Run Behavior\WriteHtmlCacheBehavior [ RunTime:0.001000s ]
INFO: [ view_filter ] --END-- [ RunTime:0.001000s ]
INFO: [ app_end ] --START--
INFO: Run Behavior\ShowPageTraceBehavior [ RunTime:0.001000s ]
INFO: [ app_end ] --END-- [ RunTime:0.001000s ]

