[ 2019-03-20T22:31:32+08:00 ] ::1 /bysj/index.php/admin/load/load.html
INFO: [ app_init ] --START--
INFO: Run Behavior\BuildLiteBehavior [ RunTime:0.000000s ]
INFO: [ app_init ] --END-- [ RunTime:0.001000s ]
INFO: [ app_begin ] --START--
INFO: Run Behavior\ReadHtmlCacheBehavior [ RunTime:0.001000s ]
INFO: [ app_begin ] --END-- [ RunTime:0.002000s ]
INFO: [ view_parse ] --START--
INFO: [ template_filter ] --START--
INFO: Run Behavior\ContentReplaceBehavior [ RunTime:0.000000s ]
INFO: [ template_filter ] --END-- [ RunTime:0.001000s ]
INFO: Run Behavior\ParseTemplateBehavior [ RunTime:0.048003s ]
INFO: [ view_parse ] --END-- [ RunTime:0.048003s ]
INFO: [ view_filter ] --START--
INFO: Run Behavior\WriteHtmlCacheBehavior [ RunTime:0.009000s ]
INFO: [ view_filter ] --END-- [ RunTime:0.010000s ]
INFO: [ app_end ] --START--
INFO: Run Behavior\ShowPageTraceBehavior [ RunTime:0.033002s ]
INFO: [ app_end ] --END-- [ RunTime:0.033002s ]

[ 2019-03-20T22:31:41+08:00 ] ::1 /bysj/index.php/Admin/Load/load.html
INFO: [ app_init ] --START--
INFO: Run Behavior\BuildLiteBehavior [ RunTime:0.000000s ]
INFO: [ app_init ] --END-- [ RunTime:0.001000s ]
INFO: [ app_begin ] --START--
INFO: Run Behavior\ReadHtmlCacheBehavior [ RunTime:0.001000s ]
INFO: [ app_begin ] --END-- [ RunTime:0.001000s ]
SQL: SHOW COLUMNS FROM `admin` [ RunTime:0.0290s ]
SQL: SELECT * FROM `admin` WHERE `username` = 'admin' AND `password` = 'fa9711f7d4b4eba919745f6e27127575' LIMIT 1   [ RunTime:0.0000s ]
INFO: [ view_parse ] --START--
INFO: [ template_filter ] --START--
INFO: Run Behavior\ContentReplaceBehavior [ RunTime:0.000000s ]
INFO: [ template_filter ] --END-- [ RunTime:0.000000s ]
INFO: Run Behavior\ParseTemplateBehavior [ RunTime:0.010001s ]
INFO: [ view_parse ] --END-- [ RunTime:0.010001s ]
INFO: [ view_filter ] --START--
INFO: Run Behavior\WriteHtmlCacheBehavior [ RunTime:0.001000s ]
INFO: [ view_filter ] --END-- [ RunTime:0.001000s ]
INFO: [ app_end ] --START--
INFO: Run Behavior\ShowPageTraceBehavior [ RunTime:0.000000s ]
INFO: [ app_end ] --END-- [ RunTime:0.000000s ]

[ 2019-03-20T22:31:42+08:00 ] ::1 /bysj/index.php/Admin/Index/shenhe.html
INFO: [ app_init ] --START--
INFO: Run Behavior\BuildLiteBehavior [ RunTime:0.000000s ]
INFO: [ app_init ] --END-- [ RunTime:0.000000s ]
INFO: [ app_begin ] --START--
INFO: Run Behavior\ReadHtmlCacheBehavior [ RunTime:0.001000s ]
INFO: [ app_begin ] --END-- [ RunTime:0.001000s ]
SQL: SHOW COLUMNS FROM `user` [ RunTime:0.0260s ]
SQL: SELECT * FROM `user` WHERE `date` LIKE '%%' AND `real_account` LIKE '%%'  [ RunTime:0.0230s ]
NOTIC: [8] Undefined index: pass H:\phpStudy\WWW\bysj\Application\Admin\Controller\IndexController.class.php 第 74 行.
INFO: [ view_parse ] --START--
INFO: [ template_filter ] --START--
INFO: Run Behavior\ContentReplaceBehavior [ RunTime:0.000000s ]
INFO: [ template_filter ] --END-- [ RunTime:0.000000s ]
NOTIC: [2] Illegal string offset 'account' H:\phpStudy\WWW\bysj\Runtime\Cache\Admin\e17b5730c9867d0dd9d3bf627a20efb7.php 第 561 行.
NOTIC: [2] Illegal string offset 'real_account' H:\phpStudy\WWW\bysj\Runtime\Cache\Admin\e17b5730c9867d0dd9d3bf627a20efb7.php 第 562 行.
NOTIC: [2] Illegal string offset 'account' H:\phpStudy\WWW\bysj\Runtime\Cache\Admin\e17b5730c9867d0dd9d3bf627a20efb7.php 第 565 行.
NOTIC: [2] Illegal string offset 'pass' H:\phpStudy\WWW\bysj\Runtime\Cache\Admin\e17b5730c9867d0dd9d3bf627a20efb7.php 第 569 行.
NOTIC: [2] Illegal string offset 'pass' H:\phpStudy\WWW\bysj\Runtime\Cache\Admin\e17b5730c9867d0dd9d3bf627a20efb7.php 第 569 行.
NOTIC: [2] Illegal string offset 'reason' H:\phpStudy\WWW\bysj\Runtime\Cache\Admin\e17b5730c9867d0dd9d3bf627a20efb7.php 第 570 行.
NOTIC: [2] Illegal string offset 'account' H:\phpStudy\WWW\bysj\Runtime\Cache\Admin\e17b5730c9867d0dd9d3bf627a20efb7.php 第 572 行.
INFO: Run Behavior\ParseTemplateBehavior [ RunTime:0.149008s ]
INFO: [ view_parse ] --END-- [ RunTime:0.149008s ]
INFO: [ view_filter ] --START--
INFO: Run Behavior\WriteHtmlCacheBehavior [ RunTime:0.001000s ]
INFO: [ view_filter ] --END-- [ RunTime:0.001000s ]
INFO: [ app_end ] --START--
INFO: Run Behavior\ShowPageTraceBehavior [ RunTime:0.001000s ]
INFO: [ app_end ] --END-- [ RunTime:0.001000s ]

[ 2019-03-20T22:39:52+08:00 ] ::1 /bysj/index.php/Admin/Exammanage/kaoshilist.html
INFO: [ app_init ] --START--
INFO: Run Behavior\BuildLiteBehavior [ RunTime:0.000000s ]
INFO: [ app_init ] --END-- [ RunTime:0.001001s ]
INFO: [ app_begin ] --START--
INFO: Run Behavior\ReadHtmlCacheBehavior [ RunTime:0.000000s ]
INFO: [ app_begin ] --END-- [ RunTime:0.000000s ]
SQL: SHOW COLUMNS FROM `exam` [ RunTime:0.0300s ]
SQL: SELECT * FROM `exam`  [ RunTime:0.0120s ]
INFO: [ view_parse ] --START--
INFO: [ template_filter ] --START--
INFO: Run Behavior\ContentReplaceBehavior [ RunTime:0.001000s ]
INFO: [ template_filter ] --END-- [ RunTime:0.001000s ]
INFO: Run Behavior\ParseTemplateBehavior [ RunTime:0.033002s ]
INFO: [ view_parse ] --END-- [ RunTime:0.033002s ]
INFO: [ view_filter ] --START--
INFO: Run Behavior\WriteHtmlCacheBehavior [ RunTime:0.000000s ]
INFO: [ view_filter ] --END-- [ RunTime:0.000000s ]
INFO: [ app_end ] --START--
INFO: Run Behavior\ShowPageTraceBehavior [ RunTime:0.001000s ]
INFO: [ app_end ] --END-- [ RunTime:0.001000s ]

[ 2019-03-20T22:39:54+08:00 ] ::1 /bysj/index.php/Admin/Examseat/anpaiks.html
INFO: [ app_init ] --START--
INFO: Run Behavior\BuildLiteBehavior [ RunTime:0.000000s ]
INFO: [ app_init ] --END-- [ RunTime:0.001000s ]
INFO: [ app_begin ] --START--
INFO: Run Behavior\ReadHtmlCacheBehavior [ RunTime:0.001000s ]
INFO: [ app_begin ] --END-- [ RunTime:0.001000s ]
INFO: [ view_parse ] --START--
INFO: [ template_filter ] --START--
INFO: Run Behavior\ContentReplaceBehavior [ RunTime:0.000000s ]
INFO: [ template_filter ] --END-- [ RunTime:0.000000s ]
INFO: Run Behavior\ParseTemplateBehavior [ RunTime:0.036002s ]
INFO: [ view_parse ] --END-- [ RunTime:0.036002s ]
INFO: [ view_filter ] --START--
INFO: Run Behavior\WriteHtmlCacheBehavior [ RunTime:0.000000s ]
INFO: [ view_filter ] --END-- [ RunTime:0.000000s ]
INFO: [ app_end ] --START--
INFO: Run Behavior\ShowPageTraceBehavior [ RunTime:0.000000s ]
INFO: [ app_end ] --END-- [ RunTime:0.000000s ]

[ 2019-03-20T22:39:56+08:00 ] ::1 /bysj/index.php/Admin/Examseat/anpaizc.html
INFO: [ app_init ] --START--
INFO: Run Behavior\BuildLiteBehavior [ RunTime:0.000000s ]
INFO: [ app_init ] --END-- [ RunTime:0.000000s ]
INFO: [ app_begin ] --START--
INFO: Run Behavior\ReadHtmlCacheBehavior [ RunTime:0.001000s ]
INFO: [ app_begin ] --END-- [ RunTime:0.001000s ]
SQL: SHOW COLUMNS FROM `user` [ RunTime:0.0050s ]
SQL: SHOW COLUMNS FROM `notice` [ RunTime:0.0600s ]
SQL: SELECT MAX(id) AS tp_max FROM `notice` LIMIT 1   [ RunTime:0.0010s ]
SQL: SELECT * FROM `notice` WHERE `id` = 13  [ RunTime:0.0010s ]
NOTIC: [8] Use of undefined constant date - assumed 'date' H:\phpStudy\WWW\bysj\Application\Admin\Controller\ExamseatController.class.php 第 39 行.
SQL: SELECT COUNT(*) AS tp_count FROM `user` WHERE `date` = 201712 AND `pass` = 1 AND `flag` = 1 LIMIT 1   [ RunTime:0.0050s ]
INFO: [ view_parse ] --START--
INFO: [ template_filter ] --START--
INFO: Run Behavior\ContentReplaceBehavior [ RunTime:0.001000s ]
INFO: [ template_filter ] --END-- [ RunTime:0.001000s ]
NOTIC: [8] Use of undefined constant year - assumed 'year' H:\phpStudy\WWW\bysj\Runtime\Cache\Admin\8e722e097cd28ce00bb75e87106e62df.php 第 471 行.
NOTIC: [8] Use of undefined constant month - assumed 'month' H:\phpStudy\WWW\bysj\Runtime\Cache\Admin\8e722e097cd28ce00bb75e87106e62df.php 第 472 行.
INFO: Run Behavior\ParseTemplateBehavior [ RunTime:0.029001s ]
INFO: [ view_parse ] --END-- [ RunTime:0.029001s ]
INFO: [ view_filter ] --START--
INFO: Run Behavior\WriteHtmlCacheBehavior [ RunTime:0.000000s ]
INFO: [ view_filter ] --END-- [ RunTime:0.000000s ]
INFO: [ app_end ] --START--
INFO: Run Behavior\ShowPageTraceBehavior [ RunTime:0.001000s ]
INFO: [ app_end ] --END-- [ RunTime:0.001000s ]

[ 2019-03-20T22:40:00+08:00 ] ::1 /bysj/index.php/Admin/Exammanage/chaxunchengji.html
INFO: [ app_init ] --START--
INFO: Run Behavior\BuildLiteBehavior [ RunTime:0.000000s ]
INFO: [ app_init ] --END-- [ RunTime:0.000000s ]
INFO: [ app_begin ] --START--
INFO: Run Behavior\ReadHtmlCacheBehavior [ RunTime:0.001000s ]
INFO: [ app_begin ] --END-- [ RunTime:0.001000s ]
INFO: [ view_parse ] --START--
INFO: [ template_filter ] --START--
INFO: Run Behavior\ContentReplaceBehavior [ RunTime:0.001000s ]
INFO: [ template_filter ] --END-- [ RunTime:0.001000s ]
NOTIC: [8] Use of undefined constant Exammanage - assumed 'Exammanage' H:\phpStudy\WWW\bysj\Runtime\Cache\Admin\c6a36792e5cc35af69bcf0a92b21d121.php 第 469 行.
NOTIC: [8] Use of undefined constant chaxunchengji - assumed 'chaxunchengji' H:\phpStudy\WWW\bysj\Runtime\Cache\Admin\c6a36792e5cc35af69bcf0a92b21d121.php 第 469 行.
NOTIC: [2] Division by zero H:\phpStudy\WWW\bysj\Runtime\Cache\Admin\c6a36792e5cc35af69bcf0a92b21d121.php 第 469 行.
NOTIC: [8] Undefined variable: year H:\phpStudy\WWW\bysj\Runtime\Cache\Admin\c6a36792e5cc35af69bcf0a92b21d121.php 第 473 行.
NOTIC: [8] Undefined variable: month H:\phpStudy\WWW\bysj\Runtime\Cache\Admin\c6a36792e5cc35af69bcf0a92b21d121.php 第 476 行.
NOTIC: [8] Undefined variable: userInfo H:\phpStudy\WWW\bysj\Runtime\Cache\Admin\c6a36792e5cc35af69bcf0a92b21d121.php 第 490 行.
INFO: Run Behavior\ParseTemplateBehavior [ RunTime:0.014000s ]
INFO: [ view_parse ] --END-- [ RunTime:0.014000s ]
INFO: [ view_filter ] --START--
INFO: Run Behavior\WriteHtmlCacheBehavior [ RunTime:0.000000s ]
INFO: [ view_filter ] --END-- [ RunTime:0.000000s ]
INFO: [ app_end ] --START--
INFO: Run Behavior\ShowPageTraceBehavior [ RunTime:0.001001s ]
INFO: [ app_end ] --END-- [ RunTime:0.001001s ]

[ 2019-03-20T22:40:02+08:00 ] ::1 /bysj/index.php/Admin/Index/shenhe.html
INFO: [ app_init ] --START--
INFO: Run Behavior\BuildLiteBehavior [ RunTime:0.000000s ]
INFO: [ app_init ] --END-- [ RunTime:0.001001s ]
INFO: [ app_begin ] --START--
INFO: Run Behavior\ReadHtmlCacheBehavior [ RunTime:0.000000s ]
INFO: [ app_begin ] --END-- [ RunTime:0.001000s ]
SQL: SHOW COLUMNS FROM `user` [ RunTime:0.0040s ]
SQL: SELECT * FROM `user` WHERE `date` LIKE '%%' AND `real_account` LIKE '%%'  [ RunTime:0.0060s ]
NOTIC: [8] Undefined index: pass H:\phpStudy\WWW\bysj\Application\Admin\Controller\IndexController.class.php 第 74 行.
INFO: [ view_parse ] --START--
INFO: [ template_filter ] --START--
INFO: Run Behavior\ContentReplaceBehavior [ RunTime:0.000000s ]
INFO: [ template_filter ] --END-- [ RunTime:0.000000s ]
NOTIC: [2] Illegal string offset 'account' H:\phpStudy\WWW\bysj\Runtime\Cache\Admin\e17b5730c9867d0dd9d3bf627a20efb7.php 第 561 行.
NOTIC: [2] Illegal string offset 'real_account' H:\phpStudy\WWW\bysj\Runtime\Cache\Admin\e17b5730c9867d0dd9d3bf627a20efb7.php 第 562 行.
NOTIC: [2] Illegal string offset 'account' H:\phpStudy\WWW\bysj\Runtime\Cache\Admin\e17b5730c9867d0dd9d3bf627a20efb7.php 第 565 行.
NOTIC: [2] Illegal string offset 'pass' H:\phpStudy\WWW\bysj\Runtime\Cache\Admin\e17b5730c9867d0dd9d3bf627a20efb7.php 第 569 行.
NOTIC: [2] Illegal string offset 'pass' H:\phpStudy\WWW\bysj\Runtime\Cache\Admin\e17b5730c9867d0dd9d3bf627a20efb7.php 第 569 行.
NOTIC: [2] Illegal string offset 'reason' H:\phpStudy\WWW\bysj\Runtime\Cache\Admin\e17b5730c9867d0dd9d3bf627a20efb7.php 第 570 行.
NOTIC: [2] Illegal string offset 'account' H:\phpStudy\WWW\bysj\Runtime\Cache\Admin\e17b5730c9867d0dd9d3bf627a20efb7.php 第 572 行.
INFO: Run Behavior\ParseTemplateBehavior [ RunTime:0.047002s ]
INFO: [ view_parse ] --END-- [ RunTime:0.048002s ]
INFO: [ view_filter ] --START--
INFO: Run Behavior\WriteHtmlCacheBehavior [ RunTime:0.000000s ]
INFO: [ view_filter ] --END-- [ RunTime:0.000000s ]
INFO: [ app_end ] --START--
INFO: Run Behavior\ShowPageTraceBehavior [ RunTime:0.000000s ]
INFO: [ app_end ] --END-- [ RunTime:0.000000s ]

[ 2019-03-20T22:59:31+08:00 ] ::1 /bysj/index.php/Admin/Index/shenhe.html
INFO: [ app_init ] --START--
INFO: Run Behavior\BuildLiteBehavior [ RunTime:0.000000s ]
INFO: [ app_init ] --END-- [ RunTime:0.000000s ]
INFO: [ app_begin ] --START--
INFO: Run Behavior\ReadHtmlCacheBehavior [ RunTime:0.000000s ]
INFO: [ app_begin ] --END-- [ RunTime:0.000000s ]
SQL: SHOW COLUMNS FROM `user` [ RunTime:0.0050s ]
SQL: SELECT * FROM `user` WHERE `date` LIKE '%%' AND `real_account` LIKE '%%'  [ RunTime:0.0090s ]
NOTIC: [8] Undefined index: pass H:\phpStudy\WWW\bysj\Application\Admin\Controller\IndexController.class.php 第 74 行.
INFO: [ view_parse ] --START--
INFO: [ template_filter ] --START--
INFO: Run Behavior\ContentReplaceBehavior [ RunTime:0.001000s ]
INFO: [ template_filter ] --END-- [ RunTime:0.001000s ]
NOTIC: [2] Illegal string offset 'account' H:\phpStudy\WWW\bysj\Runtime\Cache\Admin\e17b5730c9867d0dd9d3bf627a20efb7.php 第 561 行.
NOTIC: [2] Illegal string offset 'real_account' H:\phpStudy\WWW\bysj\Runtime\Cache\Admin\e17b5730c9867d0dd9d3bf627a20efb7.php 第 562 行.
NOTIC: [2] Illegal string offset 'account' H:\phpStudy\WWW\bysj\Runtime\Cache\Admin\e17b5730c9867d0dd9d3bf627a20efb7.php 第 565 行.
NOTIC: [2] Illegal string offset 'pass' H:\phpStudy\WWW\bysj\Runtime\Cache\Admin\e17b5730c9867d0dd9d3bf627a20efb7.php 第 569 行.
NOTIC: [2] Illegal string offset 'pass' H:\phpStudy\WWW\bysj\Runtime\Cache\Admin\e17b5730c9867d0dd9d3bf627a20efb7.php 第 569 行.
NOTIC: [2] Illegal string offset 'reason' H:\phpStudy\WWW\bysj\Runtime\Cache\Admin\e17b5730c9867d0dd9d3bf627a20efb7.php 第 570 行.
NOTIC: [2] Illegal string offset 'account' H:\phpStudy\WWW\bysj\Runtime\Cache\Admin\e17b5730c9867d0dd9d3bf627a20efb7.php 第 572 行.
INFO: Run Behavior\ParseTemplateBehavior [ RunTime:0.053003s ]
INFO: [ view_parse ] --END-- [ RunTime:0.053003s ]
INFO: [ view_filter ] --START--
INFO: Run Behavior\WriteHtmlCacheBehavior [ RunTime:0.001000s ]
INFO: [ view_filter ] --END-- [ RunTime:0.001000s ]
INFO: [ app_end ] --START--
INFO: Run Behavior\ShowPageTraceBehavior [ RunTime:0.001000s ]
INFO: [ app_end ] --END-- [ RunTime:0.001000s ]

[ 2019-03-20T22:59:37+08:00 ] ::1 /bysj/index.php/Admin/Index/shenhe.html
INFO: [ app_init ] --START--
INFO: Run Behavior\BuildLiteBehavior [ RunTime:0.000000s ]
INFO: [ app_init ] --END-- [ RunTime:0.001000s ]
INFO: [ app_begin ] --START--
INFO: Run Behavior\ReadHtmlCacheBehavior [ RunTime:0.001000s ]
INFO: [ app_begin ] --END-- [ RunTime:0.001000s ]
SQL: SHOW COLUMNS FROM `user` [ RunTime:0.0050s ]
SQL: SELECT * FROM `user` WHERE `date` LIKE '%%' AND `real_account` LIKE '%%'  [ RunTime:0.0070s ]
NOTIC: [8] Undefined index: pass H:\phpStudy\WWW\bysj\Application\Admin\Controller\IndexController.class.php 第 74 行.
INFO: [ view_parse ] --START--
INFO: [ template_filter ] --START--
INFO: Run Behavior\ContentReplaceBehavior [ RunTime:0.000000s ]
INFO: [ template_filter ] --END-- [ RunTime:0.000000s ]
NOTIC: [2] Illegal string offset 'account' H:\phpStudy\WWW\bysj\Runtime\Cache\Admin\e17b5730c9867d0dd9d3bf627a20efb7.php 第 561 行.
NOTIC: [2] Illegal string offset 'real_account' H:\phpStudy\WWW\bysj\Runtime\Cache\Admin\e17b5730c9867d0dd9d3bf627a20efb7.php 第 562 行.
NOTIC: [2] Illegal string offset 'account' H:\phpStudy\WWW\bysj\Runtime\Cache\Admin\e17b5730c9867d0dd9d3bf627a20efb7.php 第 565 行.
NOTIC: [2] Illegal string offset 'pass' H:\phpStudy\WWW\bysj\Runtime\Cache\Admin\e17b5730c9867d0dd9d3bf627a20efb7.php 第 569 行.
NOTIC: [2] Illegal string offset 'pass' H:\phpStudy\WWW\bysj\Runtime\Cache\Admin\e17b5730c9867d0dd9d3bf627a20efb7.php 第 569 行.
NOTIC: [2] Illegal string offset 'reason' H:\phpStudy\WWW\bysj\Runtime\Cache\Admin\e17b5730c9867d0dd9d3bf627a20efb7.php 第 570 行.
NOTIC: [2] Illegal string offset 'account' H:\phpStudy\WWW\bysj\Runtime\Cache\Admin\e17b5730c9867d0dd9d3bf627a20efb7.php 第 572 行.
INFO: Run Behavior\ParseTemplateBehavior [ RunTime:0.049003s ]
INFO: [ view_parse ] --END-- [ RunTime:0.049003s ]
INFO: [ view_filter ] --START--
INFO: Run Behavior\WriteHtmlCacheBehavior [ RunTime:0.001000s ]
INFO: [ view_filter ] --END-- [ RunTime:0.001000s ]
INFO: [ app_end ] --START--
INFO: Run Behavior\ShowPageTraceBehavior [ RunTime:0.000000s ]
INFO: [ app_end ] --END-- [ RunTime:0.001000s ]

[ 2019-03-20T22:59:46+08:00 ] ::1 /bysj/index.php/Admin/Index/shenhe.html
INFO: [ app_init ] --START--
INFO: Run Behavior\BuildLiteBehavior [ RunTime:0.000000s ]
INFO: [ app_init ] --END-- [ RunTime:0.000000s ]
INFO: [ app_begin ] --START--
INFO: Run Behavior\ReadHtmlCacheBehavior [ RunTime:0.000000s ]
INFO: [ app_begin ] --END-- [ RunTime:0.000000s ]
SQL: SHOW COLUMNS FROM `user` [ RunTime:0.0040s ]
SQL: SELECT * FROM `user` WHERE `date` LIKE '%%' AND `real_account` LIKE '%%'  [ RunTime:0.0070s ]
NOTIC: [8] Undefined index: pass H:\phpStudy\WWW\bysj\Application\Admin\Controller\IndexController.class.php 第 74 行.
INFO: [ view_parse ] --START--
INFO: [ template_filter ] --START--
INFO: Run Behavior\ContentReplaceBehavior [ RunTime:0.000000s ]
INFO: [ template_filter ] --END-- [ RunTime:0.000000s ]
NOTIC: [2] Illegal string offset 'account' H:\phpStudy\WWW\bysj\Runtime\Cache\Admin\e17b5730c9867d0dd9d3bf627a20efb7.php 第 561 行.
NOTIC: [2] Illegal string offset 'real_account' H:\phpStudy\WWW\bysj\Runtime\Cache\Admin\e17b5730c9867d0dd9d3bf627a20efb7.php 第 562 行.
NOTIC: [2] Illegal string offset 'account' H:\phpStudy\WWW\bysj\Runtime\Cache\Admin\e17b5730c9867d0dd9d3bf627a20efb7.php 第 565 行.
NOTIC: [2] Illegal string offset 'pass' H:\phpStudy\WWW\bysj\Runtime\Cache\Admin\e17b5730c9867d0dd9d3bf627a20efb7.php 第 569 行.
NOTIC: [2] Illegal string offset 'pass' H:\phpStudy\WWW\bysj\Runtime\Cache\Admin\e17b5730c9867d0dd9d3bf627a20efb7.php 第 569 行.
NOTIC: [2] Illegal string offset 'reason' H:\phpStudy\WWW\bysj\Runtime\Cache\Admin\e17b5730c9867d0dd9d3bf627a20efb7.php 第 570 行.
NOTIC: [2] Illegal string offset 'account' H:\phpStudy\WWW\bysj\Runtime\Cache\Admin\e17b5730c9867d0dd9d3bf627a20efb7.php 第 572 行.
INFO: Run Behavior\ParseTemplateBehavior [ RunTime:0.045002s ]
INFO: [ view_parse ] --END-- [ RunTime:0.045002s ]
INFO: [ view_filter ] --START--
INFO: Run Behavior\WriteHtmlCacheBehavior [ RunTime:0.000000s ]
INFO: [ view_filter ] --END-- [ RunTime:0.000000s ]
INFO: [ app_end ] --START--
INFO: Run Behavior\ShowPageTraceBehavior [ RunTime:0.000000s ]
INFO: [ app_end ] --END-- [ RunTime:0.000000s ]

[ 2019-03-20T23:00:22+08:00 ] ::1 /bysj/index.php/Admin/Index/shenhe.html
INFO: [ app_init ] --START--
INFO: Run Behavior\BuildLiteBehavior [ RunTime:0.000000s ]
INFO: [ app_init ] --END-- [ RunTime:0.001000s ]
INFO: [ app_begin ] --START--
INFO: Run Behavior\ReadHtmlCacheBehavior [ RunTime:0.001000s ]
INFO: [ app_begin ] --END-- [ RunTime:0.001000s ]
SQL: SHOW COLUMNS FROM `user` [ RunTime:0.0070s ]
SQL: SELECT * FROM `user` WHERE `date` LIKE '%%' AND `real_account` LIKE '%%'  [ RunTime:0.0120s ]
NOTIC: [8] Undefined index: pass H:\phpStudy\WWW\bysj\Application\Admin\Controller\IndexController.class.php 第 74 行.
INFO: [ view_parse ] --START--
INFO: [ template_filter ] --START--
INFO: Run Behavior\ContentReplaceBehavior [ RunTime:0.000000s ]
INFO: [ template_filter ] --END-- [ RunTime:0.000000s ]
NOTIC: [2] Illegal string offset 'account' H:\phpStudy\WWW\bysj\Runtime\Cache\Admin\e17b5730c9867d0dd9d3bf627a20efb7.php 第 561 行.
NOTIC: [2] Illegal string offset 'real_account' H:\phpStudy\WWW\bysj\Runtime\Cache\Admin\e17b5730c9867d0dd9d3bf627a20efb7.php 第 562 行.
NOTIC: [2] Illegal string offset 'account' H:\phpStudy\WWW\bysj\Runtime\Cache\Admin\e17b5730c9867d0dd9d3bf627a20efb7.php 第 565 行.
NOTIC: [2] Illegal string offset 'pass' H:\phpStudy\WWW\bysj\Runtime\Cache\Admin\e17b5730c9867d0dd9d3bf627a20efb7.php 第 569 行.
NOTIC: [2] Illegal string offset 'pass' H:\phpStudy\WWW\bysj\Runtime\Cache\Admin\e17b5730c9867d0dd9d3bf627a20efb7.php 第 569 行.
NOTIC: [2] Illegal string offset 'reason' H:\phpStudy\WWW\bysj\Runtime\Cache\Admin\e17b5730c9867d0dd9d3bf627a20efb7.php 第 570 行.
NOTIC: [2] Illegal string offset 'account' H:\phpStudy\WWW\bysj\Runtime\Cache\Admin\e17b5730c9867d0dd9d3bf627a20efb7.php 第 572 行.
INFO: Run Behavior\ParseTemplateBehavior [ RunTime:0.097006s ]
INFO: [ view_parse ] --END-- [ RunTime:0.097006s ]
INFO: [ view_filter ] --START--
INFO: Run Behavior\WriteHtmlCacheBehavior [ RunTime:0.000000s ]
INFO: [ view_filter ] --END-- [ RunTime:0.000000s ]
INFO: [ app_end ] --START--
INFO: Run Behavior\ShowPageTraceBehavior [ RunTime:0.001000s ]
INFO: [ app_end ] --END-- [ RunTime:0.001000s ]

[ 2019-03-20T23:03:24+08:00 ] ::1 /bysj/index.php/Admin/Index/shenhe.html
INFO: [ app_init ] --START--
INFO: Run Behavior\BuildLiteBehavior [ RunTime:0.000000s ]
INFO: [ app_init ] --END-- [ RunTime:0.000000s ]
INFO: [ app_begin ] --START--
INFO: Run Behavior\ReadHtmlCacheBehavior [ RunTime:0.000000s ]
INFO: [ app_begin ] --END-- [ RunTime:0.000000s ]
SQL: SHOW COLUMNS FROM `user` [ RunTime:0.0040s ]
SQL: SELECT * FROM `user` WHERE `date` LIKE '%%' AND `real_account` LIKE '%%'  [ RunTime:0.0070s ]
NOTIC: [8] Undefined index: pass H:\phpStudy\WWW\bysj\Application\Admin\Controller\IndexController.class.php 第 74 行.
INFO: [ view_parse ] --START--
INFO: [ template_filter ] --START--
INFO: Run Behavior\ContentReplaceBehavior [ RunTime:0.000000s ]
INFO: [ template_filter ] --END-- [ RunTime:0.001000s ]
NOTIC: [2] Illegal string offset 'account' H:\phpStudy\WWW\bysj\Runtime\Cache\Admin\e17b5730c9867d0dd9d3bf627a20efb7.php 第 561 行.
NOTIC: [2] Illegal string offset 'real_account' H:\phpStudy\WWW\bysj\Runtime\Cache\Admin\e17b5730c9867d0dd9d3bf627a20efb7.php 第 562 行.
NOTIC: [2] Illegal string offset 'account' H:\phpStudy\WWW\bysj\Runtime\Cache\Admin\e17b5730c9867d0dd9d3bf627a20efb7.php 第 565 行.
NOTIC: [2] Illegal string offset 'pass' H:\phpStudy\WWW\bysj\Runtime\Cache\Admin\e17b5730c9867d0dd9d3bf627a20efb7.php 第 569 行.
NOTIC: [2] Illegal string offset 'pass' H:\phpStudy\WWW\bysj\Runtime\Cache\Admin\e17b5730c9867d0dd9d3bf627a20efb7.php 第 569 行.
NOTIC: [2] Illegal string offset 'reason' H:\phpStudy\WWW\bysj\Runtime\Cache\Admin\e17b5730c9867d0dd9d3bf627a20efb7.php 第 570 行.
NOTIC: [2] Illegal string offset 'account' H:\phpStudy\WWW\bysj\Runtime\Cache\Admin\e17b5730c9867d0dd9d3bf627a20efb7.php 第 572 行.
INFO: Run Behavior\ParseTemplateBehavior [ RunTime:0.050003s ]
INFO: [ view_parse ] --END-- [ RunTime:0.050003s ]
INFO: [ view_filter ] --START--
INFO: Run Behavior\WriteHtmlCacheBehavior [ RunTime:0.000000s ]
INFO: [ view_filter ] --END-- [ RunTime:0.000000s ]
INFO: [ app_end ] --START--
INFO: Run Behavior\ShowPageTraceBehavior [ RunTime:0.001000s ]
INFO: [ app_end ] --END-- [ RunTime:0.001000s ]

